<?xml version="1.0" encoding="utf-8"?>
<CoverageSession xmlns:xsd="http://www.w3.org/2001/XMLSchema" xmlns:xsi="http://www.w3.org/2001/XMLSchema-instance" Version="0.0.0.0">
  <Summary numSequencePoints="91" visitedSequencePoints="24" numBranchPoints="0" visitedBranchPoints="0" sequenceCoverage="26.37" branchCoverage="0.0" maxCyclomaticComplexity="0" minCyclomaticComplexity="0" maxCrapScore="0" minCrapScore="0" visitedClasses="2" numClasses="4" visitedMethods="3" numMethods="5" />
  <Modules>
    <Module>
      <Summary numSequencePoints="91" visitedSequencePoints="24" numBranchPoints="0" visitedBranchPoints="0" sequenceCoverage="26.37" branchCoverage="0.0" maxCyclomaticComplexity="0" minCyclomaticComplexity="0" maxCrapScore="0" minCrapScore="0" visitedClasses="2" numClasses="4" visitedMethods="3" numMethods="5" />
      <ModuleTime>0001-01-01T00:00:00</ModuleTime>
      <ModuleName>MBS</ModuleName>
      <Files>
        <File uid="158" fullPath="C:/Users/Alan/Desktop/Video-Game/Assets/houseDecor/MBS/Code/View/Scene/Editors/Construction_Editor.cs" />
        <File uid="159" fullPath="C:/Users/Alan/Desktop/Video-Game/Assets/houseDecor/MBS/Code/View/Scene/Editors/Decorator/DecoratorModule_Child_Editor.cs" />
        <File uid="160" fullPath="C:/Users/Alan/Desktop/Video-Game/Assets/houseDecor/MBS/Code/View/Scene/Editors/Decorator/DecoratorModule_Editor.cs" />
        <File uid="161" fullPath="C:/Users/Alan/Desktop/Video-Game/Assets/houseDecor/MBS/Code/View/Scene/Editors/Floor/FloorModule_Child_Editor.cs" />
        <File uid="162" fullPath="C:/Users/Alan/Desktop/Video-Game/Assets/houseDecor/MBS/Code/View/Scene/Editors/Floor/FloorModule_Editor.cs" />
        <File uid="163" fullPath="C:/Users/Alan/Desktop/Video-Game/Assets/houseDecor/MBS/Code/View/Scene/Editors/Walls/WallModule_Editor.cs" />
        <File uid="164" fullPath="C:/Users/Alan/Desktop/Video-Game/Assets/houseDecor/MBS/Code/View/Scene/Editors/Walls/WallModule_Modifier_Editor.cs" />
        <File uid="165" fullPath="C:/Users/Alan/Desktop/Video-Game/Assets/houseDecor/MBS/Code/View/Input/InputManager.cs" />
        <File uid="166" fullPath="C:/Users/Alan/Desktop/Video-Game/Assets/houseDecor/MBS/Code/View/Input/MBSGrid.cs" />
        <File uid="167" fullPath="C:/Users/Alan/Desktop/Video-Game/Assets/houseDecor/MBS/Code/View/Input/Physical/InputPhysical.cs" />
        <File uid="168" fullPath="C:/Users/Alan/Desktop/Video-Game/Assets/houseDecor/MBS/Code/View/Input/Physical/Mouse.cs" />
        <File uid="169" fullPath="C:/Users/Alan/Desktop/Video-Game/Assets/houseDecor/MBS/Code/View/Input/Tools/InputDecorator_Tool.cs" />
        <File uid="170" fullPath="C:/Users/Alan/Desktop/Video-Game/Assets/houseDecor/MBS/Code/View/Input/Tools/InputWalls_Tool.cs" />
        <File uid="171" fullPath="C:/Users/Alan/Desktop/Video-Game/Assets/houseDecor/MBS/Code/View/Input/Tools/Input_Floors_Tool.cs" />
        <File uid="172" fullPath="C:/Users/Alan/Desktop/Video-Game/Assets/houseDecor/MBS/Code/View/Input/Tools/Picker_Mode.cs" />
        <File uid="173" fullPath="C:/Users/Alan/Desktop/Video-Game/Assets/houseDecor/MBS/Code/View/Input/Tools/Pointer_Mode.cs" />
        <File uid="174" fullPath="C:/Users/Alan/Desktop/Video-Game/Assets/houseDecor/MBS/Code/View/Input/GUI/InputGUI.cs" />
        <File uid="175" fullPath="C:/Users/Alan/Desktop/Video-Game/Assets/houseDecor/MBS/Code/View/Input/GUI/SceneHelpbarToggle_UIElement.cs" />
        <File uid="176" fullPath="C:/Users/Alan/Desktop/Video-Game/Assets/houseDecor/MBS/Code/View/Input/GUI/SceneHelpbar_UIElement.cs" />
        <File uid="177" fullPath="C:/Users/Alan/Desktop/Video-Game/Assets/houseDecor/MBS/Code/View/Input/GUI/UIElement.cs" />
        <File uid="178" fullPath="C:/Users/Alan/Desktop/Video-Game/Assets/houseDecor/MBS/Code/View/Builder/Builder_Scene.cs" />
        <File uid="179" fullPath="C:/Users/Alan/Desktop/Video-Game/Assets/houseDecor/MBS/Code/View/Builder/Builder_Window.cs" />
        <File uid="180" fullPath="C:/Users/Alan/Desktop/Video-Game/Assets/houseDecor/MBS/Code/View/Builder/SelectionGrid.cs" />
        <File uid="181" fullPath="C:/Users/Alan/Desktop/Video-Game/Assets/houseDecor/MBS/Code/View/Asset System/AssetCategoriesEditor_Window.cs" />
        <File uid="182" fullPath="C:/Users/Alan/Desktop/Video-Game/Assets/houseDecor/MBS/Code/View/Asset System/Decorator/DecoratorGroupEditor_Window.cs" />
        <File uid="183" fullPath="C:/Users/Alan/Desktop/Video-Game/Assets/houseDecor/MBS/Code/View/Asset System/Decorator/DecoratorModuleEditor_Window.cs" />
        <File uid="184" fullPath="C:/Users/Alan/Desktop/Video-Game/Assets/houseDecor/MBS/Code/View/Asset System/Floor/FloorGroupEditor_Window.cs" />
        <File uid="185" fullPath="C:/Users/Alan/Desktop/Video-Game/Assets/houseDecor/MBS/Code/View/Asset System/Floor/FloorModuleEditor_Window.cs" />
        <File uid="186" fullPath="C:/Users/Alan/Desktop/Video-Game/Assets/houseDecor/MBS/Code/View/Asset System/ImporterWindow.cs" />
        <File uid="187" fullPath="C:/Users/Alan/Desktop/Video-Game/Assets/houseDecor/MBS/Code/View/Asset System/ModularPackManager/ModularPackManager_Window.cs" />
        <File uid="188" fullPath="C:/Users/Alan/Desktop/Video-Game/Assets/houseDecor/MBS/Code/View/Asset System/Wall/WallGroupEditor_Window.cs" />
        <File uid="189" fullPath="C:/Users/Alan/Desktop/Video-Game/Assets/houseDecor/MBS/Code/View/Asset System/Wall/WallModuleEditor_Window.cs" />
        <File uid="190" fullPath="C:/Users/Alan/Desktop/Video-Game/Assets/houseDecor/MBS/Code/Utilities/VisibilityStateInternals.cs" />
        <File uid="191" fullPath="C:/Users/Alan/Desktop/Video-Game/Assets/houseDecor/MBS/Code/Utilities/Helpers/GameObject_Helper.cs" />
        <File uid="192" fullPath="C:/Users/Alan/Desktop/Video-Game/Assets/houseDecor/MBS/Code/Utilities/Helpers/IO_Helper.cs" />
        <File uid="193" fullPath="C:/Users/Alan/Desktop/Video-Game/Assets/houseDecor/MBS/Code/Utilities/Helpers/Singleton_Helper.cs" />
        <File uid="194" fullPath="C:/Users/Alan/Desktop/Video-Game/Assets/houseDecor/MBS/Code/Utilities/Helpers/Text_Helper.cs" />
        <File uid="195" fullPath="C:/Users/Alan/Desktop/Video-Game/Assets/houseDecor/MBS/Code/Utilities/Extensions/MathExtensions.cs" />
        <File uid="196" fullPath="C:/Users/Alan/Desktop/Video-Game/Assets/houseDecor/MBS/Code/Utilities/Extensions/UnityObjectsExtensions.cs" />
        <File uid="197" fullPath="C:/Users/Alan/Desktop/Video-Game/Assets/houseDecor/MBS/Code/Model/Scene/SceneData.cs" />
        <File uid="198" fullPath="C:/Users/Alan/Desktop/Video-Game/Assets/houseDecor/MBS/Code/Model/Configuraton/Config.cs" />
        <File uid="199" fullPath="C:/Users/Alan/Desktop/Video-Game/Assets/houseDecor/MBS/Code/Model/Configuraton/InputConfig.cs" />
        <File uid="200" fullPath="C:/Users/Alan/Desktop/Video-Game/Assets/houseDecor/MBS/Code/Model/Configuraton/InternalDataManager.cs" />
        <File uid="201" fullPath="C:/Users/Alan/Desktop/Video-Game/Assets/houseDecor/MBS/Code/Model/Configuraton/PathsManager.cs" />
        <File uid="202" fullPath="C:/Users/Alan/Desktop/Video-Game/Assets/houseDecor/MBS/Code/Model/Configuraton/Predefined/PredefinedPaths.cs" />
        <File uid="203" fullPath="C:/Users/Alan/Desktop/Video-Game/Assets/houseDecor/MBS/Code/Model/Builder/BuilderData.cs" />
        <File uid="204" fullPath="C:/Users/Alan/Desktop/Video-Game/Assets/houseDecor/MBS/Code/Model/Builder/ToolData.cs" />
        <File uid="205" fullPath="C:/Users/Alan/Desktop/Video-Game/Assets/houseDecor/MBS/Code/Model/AssetSystem/ModularPack/ModularPack.cs" />
        <File uid="206" fullPath="C:/Users/Alan/Desktop/Video-Game/Assets/houseDecor/MBS/Code/Model/AssetSystem/ModularPack/ModularPack_Combiner.cs" />
        <File uid="207" fullPath="C:/Users/Alan/Desktop/Video-Game/Assets/houseDecor/MBS/Code/Model/AssetSystem/ModularPack/ModularPack_Importer.cs" />
        <File uid="208" fullPath="C:/Users/Alan/Desktop/Video-Game/Assets/houseDecor/MBS/Code/Model/AssetSystem/ModularPack/ModularPack_Manager.cs" />
        <File uid="209" fullPath="C:/Users/Alan/Desktop/Video-Game/Assets/houseDecor/MBS/Code/Model/AssetSystem/ModularPack/ModularPack_Remover.cs" />
        <File uid="210" fullPath="C:/Users/Alan/Desktop/Video-Game/Assets/houseDecor/MBS/Code/Model/AssetSystem/ModularPack/ModularPack_Saver.cs" />
        <File uid="211" fullPath="C:/Users/Alan/Desktop/Video-Game/Assets/houseDecor/MBS/Code/Model/AssetSystem/ModularPack/ModularPack_VisibilityController.cs" />
        <File uid="212" fullPath="C:/Users/Alan/Desktop/Video-Game/Assets/houseDecor/MBS/Code/Model/AssetSystem/Module/ModularGroup.cs" />
        <File uid="213" fullPath="C:/Users/Alan/Desktop/Video-Game/Assets/houseDecor/MBS/Code/Model/AssetSystem/Module/ModularGroup_Category.cs" />
        <File uid="214" fullPath="C:/Users/Alan/Desktop/Video-Game/Assets/houseDecor/MBS/Code/Model/AssetSystem/Module/Module.cs" />
        <File uid="215" fullPath="C:/Users/Alan/Desktop/Video-Game/Assets/houseDecor/MBS/Code/Model/AssetSystem/UniqueObject.cs" />
        <File uid="216" fullPath="C:/Users/Alan/Desktop/Video-Game/Assets/houseDecor/MBS/Code/Controller/Scene/Components/Wall/Procedures/BuildingProcedures_Walls.cs" />
        <File uid="217" fullPath="C:/Users/Alan/Desktop/Video-Game/Assets/houseDecor/MBS/Code/Utilities/Helpers/Collections_Helper.cs" />
        <File uid="218" fullPath="C:/Users/Alan/Desktop/Video-Game/Assets/houseDecor/MBS/Code/Controller/Scene/Components/Wall/Mono/Wall_PrefabContoller.cs" />
        <File uid="219" fullPath="C:/Users/Alan/Desktop/Video-Game/Assets/houseDecor/MBS/Code/Controller/EditorBehaviour.cs" />
        <File uid="220" fullPath="C:/Users/Alan/Desktop/Video-Game/Assets/houseDecor/MBS/Code/Controller/Scene/Components/Construction/MBSConstruction.cs" />
        <File uid="221" fullPath="C:/Users/Alan/Desktop/Video-Game/Assets/houseDecor/MBS/Code/Controller/Scene/Components/Decorator/BuildingProcedures_Decorator.cs" />
        <File uid="222" fullPath="C:/Users/Alan/Desktop/Video-Game/Assets/houseDecor/MBS/Code/Controller/Scene/Components/Decorator/Decorator_PlacementMode.cs" />
        <File uid="223" fullPath="C:/Users/Alan/Desktop/Video-Game/Assets/houseDecor/MBS/Code/Controller/Scene/Components/Decorator/Decorator_RotationMode.cs" />
        <File uid="224" fullPath="C:/Users/Alan/Desktop/Video-Game/Assets/houseDecor/MBS/Code/Controller/Scene/Components/Decorator/Decorator_ScalingMode.cs" />
        <File uid="225" fullPath="C:/Users/Alan/Desktop/Video-Game/Assets/houseDecor/MBS/Code/Controller/Scene/Components/Decorator/Mono/MBSDecoratorModule.cs" />
        <File uid="226" fullPath="C:/Users/Alan/Desktop/Video-Game/Assets/houseDecor/MBS/Code/Controller/Scene/Components/Floor/BuildingProcedures_Floors.cs" />
        <File uid="227" fullPath="C:/Users/Alan/Desktop/Video-Game/Assets/houseDecor/MBS/Code/Controller/Scene/Components/Floor/Floor_MeshModifier.cs" />
        <File uid="228" fullPath="C:/Users/Alan/Desktop/Video-Game/Assets/houseDecor/MBS/Code/Controller/Scene/Components/Wall/Mono/MBSWallModuleModifier.cs" />
        <File uid="229" fullPath="C:/Users/Alan/Desktop/Video-Game/Assets/houseDecor/MBS/Code/Controller/Scene/Components/Wall/Wall_Connection_Controller.cs" />
        <File uid="230" fullPath="C:/Users/Alan/Desktop/Video-Game/Assets/houseDecor/MBS/Code/Controller/Scene/Components/Wall/Wall_LoopFinder.cs" />
        <File uid="231" fullPath="C:/Users/Alan/Desktop/Video-Game/Assets/houseDecor/MBS/Code/Controller/Scene/Components/Wall/Wall_MeshModifier.cs" />
        <File uid="232" fullPath="C:/Users/Alan/Desktop/Video-Game/Assets/houseDecor/MBS/Code/Controller/Scene/Geometry/GeometryShape.cs" />
        <File uid="233" fullPath="C:/Users/Alan/Desktop/Video-Game/Assets/houseDecor/MBS/Code/Controller/Scene/Geometry/MeshCreator.cs" />
        <File uid="234" fullPath="C:/Users/Alan/Desktop/Video-Game/Assets/houseDecor/MBS/Code/Controller/Scene/Geometry/RoomArea.cs" />
        <File uid="235" fullPath="C:/Users/Alan/Desktop/Video-Game/Assets/houseDecor/MBS/Code/Controller/Scene/Geometry/Triangle.cs" />
        <File uid="236" fullPath="C:/Users/Alan/Desktop/Video-Game/Assets/houseDecor/MBS/Code/Controller/Scene/Gizmos_Controller.cs" />
        <File uid="237" fullPath="C:/Users/Alan/Desktop/Video-Game/Assets/houseDecor/MBS/Code/Controller/Scene/Components/Floor/Mono/MBSFloorModule.cs" />
        <File uid="238" fullPath="C:/Users/Alan/Desktop/Video-Game/Assets/houseDecor/MBS/Code/Controller/Scene/Components/Wall/Mono/MBSWallModule.cs" />
        <File uid="239" fullPath="C:/Users/Alan/Desktop/Video-Game/Assets/houseDecor/MBS/Code/Controller/Configuration/Message_Controller.cs" />
        <File uid="240" fullPath="C:/Users/Alan/Desktop/Video-Game/Assets/houseDecor/MBS/Code/Controller/Configuration/Path_Controller.cs" />
        <File uid="241" fullPath="C:/Users/Alan/Desktop/Video-Game/Assets/houseDecor/MBS/Code/Controller/Builder/BuilderData_Controller.cs" />
        <File uid="242" fullPath="C:/Users/Alan/Desktop/Video-Game/Assets/houseDecor/MBS/Code/Controller/Builder/Builder_Controller.cs" />
        <File uid="243" fullPath="C:/Users/Alan/Desktop/Video-Game/Assets/houseDecor/MBS/Code/Controller/AssetSystem/AssetsImporter_Controller.cs" />
        <File uid="244" fullPath="C:/Users/Alan/Desktop/Video-Game/Assets/houseDecor/MBS/Code/Controller/AssetSystem/ImporterDataContainer.cs" />
        <File uid="245" fullPath="C:/Users/Alan/Desktop/Video-Game/Assets/houseDecor/MBS/Code/Controller/AssetSystem/ModularPack_Postprocessor.cs" />
        <File uid="246" fullPath="C:/Users/Alan/Desktop/Video-Game/Assets/houseDecor/MBS/Code/Model/Scene/AssetsData.cs" />
        <File uid="247" fullPath="C:/Users/Alan/Desktop/Video-Game/Assets/houseDecor/MBS/Code/Model/Configuraton/Texts.cs" />
      </Files>
      <Classes>
        <Class>
          <Summary numSequencePoints="25" visitedSequencePoints="0" numBranchPoints="0" visitedBranchPoints="0" sequenceCoverage="0.0" branchCoverage="0.0" maxCyclomaticComplexity="0" minCyclomaticComplexity="0" maxCrapScore="0" minCrapScore="0" visitedClasses="0" numClasses="1" visitedMethods="0" numMethods="1" />
          <FullName>MBS.Utilities.Helpers.IOHelper</FullName>
          <Methods>
            <Method visited="false" cyclomaticComplexity="0" nPathComplexity="0" sequenceCoverage="0.0" branchCoverage="0" crapScore="0" isConstructor="false" isStatic="true" isGetter="false" isSetter="false">
              <Summary numSequencePoints="25" visitedSequencePoints="0" numBranchPoints="0" visitedBranchPoints="0" sequenceCoverage="0.0" branchCoverage="0" maxCyclomaticComplexity="0" minCyclomaticComplexity="0" maxCrapScore="0" minCrapScore="0" visitedClasses="0" numClasses="0" visitedMethods="0" numMethods="1" />
              <MetadataToken>100663787</MetadataToken>
              <Name>static System.Collections.Generic.List[ValueTuple`2] MBS.Utilities.Helpers.IOHelper::FindAssetsWithPath[T](System.String, System.String, System.String)</Name>
              <FileRef uid="192" />
              <SequencePoints>
                <SequencePoint vc="0" uspid="76001" ordinal="0" offset="0" sl="21" sc="0" el="21" ec="0" bec="0" bev="0" fileid="192" />
                <SequencePoint vc="0" uspid="76002" ordinal="0" offset="1" sl="22" sc="0" el="22" ec="0" bec="0" bev="0" fileid="192" />
                <SequencePoint vc="0" uspid="76003" ordinal="0" offset="18" sl="24" sc="0" el="24" ec="0" bec="0" bev="0" fileid="192" />
                <SequencePoint vc="0" uspid="76004" ordinal="0" offset="24" sl="26" sc="0" el="26" ec="0" bec="0" bev="0" fileid="192" />
                <SequencePoint vc="0" uspid="76005" ordinal="0" offset="25" sl="26" sc="0" el="26" ec="0" bec="0" bev="0" fileid="192" />
                <SequencePoint vc="0" uspid="76006" ordinal="0" offset="34" sl="26" sc="0" el="26" ec="0" bec="0" bev="0" fileid="192" />
                <SequencePoint vc="0" uspid="76007" ordinal="0" offset="39" sl="27" sc="0" el="27" ec="0" bec="0" bev="0" fileid="192" />
                <SequencePoint vc="0" uspid="76008" ordinal="0" offset="40" sl="28" sc="0" el="28" ec="0" bec="0" bev="0" fileid="192" />
                <SequencePoint vc="0" uspid="76009" ordinal="0" offset="49" sl="30" sc="0" el="30" ec="0" bec="0" bev="0" fileid="192" />
                <SequencePoint vc="0" uspid="76010" ordinal="0" offset="64" sl="31" sc="0" el="31" ec="0" bec="0" bev="0" fileid="192" />
                <SequencePoint vc="0" uspid="76011" ordinal="0" offset="65" sl="32" sc="0" el="32" ec="0" bec="0" bev="0" fileid="192" />
                <SequencePoint vc="0" uspid="76012" ordinal="0" offset="74" sl="34" sc="0" el="34" ec="0" bec="0" bev="0" fileid="192" />
                <SequencePoint vc="0" uspid="76013" ordinal="0" offset="88" sl="35" sc="0" el="35" ec="0" bec="0" bev="0" fileid="192" />
                <SequencePoint vc="0" uspid="76014" ordinal="0" offset="89" sl="36" sc="0" el="36" ec="0" bec="0" bev="0" fileid="192" />
                <SequencePoint vc="0" uspid="76015" ordinal="0" offset="113" sl="37" sc="0" el="37" ec="0" bec="0" bev="0" fileid="192" />
                <SequencePoint vc="0" uspid="76016" ordinal="0" offset="129" sl="38" sc="0" el="38" ec="0" bec="0" bev="0" fileid="192" />
                <SequencePoint vc="0" uspid="76017" ordinal="0" offset="130" sl="39" sc="0" el="39" ec="0" bec="0" bev="0" fileid="192" />
                <SequencePoint vc="0" uspid="76018" ordinal="0" offset="133" sl="41" sc="0" el="41" ec="0" bec="0" bev="0" fileid="192" />
                <SequencePoint vc="0" uspid="76019" ordinal="0" offset="134" sl="42" sc="0" el="42" ec="0" bec="0" bev="0" fileid="192" />
                <SequencePoint vc="0" uspid="76020" ordinal="0" offset="158" sl="43" sc="0" el="43" ec="0" bec="0" bev="0" fileid="192" />
                <SequencePoint vc="0" uspid="76021" ordinal="0" offset="174" sl="44" sc="0" el="44" ec="0" bec="0" bev="0" fileid="192" />
                <SequencePoint vc="0" uspid="76022" ordinal="0" offset="175" sl="45" sc="0" el="45" ec="0" bec="0" bev="0" fileid="192" />
                <SequencePoint vc="0" uspid="76023" ordinal="0" offset="180" sl="26" sc="0" el="26" ec="0" bec="0" bev="0" fileid="192" />
                <SequencePoint vc="0" uspid="76024" ordinal="0" offset="189" sl="47" sc="0" el="47" ec="0" bec="0" bev="0" fileid="192" />
                <SequencePoint vc="0" uspid="76025" ordinal="0" offset="194" sl="48" sc="0" el="48" ec="0" bec="0" bev="0" fileid="192" />
              </SequencePoints>
              <BranchPoints />
            </Method>
          </Methods>
        </Class>
        <Class>
          <Summary numSequencePoints="27" visitedSequencePoints="0" numBranchPoints="0" visitedBranchPoints="0" sequenceCoverage="0.0" branchCoverage="0.0" maxCyclomaticComplexity="0" minCyclomaticComplexity="0" maxCrapScore="0" minCrapScore="0" visitedClasses="0" numClasses="1" visitedMethods="0" numMethods="1" />
          <FullName>MBS.Utilities.Helpers.SingletonHelper</FullName>
          <Methods>
            <Method visited="false" cyclomaticComplexity="0" nPathComplexity="0" sequenceCoverage="0.0" branchCoverage="0" crapScore="0" isConstructor="false" isStatic="true" isGetter="false" isSetter="false">
              <Summary numSequencePoints="27" visitedSequencePoints="0" numBranchPoints="0" visitedBranchPoints="0" sequenceCoverage="0.0" branchCoverage="0" maxCyclomaticComplexity="0" minCyclomaticComplexity="0" maxCrapScore="0" minCrapScore="0" visitedClasses="0" numClasses="0" visitedMethods="0" numMethods="1" />
              <MetadataToken>100663790</MetadataToken>
              <Name>static T MBS.Utilities.Helpers.SingletonHelper::GetSingleton[T](T, System.String)</Name>
              <FileRef uid="193" />
              <SequencePoints>
                <SequencePoint vc="0" uspid="76057" ordinal="0" offset="0" sl="12" sc="0" el="12" ec="0" bec="0" bev="0" fileid="193" />
                <SequencePoint vc="0" uspid="76058" ordinal="0" offset="1" sl="13" sc="0" el="13" ec="0" bec="0" bev="0" fileid="193" />
                <SequencePoint vc="0" uspid="76059" ordinal="0" offset="17" sl="14" sc="0" el="14" ec="0" bec="0" bev="0" fileid="193" />
                <SequencePoint vc="0" uspid="76060" ordinal="0" offset="18" sl="15" sc="0" el="15" ec="0" bec="0" bev="0" fileid="193" />
                <SequencePoint vc="0" uspid="76061" ordinal="0" offset="30" sl="16" sc="0" el="16" ec="0" bec="0" bev="0" fileid="193" />
                <SequencePoint vc="0" uspid="76062" ordinal="0" offset="38" sl="19" sc="0" el="19" ec="0" bec="0" bev="0" fileid="193" />
                <SequencePoint vc="0" uspid="76063" ordinal="0" offset="46" sl="21" sc="0" el="21" ec="0" bec="0" bev="0" fileid="193" />
                <SequencePoint vc="0" uspid="76064" ordinal="0" offset="52" sl="23" sc="0" el="23" ec="0" bec="0" bev="0" fileid="193" />
                <SequencePoint vc="0" uspid="76065" ordinal="0" offset="58" sl="25" sc="0" el="25" ec="0" bec="0" bev="0" fileid="193" />
                <SequencePoint vc="0" uspid="76066" ordinal="0" offset="84" sl="27" sc="0" el="27" ec="0" bec="0" bev="0" fileid="193" />
                <SequencePoint vc="0" uspid="76067" ordinal="0" offset="95" sl="28" sc="0" el="28" ec="0" bec="0" bev="0" fileid="193" />
                <SequencePoint vc="0" uspid="76068" ordinal="0" offset="96" sl="29" sc="0" el="29" ec="0" bec="0" bev="0" fileid="193" />
                <SequencePoint vc="0" uspid="76069" ordinal="0" offset="102" sl="31" sc="0" el="31" ec="0" bec="0" bev="0" fileid="193" />
                <SequencePoint vc="0" uspid="76070" ordinal="0" offset="114" sl="33" sc="0" el="33" ec="0" bec="0" bev="0" fileid="193" />
                <SequencePoint vc="0" uspid="76071" ordinal="0" offset="138" sl="35" sc="0" el="35" ec="0" bec="0" bev="0" fileid="193" />
                <SequencePoint vc="0" uspid="76072" ordinal="0" offset="152" sl="36" sc="0" el="36" ec="0" bec="0" bev="0" fileid="193" />
                <SequencePoint vc="0" uspid="76073" ordinal="0" offset="155" sl="37" sc="0" el="37" ec="0" bec="0" bev="0" fileid="193" />
                <SequencePoint vc="0" uspid="76074" ordinal="0" offset="167" sl="38" sc="0" el="38" ec="0" bec="0" bev="0" fileid="193" />
                <SequencePoint vc="0" uspid="76075" ordinal="0" offset="168" sl="39" sc="0" el="39" ec="0" bec="0" bev="0" fileid="193" />
                <SequencePoint vc="0" uspid="76076" ordinal="0" offset="183" sl="41" sc="0" el="41" ec="0" bec="0" bev="0" fileid="193" />
                <SequencePoint vc="0" uspid="76077" ordinal="0" offset="202" sl="42" sc="0" el="42" ec="0" bec="0" bev="0" fileid="193" />
                <SequencePoint vc="0" uspid="76078" ordinal="0" offset="203" sl="43" sc="0" el="43" ec="0" bec="0" bev="0" fileid="193" />
                <SequencePoint vc="0" uspid="76079" ordinal="0" offset="216" sl="45" sc="0" el="45" ec="0" bec="0" bev="0" fileid="193" />
                <SequencePoint vc="0" uspid="76080" ordinal="0" offset="219" sl="46" sc="0" el="46" ec="0" bec="0" bev="0" fileid="193" />
                <SequencePoint vc="0" uspid="76081" ordinal="0" offset="220" sl="47" sc="0" el="47" ec="0" bec="0" bev="0" fileid="193" />
                <SequencePoint vc="0" uspid="76082" ordinal="0" offset="221" sl="49" sc="0" el="49" ec="0" bec="0" bev="0" fileid="193" />
                <SequencePoint vc="0" uspid="76083" ordinal="0" offset="226" sl="50" sc="0" el="50" ec="0" bec="0" bev="0" fileid="193" />
              </SequencePoints>
              <BranchPoints />
            </Method>
          </Methods>
        </Class>
        <Class>
          <Summary numSequencePoints="9" visitedSequencePoints="5" numBranchPoints="0" visitedBranchPoints="0" sequenceCoverage="55.56" branchCoverage="0.0" maxCyclomaticComplexity="0" minCyclomaticComplexity="0" maxCrapScore="0" minCrapScore="0" visitedClasses="1" numClasses="1" visitedMethods="2" numMethods="2" />
          <FullName>MBS.Model.Configuration.PathsManager</FullName>
          <Methods>
            <Method visited="true" cyclomaticComplexity="0" nPathComplexity="0" sequenceCoverage="50.00" branchCoverage="0" crapScore="0" isConstructor="false" isStatic="true" isGetter="true" isSetter="false">
              <Summary numSequencePoints="8" visitedSequencePoints="4" numBranchPoints="0" visitedBranchPoints="0" sequenceCoverage="50.00" branchCoverage="0" maxCyclomaticComplexity="0" minCyclomaticComplexity="0" maxCrapScore="0" minCrapScore="0" visitedClasses="0" numClasses="0" visitedMethods="1" numMethods="1" />
              <MetadataToken>100663843</MetadataToken>
              <Name>static MBS.Model.Configuration.PathsManager MBS.Model.Configuration.PathsManager::get_Singleton()</Name>
              <FileRef uid="201" />
              <SequencePoints>
                <SequencePoint vc="1" uspid="76280" ordinal="0" offset="0" sl="26" sc="13" el="26" ec="13" bec="0" bev="0" fileid="201" />
                <SequencePoint vc="1" uspid="76281" ordinal="0" offset="1" sl="27" sc="17" el="27" ec="17" bec="0" bev="0" fileid="201" />
                <SequencePoint vc="0" uspid="76282" ordinal="0" offset="13" sl="28" sc="17" el="28" ec="17" bec="0" bev="0" fileid="201" />
                <SequencePoint vc="0" uspid="76283" ordinal="0" offset="14" sl="29" sc="21" el="29" ec="21" bec="0" bev="0" fileid="201" />
                <SequencePoint vc="0" uspid="76284" ordinal="0" offset="24" sl="30" sc="21" el="30" ec="21" bec="0" bev="0" fileid="201" />
                <SequencePoint vc="0" uspid="76285" ordinal="0" offset="35" sl="31" sc="17" el="31" ec="17" bec="0" bev="0" fileid="201" />
                <SequencePoint vc="1" uspid="76286" ordinal="0" offset="36" sl="33" sc="17" el="33" ec="17" bec="0" bev="0" fileid="201" />
                <SequencePoint vc="1" uspid="76287" ordinal="0" offset="44" sl="34" sc="13" el="34" ec="13" bec="0" bev="0" fileid="201" />
              </SequencePoints>
              <BranchPoints />
            </Method>
            <Method visited="true" cyclomaticComplexity="0" nPathComplexity="0" sequenceCoverage="100.0" branchCoverage="0" crapScore="0" isConstructor="false" isStatic="false" isGetter="true" isSetter="false">
              <Summary numSequencePoints="1" visitedSequencePoints="1" numBranchPoints="0" visitedBranchPoints="0" sequenceCoverage="100.0" branchCoverage="0" maxCyclomaticComplexity="0" minCyclomaticComplexity="0" maxCrapScore="0" minCrapScore="0" visitedClasses="0" numClasses="0" visitedMethods="1" numMethods="1" />
              <MetadataToken>100663845</MetadataToken>
              <Name>System.String MBS.Model.Configuration.PathsManager::get_ModularPacksPath()</Name>
              <FileRef uid="201" />
              <SequencePoints>
                <SequencePoint vc="1" uspid="76289" ordinal="0" offset="0" sl="38" sc="44" el="38" ec="44" bec="0" bev="0" fileid="201" />
              </SequencePoints>
              <BranchPoints />
            </Method>
          </Methods>
        </Class>
        <Class>
          <Summary numSequencePoints="30" visitedSequencePoints="19" numBranchPoints="0" visitedBranchPoints="0" sequenceCoverage="63.33" branchCoverage="0.0" maxCyclomaticComplexity="0" minCyclomaticComplexity="0" maxCrapScore="0" minCrapScore="0" visitedClasses="1" numClasses="1" visitedMethods="1" numMethods="1" />
          <FullName>MBS.Controller.AssetSystem.ModularPackPostprocessor</FullName>
          <Methods>
            <Method visited="true" cyclomaticComplexity="0" nPathComplexity="0" sequenceCoverage="63.33" branchCoverage="0" crapScore="0" isConstructor="false" isStatic="true" isGetter="false" isSetter="false">
              <Summary numSequencePoints="30" visitedSequencePoints="19" numBranchPoints="0" visitedBranchPoints="0" sequenceCoverage="63.33" branchCoverage="0" maxCyclomaticComplexity="0" minCyclomaticComplexity="0" maxCrapScore="0" minCrapScore="0" visitedClasses="0" numClasses="0" visitedMethods="1" numMethods="1" />
              <MetadataToken>100664324</MetadataToken>
              <Name>static System.Void MBS.Controller.AssetSystem.ModularPackPostprocessor::OnPostprocessAllAssets(System.String[], System.String[], System.String[], System.String[])</Name>
              <FileRef uid="245" />
              <SequencePoints>
                <SequencePoint vc="1" uspid="81534" ordinal="0" offset="0" sl="27" sc="9" el="27" ec="9" bec="0" bev="0" fileid="245" />
                <SequencePoint vc="1" uspid="81535" ordinal="0" offset="1" sl="28" sc="13" el="28" ec="13" bec="0" bev="0" fileid="245" />
                <SequencePoint vc="1" uspid="81536" ordinal="0" offset="12" sl="30" sc="13" el="30" ec="13" bec="0" bev="0" fileid="245" />
                <SequencePoint vc="1" uspid="81537" ordinal="0" offset="18" sl="32" sc="13" el="32" ec="13" bec="0" bev="0" fileid="245" />
                <SequencePoint vc="1" uspid="81538" ordinal="0" offset="19" sl="32" sc="32" el="32" ec="32" bec="0" bev="0" fileid="245" />
                <SequencePoint vc="1" uspid="81539" ordinal="0" offset="25" sl="32" sc="23" el="32" ec="23" bec="0" bev="0" fileid="245" />
                <SequencePoint vc="1" uspid="81540" ordinal="0" offset="30" sl="33" sc="17" el="33" ec="17" bec="0" bev="0" fileid="245" />
                <SequencePoint vc="0" uspid="81541" ordinal="0" offset="57" sl="34" sc="21" el="34" ec="21" bec="0" bev="0" fileid="245" />
                <SequencePoint vc="2" uspid="81542" ordinal="0" offset="67" sl="32" sc="29" el="32" ec="29" bec="0" bev="0" fileid="245" />
                <SequencePoint vc="1" uspid="81543" ordinal="0" offset="73" sl="36" sc="13" el="36" ec="13" bec="0" bev="0" fileid="245" />
                <SequencePoint vc="1" uspid="81544" ordinal="0" offset="74" sl="36" sc="32" el="36" ec="32" bec="0" bev="0" fileid="245" />
                <SequencePoint vc="0" uspid="81545" ordinal="0" offset="82" sl="36" sc="23" el="36" ec="23" bec="0" bev="0" fileid="245" />
                <SequencePoint vc="0" uspid="81546" ordinal="0" offset="89" sl="37" sc="17" el="37" ec="17" bec="0" bev="0" fileid="245" />
                <SequencePoint vc="0" uspid="81547" ordinal="0" offset="116" sl="38" sc="21" el="38" ec="21" bec="0" bev="0" fileid="245" />
                <SequencePoint vc="1" uspid="81548" ordinal="0" offset="128" sl="36" sc="29" el="36" ec="29" bec="0" bev="0" fileid="245" />
                <SequencePoint vc="1" uspid="81549" ordinal="0" offset="136" sl="40" sc="13" el="40" ec="13" bec="0" bev="0" fileid="245" />
                <SequencePoint vc="1" uspid="81550" ordinal="0" offset="137" sl="40" sc="32" el="40" ec="32" bec="0" bev="0" fileid="245" />
                <SequencePoint vc="0" uspid="81551" ordinal="0" offset="145" sl="40" sc="23" el="40" ec="23" bec="0" bev="0" fileid="245" />
                <SequencePoint vc="0" uspid="81552" ordinal="0" offset="152" sl="41" sc="17" el="41" ec="17" bec="0" bev="0" fileid="245" />
                <SequencePoint vc="0" uspid="81553" ordinal="0" offset="179" sl="42" sc="21" el="42" ec="21" bec="0" bev="0" fileid="245" />
                <SequencePoint vc="1" uspid="81554" ordinal="0" offset="191" sl="40" sc="29" el="40" ec="29" bec="0" bev="0" fileid="245" />
                <SequencePoint vc="1" uspid="81555" ordinal="0" offset="199" sl="44" sc="13" el="44" ec="13" bec="0" bev="0" fileid="245" />
                <SequencePoint vc="1" uspid="81556" ordinal="0" offset="200" sl="44" sc="32" el="44" ec="32" bec="0" bev="0" fileid="245" />
                <SequencePoint vc="0" uspid="81557" ordinal="0" offset="208" sl="44" sc="23" el="44" ec="23" bec="0" bev="0" fileid="245" />
                <SequencePoint vc="0" uspid="81558" ordinal="0" offset="215" sl="45" sc="17" el="45" ec="17" bec="0" bev="0" fileid="245" />
                <SequencePoint vc="0" uspid="81559" ordinal="0" offset="242" sl="46" sc="21" el="46" ec="21" bec="0" bev="0" fileid="245" />
                <SequencePoint vc="1" uspid="81560" ordinal="0" offset="254" sl="44" sc="29" el="44" ec="29" bec="0" bev="0" fileid="245" />
                <SequencePoint vc="1" uspid="81561" ordinal="0" offset="262" sl="48" sc="13" el="48" ec="13" bec="0" bev="0" fileid="245" />
                <SequencePoint vc="0" uspid="81562" ordinal="0" offset="273" sl="49" sc="17" el="49" ec="17" bec="0" bev="0" fileid="245" />
                <SequencePoint vc="1" uspid="81563" ordinal="0" offset="279" sl="50" sc="9" el="50" ec="9" bec="0" bev="0" fileid="245" />
              </SequencePoints>
              <BranchPoints />
            </Method>
          </Methods>
        </Class>
      </Classes>
    </Module>
  </Modules>
</CoverageSession>