<?xml version="1.0" encoding="utf-8"?>
<CoverageSession xmlns:xsd="http://www.w3.org/2001/XMLSchema" xmlns:xsi="http://www.w3.org/2001/XMLSchema-instance" Version="0.0.0.0">
  <Summary numSequencePoints="193" visitedSequencePoints="188" numBranchPoints="0" visitedBranchPoints="0" sequenceCoverage="97.41" branchCoverage="0.0" maxCyclomaticComplexity="0" minCyclomaticComplexity="0" maxCrapScore="0" minCrapScore="0" visitedClasses="21" numClasses="21" visitedMethods="36" numMethods="36" />
  <Modules>
    <Module>
      <Summary numSequencePoints="193" visitedSequencePoints="188" numBranchPoints="0" visitedBranchPoints="0" sequenceCoverage="97.41" branchCoverage="0.0" maxCyclomaticComplexity="0" minCyclomaticComplexity="0" maxCrapScore="0" minCrapScore="0" visitedClasses="21" numClasses="21" visitedMethods="36" numMethods="36" />
      <ModuleTime>0001-01-01T00:00:00</ModuleTime>
      <ModuleName>ScriptAssembly</ModuleName>
      <Files>
        <File uid="1" fullPath="C:/Users/mathi/Desktop/jeu/Assets/Scripts/AI/AI.cs" />
        <File uid="2" fullPath="C:/Users/mathi/Desktop/jeu/Assets/Scripts/AI/GameEnvironment.cs" />
        <File uid="3" fullPath="C:/Users/mathi/Desktop/jeu/Assets/Scripts/AI/State.cs" />
        <File uid="4" fullPath="C:/Users/mathi/Desktop/jeu/Assets/Scripts/Characters/DeathSequence.cs" />
        <File uid="5" fullPath="C:/Users/mathi/Desktop/jeu/Assets/Scripts/Characters/JulieMovement.cs" />
        <File uid="6" fullPath="C:/Users/mathi/Desktop/jeu/Assets/Scripts/Characters/JulieVisionFollow.cs" />
        <File uid="7" fullPath="C:/Users/mathi/Desktop/jeu/Assets/Scripts/Characters/PlayerController.cs" />
        <File uid="8" fullPath="C:/Users/mathi/Desktop/jeu/Assets/Scripts/FadeOutEffect.cs" />
        <File uid="9" fullPath="C:/Users/mathi/Desktop/jeu/Assets/Scripts/Inventory/Inventory.cs" />
        <File uid="10" fullPath="C:/Users/mathi/Desktop/jeu/Assets/Scripts/Inventory/InventoryManager.cs" />
        <File uid="11" fullPath="C:/Users/mathi/Desktop/jeu/Assets/Scripts/Inventory/Item.cs" />
        <File uid="12" fullPath="C:/Users/mathi/Desktop/jeu/Assets/Scripts/Inventory/itemSlot.cs" />
        <File uid="13" fullPath="C:/Users/mathi/Desktop/jeu/Assets/Scripts/Inventory/LookAtCam.cs" />
        <File uid="14" fullPath="C:/Users/mathi/Desktop/jeu/Assets/Scripts/level1Convo/ShadowManConvo.cs" />
        <File uid="15" fullPath="C:/Users/mathi/Desktop/jeu/Assets/Scripts/level1Convo/VisibilityChecker.cs" />
        <File uid="16" fullPath="C:/Users/mathi/Desktop/jeu/Assets/Scripts/Menu/FadeIn.cs" />
        <File uid="17" fullPath="C:/Users/mathi/Desktop/jeu/Assets/Scripts/Menu/LoadMenuScene.cs" />
        <File uid="18" fullPath="C:/Users/mathi/Desktop/jeu/Assets/Scripts/Menu/QuitGame.cs" />
        <File uid="19" fullPath="C:/Users/mathi/Desktop/jeu/Assets/Scripts/Menu/RestartGame.cs" />
        <File uid="20" fullPath="C:/Users/mathi/Desktop/jeu/Assets/Scripts/Menu/StartGame.cs" />
        <File uid="21" fullPath="C:/Users/mathi/Desktop/jeu/Assets/Scripts/Objects/bucket.cs" />
        <File uid="22" fullPath="C:/Users/mathi/Desktop/jeu/Assets/Scripts/Objects/Clock.cs" />
        <File uid="23" fullPath="C:/Users/mathi/Desktop/jeu/Assets/Scripts/Objects/Door.cs" />
        <File uid="24" fullPath="C:/Users/mathi/Desktop/jeu/Assets/Scripts/Objects/Frame.cs" />
        <File uid="25" fullPath="C:/Users/mathi/Desktop/jeu/Assets/Scripts/Objects/GiveItems.cs" />
        <File uid="26" fullPath="C:/Users/mathi/Desktop/jeu/Assets/Scripts/Objects/Lock.cs" />
        <File uid="27" fullPath="C:/Users/mathi/Desktop/jeu/Assets/Scripts/Objects/MathisEnigme.cs" />
        <File uid="28" fullPath="C:/Users/mathi/Desktop/jeu/Assets/Scripts/Objects/PaintingScript.cs" />
        <File uid="29" fullPath="C:/Users/mathi/Desktop/jeu/Assets/Scripts/Objects/Plank.cs" />
        <File uid="30" fullPath="C:/Users/mathi/Desktop/jeu/Assets/Scripts/Objects/Stove.cs" />
        <File uid="31" fullPath="C:/Users/mathi/Desktop/jeu/Assets/Scripts/Obstacle.cs" />
        <File uid="32" fullPath="C:/Users/mathi/Desktop/jeu/Assets/Scripts/ThrowTrash.cs" />
      </Files>
      <Classes>
        <Class>
          <Summary numSequencePoints="40" visitedSequencePoints="36" numBranchPoints="0" visitedBranchPoints="0" sequenceCoverage="90.00" branchCoverage="0.0" maxCyclomaticComplexity="0" minCyclomaticComplexity="0" maxCrapScore="0" minCrapScore="0" visitedClasses="1" numClasses="1" visitedMethods="5" numMethods="5" />
          <FullName>AI</FullName>
          <Methods>
            <Method visited="true" cyclomaticComplexity="0" nPathComplexity="0" sequenceCoverage="100.0" branchCoverage="0" crapScore="0" isConstructor="false" isStatic="false" isGetter="false" isSetter="false">
              <Summary numSequencePoints="8" visitedSequencePoints="8" numBranchPoints="0" visitedBranchPoints="0" sequenceCoverage="100.0" branchCoverage="0" maxCyclomaticComplexity="0" minCyclomaticComplexity="0" maxCrapScore="0" minCrapScore="0" visitedClasses="0" numClasses="0" visitedMethods="1" numMethods="1" />
              <MetadataToken>100663299</MetadataToken>
              <Name>System.Void AI::PlayGrowlSound()</Name>
              <FileRef uid="1" />
              <SequencePoints>
                <SequencePoint vc="1" uspid="1643" ordinal="0" offset="0" sl="63" sc="34" el="63" ec="34" bec="0" bev="0" fileid="1" />
                <SequencePoint vc="1" uspid="1644" ordinal="0" offset="1" sl="64" sc="9" el="64" ec="9" bec="0" bev="0" fileid="1" />
                <SequencePoint vc="1" uspid="1645" ordinal="0" offset="19" sl="64" sc="37" el="64" ec="37" bec="0" bev="0" fileid="1" />
                <SequencePoint vc="1" uspid="1646" ordinal="0" offset="20" sl="65" sc="13" el="65" ec="13" bec="0" bev="0" fileid="1" />
                <SequencePoint vc="1" uspid="1647" ordinal="0" offset="37" sl="66" sc="13" el="66" ec="13" bec="0" bev="0" fileid="1" />
                <SequencePoint vc="1" uspid="1648" ordinal="0" offset="54" sl="67" sc="13" el="67" ec="13" bec="0" bev="0" fileid="1" />
                <SequencePoint vc="1" uspid="1649" ordinal="0" offset="72" sl="68" sc="9" el="68" ec="9" bec="0" bev="0" fileid="1" />
                <SequencePoint vc="1" uspid="1650" ordinal="0" offset="73" sl="69" sc="5" el="69" ec="5" bec="0" bev="0" fileid="1" />
              </SequencePoints>
              <BranchPoints />
            </Method>
            <Method visited="true" cyclomaticComplexity="0" nPathComplexity="0" sequenceCoverage="77.78" branchCoverage="0" crapScore="0" isConstructor="false" isStatic="false" isGetter="false" isSetter="false">
              <Summary numSequencePoints="18" visitedSequencePoints="14" numBranchPoints="0" visitedBranchPoints="0" sequenceCoverage="77.78" branchCoverage="0" maxCyclomaticComplexity="0" minCyclomaticComplexity="0" maxCrapScore="0" minCrapScore="0" visitedClasses="0" numClasses="0" visitedMethods="1" numMethods="1" />
              <MetadataToken>100663300</MetadataToken>
              <Name>System.Void AI::PlayFootStep()</Name>
              <FileRef uid="1" />
              <SequencePoints>
                <SequencePoint vc="1" uspid="1651" ordinal="0" offset="0" sl="71" sc="32" el="71" ec="32" bec="0" bev="0" fileid="1" />
                <SequencePoint vc="1" uspid="1652" ordinal="0" offset="1" sl="72" sc="9" el="72" ec="9" bec="0" bev="0" fileid="1" />
                <SequencePoint vc="1" uspid="1653" ordinal="0" offset="38" sl="72" sc="66" el="72" ec="66" bec="0" bev="0" fileid="1" />
                <SequencePoint vc="1" uspid="1654" ordinal="0" offset="39" sl="73" sc="13" el="73" ec="13" bec="0" bev="0" fileid="1" />
                <SequencePoint vc="1" uspid="1655" ordinal="0" offset="54" sl="75" sc="13" el="75" ec="13" bec="0" bev="0" fileid="1" />
                <SequencePoint vc="1" uspid="1656" ordinal="0" offset="71" sl="76" sc="13" el="76" ec="13" bec="0" bev="0" fileid="1" />
                <SequencePoint vc="1" uspid="1657" ordinal="0" offset="98" sl="78" sc="13" el="78" ec="13" bec="0" bev="0" fileid="1" />
                <SequencePoint vc="1" uspid="1658" ordinal="0" offset="108" sl="78" sc="29" el="78" ec="29" bec="0" bev="0" fileid="1" />
                <SequencePoint vc="1" uspid="1659" ordinal="0" offset="109" sl="79" sc="17" el="79" ec="17" bec="0" bev="0" fileid="1" />
                <SequencePoint vc="1" uspid="1660" ordinal="0" offset="126" sl="80" sc="17" el="80" ec="17" bec="0" bev="0" fileid="1" />
                <SequencePoint vc="1" uspid="1661" ordinal="0" offset="144" sl="81" sc="13" el="81" ec="13" bec="0" bev="0" fileid="1" />
                <SequencePoint vc="0" uspid="1662" ordinal="0" offset="147" sl="81" sc="20" el="81" ec="20" bec="0" bev="0" fileid="1" />
                <SequencePoint vc="0" uspid="1663" ordinal="0" offset="148" sl="82" sc="17" el="82" ec="17" bec="0" bev="0" fileid="1" />
                <SequencePoint vc="0" uspid="1664" ordinal="0" offset="165" sl="83" sc="17" el="83" ec="17" bec="0" bev="0" fileid="1" />
                <SequencePoint vc="0" uspid="1665" ordinal="0" offset="183" sl="84" sc="13" el="84" ec="13" bec="0" bev="0" fileid="1" />
                <SequencePoint vc="1" uspid="1666" ordinal="0" offset="184" sl="85" sc="13" el="85" ec="13" bec="0" bev="0" fileid="1" />
                <SequencePoint vc="1" uspid="1667" ordinal="0" offset="202" sl="86" sc="9" el="86" ec="9" bec="0" bev="0" fileid="1" />
                <SequencePoint vc="1" uspid="1668" ordinal="0" offset="203" sl="87" sc="5" el="87" ec="5" bec="0" bev="0" fileid="1" />
              </SequencePoints>
              <BranchPoints />
            </Method>
            <Method visited="true" cyclomaticComplexity="0" nPathComplexity="0" sequenceCoverage="100.0" branchCoverage="0" crapScore="0" isConstructor="false" isStatic="false" isGetter="false" isSetter="false">
              <Summary numSequencePoints="6" visitedSequencePoints="6" numBranchPoints="0" visitedBranchPoints="0" sequenceCoverage="100.0" branchCoverage="0" maxCyclomaticComplexity="0" minCyclomaticComplexity="0" maxCrapScore="0" minCrapScore="0" visitedClasses="0" numClasses="0" visitedMethods="1" numMethods="1" />
              <MetadataToken>100663301</MetadataToken>
              <Name>System.Void AI::StopFootStep()</Name>
              <FileRef uid="1" />
              <SequencePoints>
                <SequencePoint vc="1" uspid="1669" ordinal="0" offset="0" sl="89" sc="32" el="89" ec="32" bec="0" bev="0" fileid="1" />
                <SequencePoint vc="1" uspid="1670" ordinal="0" offset="1" sl="90" sc="9" el="90" ec="9" bec="0" bev="0" fileid="1" />
                <SequencePoint vc="1" uspid="1671" ordinal="0" offset="16" sl="90" sc="36" el="90" ec="36" bec="0" bev="0" fileid="1" />
                <SequencePoint vc="1" uspid="1672" ordinal="0" offset="17" sl="91" sc="13" el="91" ec="13" bec="0" bev="0" fileid="1" />
                <SequencePoint vc="1" uspid="1673" ordinal="0" offset="29" sl="92" sc="9" el="92" ec="9" bec="0" bev="0" fileid="1" />
                <SequencePoint vc="1" uspid="1674" ordinal="0" offset="30" sl="93" sc="5" el="93" ec="5" bec="0" bev="0" fileid="1" />
              </SequencePoints>
              <BranchPoints />
            </Method>
            <Method visited="true" cyclomaticComplexity="0" nPathComplexity="0" sequenceCoverage="100.0" branchCoverage="0" crapScore="0" isConstructor="false" isStatic="false" isGetter="false" isSetter="false">
              <Summary numSequencePoints="3" visitedSequencePoints="3" numBranchPoints="0" visitedBranchPoints="0" sequenceCoverage="100.0" branchCoverage="0" maxCyclomaticComplexity="0" minCyclomaticComplexity="0" maxCrapScore="0" minCrapScore="0" visitedClasses="0" numClasses="0" visitedMethods="1" numMethods="1" />
              <MetadataToken>100663302</MetadataToken>
              <Name>System.Void AI::ResetAttackSound()</Name>
              <FileRef uid="1" />
              <SequencePoints>
                <SequencePoint vc="1" uspid="1675" ordinal="0" offset="0" sl="95" sc="35" el="95" ec="35" bec="0" bev="0" fileid="1" />
                <SequencePoint vc="1" uspid="1676" ordinal="0" offset="1" sl="97" sc="9" el="97" ec="9" bec="0" bev="0" fileid="1" />
                <SequencePoint vc="1" uspid="1677" ordinal="0" offset="8" sl="98" sc="5" el="98" ec="5" bec="0" bev="0" fileid="1" />
              </SequencePoints>
              <BranchPoints />
            </Method>
            <Method visited="true" cyclomaticComplexity="0" nPathComplexity="0" sequenceCoverage="100.0" branchCoverage="0" crapScore="0" isConstructor="true" isStatic="false" isGetter="false" isSetter="false">
              <Summary numSequencePoints="5" visitedSequencePoints="5" numBranchPoints="0" visitedBranchPoints="0" sequenceCoverage="100.0" branchCoverage="0" maxCyclomaticComplexity="0" minCyclomaticComplexity="0" maxCrapScore="0" minCrapScore="0" visitedClasses="0" numClasses="0" visitedMethods="1" numMethods="1" />
              <MetadataToken>100663303</MetadataToken>
              <Name>AI::AI()</Name>
              <FileRef uid="1" />
              <SequencePoints>
                <SequencePoint vc="5" uspid="1678" ordinal="0" offset="0" sl="18" sc="5" el="18" ec="5" bec="0" bev="0" fileid="1" />
                <SequencePoint vc="5" uspid="1679" ordinal="0" offset="11" sl="20" sc="5" el="20" ec="5" bec="0" bev="0" fileid="1" />
                <SequencePoint vc="5" uspid="1680" ordinal="0" offset="22" sl="21" sc="5" el="21" ec="5" bec="0" bev="0" fileid="1" />
                <SequencePoint vc="5" uspid="1681" ordinal="0" offset="33" sl="22" sc="5" el="22" ec="5" bec="0" bev="0" fileid="1" />
                <SequencePoint vc="5" uspid="1682" ordinal="0" offset="40" sl="23" sc="5" el="23" ec="5" bec="0" bev="0" fileid="1" />
              </SequencePoints>
              <BranchPoints />
            </Method>
          </Methods>
        </Class>
        <Class>
          <Summary numSequencePoints="2" visitedSequencePoints="2" numBranchPoints="0" visitedBranchPoints="0" sequenceCoverage="100.0" branchCoverage="0.0" maxCyclomaticComplexity="0" minCyclomaticComplexity="0" maxCrapScore="0" minCrapScore="0" visitedClasses="1" numClasses="1" visitedMethods="1" numMethods="1" />
          <FullName>DeathSequence</FullName>
          <Methods>
            <Method visited="true" cyclomaticComplexity="0" nPathComplexity="0" sequenceCoverage="100.0" branchCoverage="0" crapScore="0" isConstructor="true" isStatic="false" isGetter="false" isSetter="false">
              <Summary numSequencePoints="2" visitedSequencePoints="2" numBranchPoints="0" visitedBranchPoints="0" sequenceCoverage="100.0" branchCoverage="0" maxCyclomaticComplexity="0" minCyclomaticComplexity="0" maxCrapScore="0" minCrapScore="0" visitedClasses="0" numClasses="0" visitedMethods="1" numMethods="1" />
              <MetadataToken>100663336</MetadataToken>
              <Name>DeathSequence::DeathSequence()</Name>
              <FileRef uid="4" />
              <SequencePoints>
                <SequencePoint vc="2" uspid="1914" ordinal="0" offset="0" sl="13" sc="22" el="13" ec="22" bec="0" bev="0" fileid="4" />
                <SequencePoint vc="2" uspid="1915" ordinal="0" offset="11" sl="16" sc="5" el="16" ec="5" bec="0" bev="0" fileid="4" />
              </SequencePoints>
              <BranchPoints />
            </Method>
          </Methods>
        </Class>
        <Class>
          <Summary numSequencePoints="8" visitedSequencePoints="8" numBranchPoints="0" visitedBranchPoints="0" sequenceCoverage="100.0" branchCoverage="0.0" maxCyclomaticComplexity="0" minCyclomaticComplexity="0" maxCrapScore="0" minCrapScore="0" visitedClasses="1" numClasses="1" visitedMethods="1" numMethods="1" />
          <FullName>JulieMovement</FullName>
          <Methods>
            <Method visited="true" cyclomaticComplexity="0" nPathComplexity="0" sequenceCoverage="100.0" branchCoverage="0" crapScore="0" isConstructor="true" isStatic="false" isGetter="false" isSetter="false">
              <Summary numSequencePoints="8" visitedSequencePoints="8" numBranchPoints="0" visitedBranchPoints="0" sequenceCoverage="100.0" branchCoverage="0" maxCyclomaticComplexity="0" minCyclomaticComplexity="0" maxCrapScore="0" minCrapScore="0" visitedClasses="0" numClasses="0" visitedMethods="1" numMethods="1" />
              <MetadataToken>100663343</MetadataToken>
              <Name>JulieMovement::JulieMovement()</Name>
              <FileRef uid="5" />
              <SequencePoints>
                <SequencePoint vc="2" uspid="1993" ordinal="0" offset="0" sl="16" sc="22" el="16" ec="22" bec="0" bev="0" fileid="5" />
                <SequencePoint vc="2" uspid="1994" ordinal="0" offset="11" sl="17" sc="22" el="17" ec="22" bec="0" bev="0" fileid="5" />
                <SequencePoint vc="2" uspid="1995" ordinal="0" offset="22" sl="18" sc="22" el="18" ec="22" bec="0" bev="0" fileid="5" />
                <SequencePoint vc="2" uspid="1996" ordinal="0" offset="30" sl="23" sc="5" el="23" ec="5" bec="0" bev="0" fileid="5" />
                <SequencePoint vc="2" uspid="1997" ordinal="0" offset="41" sl="24" sc="5" el="24" ec="5" bec="0" bev="0" fileid="5" />
                <SequencePoint vc="2" uspid="1998" ordinal="0" offset="52" sl="25" sc="5" el="25" ec="5" bec="0" bev="0" fileid="5" />
                <SequencePoint vc="2" uspid="1999" ordinal="0" offset="63" sl="29" sc="5" el="29" ec="5" bec="0" bev="0" fileid="5" />
                <SequencePoint vc="2" uspid="2000" ordinal="0" offset="70" sl="32" sc="5" el="32" ec="5" bec="0" bev="0" fileid="5" />
              </SequencePoints>
              <BranchPoints />
            </Method>
          </Methods>
        </Class>
        <Class>
          <Summary numSequencePoints="1" visitedSequencePoints="1" numBranchPoints="0" visitedBranchPoints="0" sequenceCoverage="100.0" branchCoverage="0.0" maxCyclomaticComplexity="0" minCyclomaticComplexity="0" maxCrapScore="0" minCrapScore="0" visitedClasses="1" numClasses="1" visitedMethods="1" numMethods="1" />
          <FullName>JulieVisionFollow</FullName>
          <Methods>
            <Method visited="true" cyclomaticComplexity="0" nPathComplexity="0" sequenceCoverage="100.0" branchCoverage="0" crapScore="0" isConstructor="true" isStatic="false" isGetter="false" isSetter="false">
              <Summary numSequencePoints="1" visitedSequencePoints="1" numBranchPoints="0" visitedBranchPoints="0" sequenceCoverage="100.0" branchCoverage="0" maxCyclomaticComplexity="0" minCyclomaticComplexity="0" maxCrapScore="0" minCrapScore="0" visitedClasses="0" numClasses="0" visitedMethods="1" numMethods="1" />
              <MetadataToken>100663346</MetadataToken>
              <Name>JulieVisionFollow::JulieVisionFollow()</Name>
              <FileRef uid="6" />
              <SequencePoints>
                <SequencePoint vc="2" uspid="2017" ordinal="0" offset="0" sl="11" sc="5" el="11" ec="5" bec="0" bev="0" fileid="6" />
              </SequencePoints>
              <BranchPoints />
            </Method>
          </Methods>
        </Class>
        <Class>
          <Summary numSequencePoints="3" visitedSequencePoints="3" numBranchPoints="0" visitedBranchPoints="0" sequenceCoverage="100.0" branchCoverage="0.0" maxCyclomaticComplexity="0" minCyclomaticComplexity="0" maxCrapScore="0" minCrapScore="0" visitedClasses="1" numClasses="1" visitedMethods="1" numMethods="1" />
          <FullName>FadeOutEffect</FullName>
          <Methods>
            <Method visited="true" cyclomaticComplexity="0" nPathComplexity="0" sequenceCoverage="100.0" branchCoverage="0" crapScore="0" isConstructor="true" isStatic="false" isGetter="false" isSetter="false">
              <Summary numSequencePoints="3" visitedSequencePoints="3" numBranchPoints="0" visitedBranchPoints="0" sequenceCoverage="100.0" branchCoverage="0" maxCyclomaticComplexity="0" minCyclomaticComplexity="0" maxCrapScore="0" minCrapScore="0" visitedClasses="0" numClasses="0" visitedMethods="1" numMethods="1" />
              <MetadataToken>100663352</MetadataToken>
              <Name>FadeOutEffect::FadeOutEffect()</Name>
              <FileRef uid="8" />
              <SequencePoints>
                <SequencePoint vc="1" uspid="2054" ordinal="0" offset="0" sl="15" sc="5" el="15" ec="5" bec="0" bev="0" fileid="8" />
                <SequencePoint vc="1" uspid="2055" ordinal="0" offset="11" sl="16" sc="5" el="16" ec="5" bec="0" bev="0" fileid="8" />
                <SequencePoint vc="1" uspid="2056" ordinal="0" offset="22" sl="18" sc="5" el="18" ec="5" bec="0" bev="0" fileid="8" />
              </SequencePoints>
              <BranchPoints />
            </Method>
          </Methods>
        </Class>
        <Class>
          <Summary numSequencePoints="3" visitedSequencePoints="3" numBranchPoints="0" visitedBranchPoints="0" sequenceCoverage="100.0" branchCoverage="0.0" maxCyclomaticComplexity="0" minCyclomaticComplexity="0" maxCrapScore="0" minCrapScore="0" visitedClasses="1" numClasses="1" visitedMethods="1" numMethods="1" />
          <FullName>Inventory</FullName>
          <Methods>
            <Method visited="true" cyclomaticComplexity="0" nPathComplexity="0" sequenceCoverage="100.0" branchCoverage="0" crapScore="0" isConstructor="true" isStatic="false" isGetter="false" isSetter="false">
              <Summary numSequencePoints="3" visitedSequencePoints="3" numBranchPoints="0" visitedBranchPoints="0" sequenceCoverage="100.0" branchCoverage="0" maxCyclomaticComplexity="0" minCyclomaticComplexity="0" maxCrapScore="0" minCrapScore="0" visitedClasses="0" numClasses="0" visitedMethods="1" numMethods="1" />
              <MetadataToken>100663362</MetadataToken>
              <Name>Inventory::Inventory()</Name>
              <FileRef uid="9" />
              <SequencePoints>
                <SequencePoint vc="7" uspid="2165" ordinal="0" offset="0" sl="7" sc="5" el="7" ec="5" bec="0" bev="0" fileid="9" />
                <SequencePoint vc="7" uspid="2166" ordinal="0" offset="7" sl="9" sc="5" el="9" ec="5" bec="0" bev="0" fileid="9" />
                <SequencePoint vc="7" uspid="2167" ordinal="0" offset="14" sl="13" sc="5" el="13" ec="5" bec="0" bev="0" fileid="9" />
              </SequencePoints>
              <BranchPoints />
            </Method>
          </Methods>
        </Class>
        <Class>
          <Summary numSequencePoints="2" visitedSequencePoints="2" numBranchPoints="0" visitedBranchPoints="0" sequenceCoverage="100.0" branchCoverage="0.0" maxCyclomaticComplexity="0" minCyclomaticComplexity="0" maxCrapScore="0" minCrapScore="0" visitedClasses="1" numClasses="1" visitedMethods="1" numMethods="1" />
          <FullName>InventoryManager</FullName>
          <Methods>
            <Method visited="true" cyclomaticComplexity="0" nPathComplexity="0" sequenceCoverage="100.0" branchCoverage="0" crapScore="0" isConstructor="true" isStatic="false" isGetter="false" isSetter="false">
              <Summary numSequencePoints="2" visitedSequencePoints="2" numBranchPoints="0" visitedBranchPoints="0" sequenceCoverage="100.0" branchCoverage="0" maxCyclomaticComplexity="0" minCyclomaticComplexity="0" maxCrapScore="0" minCrapScore="0" visitedClasses="0" numClasses="0" visitedMethods="1" numMethods="1" />
              <MetadataToken>100663372</MetadataToken>
              <Name>InventoryManager::InventoryManager()</Name>
              <FileRef uid="10" />
              <SequencePoints>
                <SequencePoint vc="1" uspid="2279" ordinal="0" offset="0" sl="14" sc="5" el="14" ec="5" bec="0" bev="0" fileid="10" />
                <SequencePoint vc="1" uspid="2280" ordinal="0" offset="7" sl="15" sc="5" el="15" ec="5" bec="0" bev="0" fileid="10" />
              </SequencePoints>
              <BranchPoints />
            </Method>
          </Methods>
        </Class>
        <Class>
          <Summary numSequencePoints="46" visitedSequencePoints="45" numBranchPoints="0" visitedBranchPoints="0" sequenceCoverage="97.83" branchCoverage="0.0" maxCyclomaticComplexity="0" minCyclomaticComplexity="0" maxCrapScore="0" minCrapScore="0" visitedClasses="1" numClasses="1" visitedMethods="5" numMethods="5" />
          <FullName>Item</FullName>
          <Methods>
            <Method visited="true" cyclomaticComplexity="0" nPathComplexity="0" sequenceCoverage="100.0" branchCoverage="0" crapScore="0" isConstructor="false" isStatic="true" isGetter="false" isSetter="false">
              <Summary numSequencePoints="16" visitedSequencePoints="16" numBranchPoints="0" visitedBranchPoints="0" sequenceCoverage="100.0" branchCoverage="0" maxCyclomaticComplexity="0" minCyclomaticComplexity="0" maxCrapScore="0" minCrapScore="0" visitedClasses="0" numClasses="0" visitedMethods="1" numMethods="1" />
              <MetadataToken>100663379</MetadataToken>
              <Name>static UnityEngine.Canvas Item::CreateCanvas(UnityEngine.GameObject)</Name>
              <FileRef uid="11" />
              <SequencePoints>
                <SequencePoint vc="1" uspid="2314" ordinal="0" offset="0" sl="79" sc="5" el="79" ec="5" bec="0" bev="0" fileid="11" />
                <SequencePoint vc="1" uspid="2315" ordinal="0" offset="1" sl="80" sc="9" el="80" ec="9" bec="0" bev="0" fileid="11" />
                <SequencePoint vc="1" uspid="2316" ordinal="0" offset="23" sl="81" sc="9" el="81" ec="9" bec="0" bev="0" fileid="11" />
                <SequencePoint vc="1" uspid="2317" ordinal="0" offset="30" sl="82" sc="9" el="82" ec="9" bec="0" bev="0" fileid="11" />
                <SequencePoint vc="1" uspid="2318" ordinal="0" offset="38" sl="84" sc="9" el="84" ec="9" bec="0" bev="0" fileid="11" />
                <SequencePoint vc="1" uspid="2319" ordinal="0" offset="45" sl="85" sc="9" el="85" ec="9" bec="0" bev="0" fileid="11" />
                <SequencePoint vc="1" uspid="2320" ordinal="0" offset="57" sl="87" sc="9" el="87" ec="9" bec="0" bev="0" fileid="11" />
                <SequencePoint vc="1" uspid="2321" ordinal="0" offset="64" sl="88" sc="9" el="88" ec="9" bec="0" bev="0" fileid="11" />
                <SequencePoint vc="1" uspid="2322" ordinal="0" offset="86" sl="89" sc="9" el="89" ec="9" bec="0" bev="0" fileid="11" />
                <SequencePoint vc="1" uspid="2323" ordinal="0" offset="113" sl="90" sc="9" el="90" ec="9" bec="0" bev="0" fileid="11" />
                <SequencePoint vc="1" uspid="2324" ordinal="0" offset="156" sl="91" sc="9" el="91" ec="9" bec="0" bev="0" fileid="11" />
                <SequencePoint vc="1" uspid="2325" ordinal="0" offset="163" sl="93" sc="9" el="93" ec="9" bec="0" bev="0" fileid="11" />
                <SequencePoint vc="1" uspid="2326" ordinal="0" offset="182" sl="95" sc="9" el="95" ec="9" bec="0" bev="0" fileid="11" />
                <SequencePoint vc="1" uspid="2327" ordinal="0" offset="189" sl="96" sc="9" el="96" ec="9" bec="0" bev="0" fileid="11" />
                <SequencePoint vc="1" uspid="2328" ordinal="0" offset="196" sl="98" sc="9" el="98" ec="9" bec="0" bev="0" fileid="11" />
                <SequencePoint vc="1" uspid="2329" ordinal="0" offset="201" sl="99" sc="5" el="99" ec="5" bec="0" bev="0" fileid="11" />
              </SequencePoints>
              <BranchPoints />
            </Method>
            <Method visited="true" cyclomaticComplexity="0" nPathComplexity="0" sequenceCoverage="100.0" branchCoverage="0" crapScore="0" isConstructor="false" isStatic="true" isGetter="false" isSetter="false">
              <Summary numSequencePoints="8" visitedSequencePoints="8" numBranchPoints="0" visitedBranchPoints="0" sequenceCoverage="100.0" branchCoverage="0" maxCyclomaticComplexity="0" minCyclomaticComplexity="0" maxCrapScore="0" minCrapScore="0" visitedClasses="0" numClasses="0" visitedMethods="1" numMethods="1" />
              <MetadataToken>100663380</MetadataToken>
              <Name>static System.Void Item::AddCanvasBackground(UnityEngine.GameObject)</Name>
              <FileRef uid="11" />
              <SequencePoints>
                <SequencePoint vc="2" uspid="2330" ordinal="0" offset="0" sl="102" sc="5" el="102" ec="5" bec="0" bev="0" fileid="11" />
                <SequencePoint vc="2" uspid="2331" ordinal="0" offset="1" sl="103" sc="9" el="103" ec="9" bec="0" bev="0" fileid="11" />
                <SequencePoint vc="2" uspid="2332" ordinal="0" offset="12" sl="104" sc="9" el="104" ec="9" bec="0" bev="0" fileid="11" />
                <SequencePoint vc="2" uspid="2333" ordinal="0" offset="19" sl="105" sc="9" el="105" ec="9" bec="0" bev="0" fileid="11" />
                <SequencePoint vc="2" uspid="2334" ordinal="0" offset="51" sl="107" sc="9" el="107" ec="9" bec="0" bev="0" fileid="11" />
                <SequencePoint vc="2" uspid="2335" ordinal="0" offset="58" sl="108" sc="9" el="108" ec="9" bec="0" bev="0" fileid="11" />
                <SequencePoint vc="2" uspid="2336" ordinal="0" offset="80" sl="109" sc="9" el="109" ec="9" bec="0" bev="0" fileid="11" />
                <SequencePoint vc="2" uspid="2337" ordinal="0" offset="99" sl="110" sc="5" el="110" ec="5" bec="0" bev="0" fileid="11" />
              </SequencePoints>
              <BranchPoints />
            </Method>
            <Method visited="true" cyclomaticComplexity="0" nPathComplexity="0" sequenceCoverage="100.0" branchCoverage="0" crapScore="0" isConstructor="false" isStatic="true" isGetter="false" isSetter="false">
              <Summary numSequencePoints="12" visitedSequencePoints="12" numBranchPoints="0" visitedBranchPoints="0" sequenceCoverage="100.0" branchCoverage="0" maxCyclomaticComplexity="0" minCyclomaticComplexity="0" maxCrapScore="0" minCrapScore="0" visitedClasses="0" numClasses="0" visitedMethods="1" numMethods="1" />
              <MetadataToken>100663381</MetadataToken>
              <Name>static System.Void Item::AddCanvasText(UnityEngine.GameObject)</Name>
              <FileRef uid="11" />
              <SequencePoints>
                <SequencePoint vc="1" uspid="2338" ordinal="0" offset="0" sl="113" sc="5" el="113" ec="5" bec="0" bev="0" fileid="11" />
                <SequencePoint vc="1" uspid="2339" ordinal="0" offset="1" sl="114" sc="9" el="114" ec="9" bec="0" bev="0" fileid="11" />
                <SequencePoint vc="1" uspid="2340" ordinal="0" offset="12" sl="115" sc="9" el="115" ec="9" bec="0" bev="0" fileid="11" />
                <SequencePoint vc="1" uspid="2341" ordinal="0" offset="19" sl="116" sc="9" el="116" ec="9" bec="0" bev="0" fileid="11" />
                <SequencePoint vc="1" uspid="2342" ordinal="0" offset="31" sl="117" sc="9" el="117" ec="9" bec="0" bev="0" fileid="11" />
                <SequencePoint vc="1" uspid="2343" ordinal="0" offset="43" sl="118" sc="9" el="118" ec="9" bec="0" bev="0" fileid="11" />
                <SequencePoint vc="1" uspid="2344" ordinal="0" offset="55" sl="119" sc="9" el="119" ec="9" bec="0" bev="0" fileid="11" />
                <SequencePoint vc="1" uspid="2345" ordinal="0" offset="63" sl="120" sc="9" el="120" ec="9" bec="0" bev="0" fileid="11" />
                <SequencePoint vc="1" uspid="2346" ordinal="0" offset="75" sl="122" sc="9" el="122" ec="9" bec="0" bev="0" fileid="11" />
                <SequencePoint vc="1" uspid="2347" ordinal="0" offset="82" sl="123" sc="9" el="123" ec="9" bec="0" bev="0" fileid="11" />
                <SequencePoint vc="1" uspid="2348" ordinal="0" offset="104" sl="124" sc="9" el="124" ec="9" bec="0" bev="0" fileid="11" />
                <SequencePoint vc="1" uspid="2349" ordinal="0" offset="123" sl="125" sc="5" el="125" ec="5" bec="0" bev="0" fileid="11" />
              </SequencePoints>
              <BranchPoints />
            </Method>
            <Method visited="true" cyclomaticComplexity="0" nPathComplexity="0" sequenceCoverage="83.33" branchCoverage="0" crapScore="0" isConstructor="false" isStatic="false" isGetter="false" isSetter="false">
              <Summary numSequencePoints="6" visitedSequencePoints="5" numBranchPoints="0" visitedBranchPoints="0" sequenceCoverage="83.33" branchCoverage="0" maxCyclomaticComplexity="0" minCyclomaticComplexity="0" maxCrapScore="0" minCrapScore="0" visitedClasses="0" numClasses="0" visitedMethods="1" numMethods="1" />
              <MetadataToken>100663382</MetadataToken>
              <Name>System.Void Item::PlaySelectionSound()</Name>
              <FileRef uid="11" />
              <SequencePoints>
                <SequencePoint vc="1" uspid="2350" ordinal="0" offset="0" sl="128" sc="5" el="128" ec="5" bec="0" bev="0" fileid="11" />
                <SequencePoint vc="1" uspid="2351" ordinal="0" offset="1" sl="129" sc="9" el="129" ec="9" bec="0" bev="0" fileid="11" />
                <SequencePoint vc="0" uspid="2352" ordinal="0" offset="17" sl="130" sc="13" el="130" ec="13" bec="0" bev="0" fileid="11" />
                <SequencePoint vc="1" uspid="2353" ordinal="0" offset="19" sl="132" sc="9" el="132" ec="9" bec="0" bev="0" fileid="11" />
                <SequencePoint vc="1" uspid="2354" ordinal="0" offset="37" sl="133" sc="9" el="133" ec="9" bec="0" bev="0" fileid="11" />
                <SequencePoint vc="1" uspid="2355" ordinal="0" offset="49" sl="134" sc="5" el="134" ec="5" bec="0" bev="0" fileid="11" />
              </SequencePoints>
              <BranchPoints />
            </Method>
            <Method visited="true" cyclomaticComplexity="0" nPathComplexity="0" sequenceCoverage="100.0" branchCoverage="0" crapScore="0" isConstructor="true" isStatic="false" isGetter="false" isSetter="false">
              <Summary numSequencePoints="4" visitedSequencePoints="4" numBranchPoints="0" visitedBranchPoints="0" sequenceCoverage="100.0" branchCoverage="0" maxCyclomaticComplexity="0" minCyclomaticComplexity="0" maxCrapScore="0" minCrapScore="0" visitedClasses="0" numClasses="0" visitedMethods="1" numMethods="1" />
              <MetadataToken>100663383</MetadataToken>
              <Name>Item::Item()</Name>
              <FileRef uid="11" />
              <SequencePoints>
                <SequencePoint vc="13" uspid="2356" ordinal="0" offset="0" sl="14" sc="5" el="14" ec="5" bec="0" bev="0" fileid="11" />
                <SequencePoint vc="13" uspid="2357" ordinal="0" offset="11" sl="22" sc="5" el="22" ec="5" bec="0" bev="0" fileid="11" />
                <SequencePoint vc="13" uspid="2358" ordinal="0" offset="22" sl="24" sc="5" el="24" ec="5" bec="0" bev="0" fileid="11" />
                <SequencePoint vc="13" uspid="2359" ordinal="0" offset="33" sl="26" sc="5" el="26" ec="5" bec="0" bev="0" fileid="11" />
              </SequencePoints>
              <BranchPoints />
            </Method>
          </Methods>
        </Class>
        <Class>
          <Summary numSequencePoints="3" visitedSequencePoints="3" numBranchPoints="0" visitedBranchPoints="0" sequenceCoverage="100.0" branchCoverage="0.0" maxCyclomaticComplexity="0" minCyclomaticComplexity="0" maxCrapScore="0" minCrapScore="0" visitedClasses="1" numClasses="1" visitedMethods="1" numMethods="1" />
          <FullName>ShadowManConvo</FullName>
          <Methods>
            <Method visited="true" cyclomaticComplexity="0" nPathComplexity="0" sequenceCoverage="100.0" branchCoverage="0" crapScore="0" isConstructor="true" isStatic="false" isGetter="false" isSetter="false">
              <Summary numSequencePoints="3" visitedSequencePoints="3" numBranchPoints="0" visitedBranchPoints="0" sequenceCoverage="100.0" branchCoverage="0" maxCyclomaticComplexity="0" minCyclomaticComplexity="0" maxCrapScore="0" minCrapScore="0" visitedClasses="0" numClasses="0" visitedMethods="1" numMethods="1" />
              <MetadataToken>100663399</MetadataToken>
              <Name>ShadowManConvo::ShadowManConvo()</Name>
              <FileRef uid="14" />
              <SequencePoints>
                <SequencePoint vc="1" uspid="2452" ordinal="0" offset="0" sl="17" sc="5" el="17" ec="5" bec="0" bev="0" fileid="14" />
                <SequencePoint vc="1" uspid="2453" ordinal="0" offset="7" sl="18" sc="5" el="18" ec="5" bec="0" bev="0" fileid="14" />
                <SequencePoint vc="1" uspid="2454" ordinal="0" offset="14" sl="19" sc="5" el="19" ec="5" bec="0" bev="0" fileid="14" />
              </SequencePoints>
              <BranchPoints />
            </Method>
          </Methods>
        </Class>
        <Class>
          <Summary numSequencePoints="6" visitedSequencePoints="6" numBranchPoints="0" visitedBranchPoints="0" sequenceCoverage="100.0" branchCoverage="0.0" maxCyclomaticComplexity="0" minCyclomaticComplexity="0" maxCrapScore="0" minCrapScore="0" visitedClasses="1" numClasses="1" visitedMethods="1" numMethods="1" />
          <FullName>Bucket</FullName>
          <Methods>
            <Method visited="true" cyclomaticComplexity="0" nPathComplexity="0" sequenceCoverage="100.0" branchCoverage="0" crapScore="0" isConstructor="true" isStatic="false" isGetter="false" isSetter="false">
              <Summary numSequencePoints="6" visitedSequencePoints="6" numBranchPoints="0" visitedBranchPoints="0" sequenceCoverage="100.0" branchCoverage="0" maxCyclomaticComplexity="0" minCyclomaticComplexity="0" maxCrapScore="0" minCrapScore="0" visitedClasses="0" numClasses="0" visitedMethods="1" numMethods="1" />
              <MetadataToken>100663420</MetadataToken>
              <Name>Bucket::Bucket()</Name>
              <FileRef uid="21" />
              <SequencePoints>
                <SequencePoint vc="1" uspid="2587" ordinal="0" offset="0" sl="9" sc="5" el="9" ec="5" bec="0" bev="0" fileid="21" />
                <SequencePoint vc="1" uspid="2588" ordinal="0" offset="11" sl="10" sc="5" el="10" ec="5" bec="0" bev="0" fileid="21" />
                <SequencePoint vc="1" uspid="2589" ordinal="0" offset="18" sl="11" sc="5" el="11" ec="5" bec="0" bev="0" fileid="21" />
                <SequencePoint vc="1" uspid="2590" ordinal="0" offset="25" sl="12" sc="5" el="12" ec="5" bec="0" bev="0" fileid="21" />
                <SequencePoint vc="1" uspid="2591" ordinal="0" offset="36" sl="13" sc="5" el="13" ec="5" bec="0" bev="0" fileid="21" />
                <SequencePoint vc="1" uspid="2592" ordinal="0" offset="47" sl="14" sc="5" el="14" ec="5" bec="0" bev="0" fileid="21" />
              </SequencePoints>
              <BranchPoints />
            </Method>
          </Methods>
        </Class>
        <Class>
          <Summary numSequencePoints="32" visitedSequencePoints="32" numBranchPoints="0" visitedBranchPoints="0" sequenceCoverage="100.0" branchCoverage="0.0" maxCyclomaticComplexity="0" minCyclomaticComplexity="0" maxCrapScore="0" minCrapScore="0" visitedClasses="1" numClasses="1" visitedMethods="6" numMethods="6" />
          <FullName>Clock</FullName>
          <Methods>
            <Method visited="true" cyclomaticComplexity="0" nPathComplexity="0" sequenceCoverage="100.0" branchCoverage="0" crapScore="0" isConstructor="false" isStatic="false" isGetter="false" isSetter="false">
              <Summary numSequencePoints="10" visitedSequencePoints="10" numBranchPoints="0" visitedBranchPoints="0" sequenceCoverage="100.0" branchCoverage="0" maxCyclomaticComplexity="0" minCyclomaticComplexity="0" maxCrapScore="0" minCrapScore="0" visitedClasses="0" numClasses="0" visitedMethods="1" numMethods="1" />
              <MetadataToken>100663423</MetadataToken>
              <Name>System.Void Clock::InitializeClock()</Name>
              <FileRef uid="22" />
              <SequencePoints>
                <SequencePoint vc="1" uspid="2599" ordinal="0" offset="0" sl="29" sc="5" el="29" ec="5" bec="0" bev="0" fileid="22" />
                <SequencePoint vc="1" uspid="2600" ordinal="0" offset="1" sl="30" sc="9" el="30" ec="9" bec="0" bev="0" fileid="22" />
                <SequencePoint vc="1" uspid="2601" ordinal="0" offset="13" sl="31" sc="9" el="31" ec="9" bec="0" bev="0" fileid="22" />
                <SequencePoint vc="1" uspid="2602" ordinal="0" offset="42" sl="32" sc="9" el="32" ec="9" bec="0" bev="0" fileid="22" />
                <SequencePoint vc="1" uspid="2603" ordinal="0" offset="60" sl="33" sc="9" el="33" ec="9" bec="0" bev="0" fileid="22" />
                <SequencePoint vc="1" uspid="2604" ordinal="0" offset="73" sl="34" sc="9" el="34" ec="9" bec="0" bev="0" fileid="22" />
                <SequencePoint vc="1" uspid="2605" ordinal="0" offset="85" sl="35" sc="9" el="35" ec="9" bec="0" bev="0" fileid="22" />
                <SequencePoint vc="1" uspid="2606" ordinal="0" offset="102" sl="36" sc="9" el="36" ec="9" bec="0" bev="0" fileid="22" />
                <SequencePoint vc="1" uspid="2607" ordinal="0" offset="141" sl="37" sc="9" el="37" ec="9" bec="0" bev="0" fileid="22" />
                <SequencePoint vc="1" uspid="2608" ordinal="0" offset="154" sl="38" sc="5" el="38" ec="5" bec="0" bev="0" fileid="22" />
              </SequencePoints>
              <BranchPoints />
            </Method>
            <Method visited="true" cyclomaticComplexity="0" nPathComplexity="0" sequenceCoverage="100.0" branchCoverage="0" crapScore="0" isConstructor="false" isStatic="false" isGetter="false" isSetter="false">
              <Summary numSequencePoints="3" visitedSequencePoints="3" numBranchPoints="0" visitedBranchPoints="0" sequenceCoverage="100.0" branchCoverage="0" maxCyclomaticComplexity="0" minCyclomaticComplexity="0" maxCrapScore="0" minCrapScore="0" visitedClasses="0" numClasses="0" visitedMethods="1" numMethods="1" />
              <MetadataToken>100663425</MetadataToken>
              <Name>System.Single Clock::CalculateDistanceToPlayer()</Name>
              <FileRef uid="22" />
              <SequencePoints>
                <SequencePoint vc="1" uspid="2630" ordinal="0" offset="0" sl="68" sc="5" el="68" ec="5" bec="0" bev="0" fileid="22" />
                <SequencePoint vc="1" uspid="2631" ordinal="0" offset="1" sl="69" sc="9" el="69" ec="9" bec="0" bev="0" fileid="22" />
                <SequencePoint vc="1" uspid="2632" ordinal="0" offset="31" sl="70" sc="5" el="70" ec="5" bec="0" bev="0" fileid="22" />
              </SequencePoints>
              <BranchPoints />
            </Method>
            <Method visited="true" cyclomaticComplexity="0" nPathComplexity="0" sequenceCoverage="100.0" branchCoverage="0" crapScore="0" isConstructor="false" isStatic="false" isGetter="false" isSetter="false">
              <Summary numSequencePoints="3" visitedSequencePoints="3" numBranchPoints="0" visitedBranchPoints="0" sequenceCoverage="100.0" branchCoverage="0" maxCyclomaticComplexity="0" minCyclomaticComplexity="0" maxCrapScore="0" minCrapScore="0" visitedClasses="0" numClasses="0" visitedMethods="1" numMethods="1" />
              <MetadataToken>100663426</MetadataToken>
              <Name>System.Void Clock::EnableCanvas()</Name>
              <FileRef uid="22" />
              <SequencePoints>
                <SequencePoint vc="1" uspid="2633" ordinal="0" offset="0" sl="73" sc="5" el="73" ec="5" bec="0" bev="0" fileid="22" />
                <SequencePoint vc="1" uspid="2634" ordinal="0" offset="1" sl="74" sc="9" el="74" ec="9" bec="0" bev="0" fileid="22" />
                <SequencePoint vc="1" uspid="2635" ordinal="0" offset="14" sl="75" sc="5" el="75" ec="5" bec="0" bev="0" fileid="22" />
              </SequencePoints>
              <BranchPoints />
            </Method>
            <Method visited="true" cyclomaticComplexity="0" nPathComplexity="0" sequenceCoverage="100.0" branchCoverage="0" crapScore="0" isConstructor="false" isStatic="false" isGetter="false" isSetter="false">
              <Summary numSequencePoints="3" visitedSequencePoints="3" numBranchPoints="0" visitedBranchPoints="0" sequenceCoverage="100.0" branchCoverage="0" maxCyclomaticComplexity="0" minCyclomaticComplexity="0" maxCrapScore="0" minCrapScore="0" visitedClasses="0" numClasses="0" visitedMethods="1" numMethods="1" />
              <MetadataToken>100663427</MetadataToken>
              <Name>System.Void Clock::DisableCanvas()</Name>
              <FileRef uid="22" />
              <SequencePoints>
                <SequencePoint vc="2" uspid="2636" ordinal="0" offset="0" sl="78" sc="5" el="78" ec="5" bec="0" bev="0" fileid="22" />
                <SequencePoint vc="2" uspid="2637" ordinal="0" offset="1" sl="79" sc="9" el="79" ec="9" bec="0" bev="0" fileid="22" />
                <SequencePoint vc="2" uspid="2638" ordinal="0" offset="14" sl="80" sc="5" el="80" ec="5" bec="0" bev="0" fileid="22" />
              </SequencePoints>
              <BranchPoints />
            </Method>
            <Method visited="true" cyclomaticComplexity="0" nPathComplexity="0" sequenceCoverage="100.0" branchCoverage="0" crapScore="0" isConstructor="false" isStatic="false" isGetter="false" isSetter="false">
              <Summary numSequencePoints="8" visitedSequencePoints="8" numBranchPoints="0" visitedBranchPoints="0" sequenceCoverage="100.0" branchCoverage="0" maxCyclomaticComplexity="0" minCyclomaticComplexity="0" maxCrapScore="0" minCrapScore="0" visitedClasses="0" numClasses="0" visitedMethods="1" numMethods="1" />
              <MetadataToken>100663430</MetadataToken>
              <Name>System.Void Clock::FinalizeClockInteraction()</Name>
              <FileRef uid="22" />
              <SequencePoints>
                <SequencePoint vc="1" uspid="2649" ordinal="0" offset="0" sl="97" sc="5" el="97" ec="5" bec="0" bev="0" fileid="22" />
                <SequencePoint vc="1" uspid="2650" ordinal="0" offset="1" sl="98" sc="9" el="98" ec="9" bec="0" bev="0" fileid="22" />
                <SequencePoint vc="1" uspid="2651" ordinal="0" offset="8" sl="100" sc="9" el="100" ec="9" bec="0" bev="0" fileid="22" />
                <SequencePoint vc="1" uspid="2652" ordinal="0" offset="18" sl="101" sc="9" el="101" ec="9" bec="0" bev="0" fileid="22" />
                <SequencePoint vc="1" uspid="2653" ordinal="0" offset="19" sl="102" sc="13" el="102" ec="13" bec="0" bev="0" fileid="22" />
                <SequencePoint vc="1" uspid="2654" ordinal="0" offset="32" sl="103" sc="13" el="103" ec="13" bec="0" bev="0" fileid="22" />
                <SequencePoint vc="1" uspid="2655" ordinal="0" offset="39" sl="104" sc="9" el="104" ec="9" bec="0" bev="0" fileid="22" />
                <SequencePoint vc="1" uspid="2656" ordinal="0" offset="40" sl="105" sc="5" el="105" ec="5" bec="0" bev="0" fileid="22" />
              </SequencePoints>
              <BranchPoints />
            </Method>
            <Method visited="true" cyclomaticComplexity="0" nPathComplexity="0" sequenceCoverage="100.0" branchCoverage="0" crapScore="0" isConstructor="true" isStatic="false" isGetter="false" isSetter="false">
              <Summary numSequencePoints="5" visitedSequencePoints="5" numBranchPoints="0" visitedBranchPoints="0" sequenceCoverage="100.0" branchCoverage="0" maxCyclomaticComplexity="0" minCyclomaticComplexity="0" maxCrapScore="0" minCrapScore="0" visitedClasses="0" numClasses="0" visitedMethods="1" numMethods="1" />
              <MetadataToken>100663431</MetadataToken>
              <Name>Clock::Clock()</Name>
              <FileRef uid="22" />
              <SequencePoints>
                <SequencePoint vc="6" uspid="2657" ordinal="0" offset="0" sl="8" sc="5" el="8" ec="5" bec="0" bev="0" fileid="22" />
                <SequencePoint vc="6" uspid="2658" ordinal="0" offset="11" sl="9" sc="5" el="9" ec="5" bec="0" bev="0" fileid="22" />
                <SequencePoint vc="6" uspid="2659" ordinal="0" offset="22" sl="12" sc="5" el="12" ec="5" bec="0" bev="0" fileid="22" />
                <SequencePoint vc="6" uspid="2660" ordinal="0" offset="48" sl="15" sc="5" el="15" ec="5" bec="0" bev="0" fileid="22" />
                <SequencePoint vc="6" uspid="2661" ordinal="0" offset="55" sl="16" sc="5" el="16" ec="5" bec="0" bev="0" fileid="22" />
              </SequencePoints>
              <BranchPoints />
            </Method>
          </Methods>
        </Class>
        <Class>
          <Summary numSequencePoints="2" visitedSequencePoints="2" numBranchPoints="0" visitedBranchPoints="0" sequenceCoverage="100.0" branchCoverage="0.0" maxCyclomaticComplexity="0" minCyclomaticComplexity="0" maxCrapScore="0" minCrapScore="0" visitedClasses="1" numClasses="1" visitedMethods="1" numMethods="1" />
          <FullName>Door</FullName>
          <Methods>
            <Method visited="true" cyclomaticComplexity="0" nPathComplexity="0" sequenceCoverage="100.0" branchCoverage="0" crapScore="0" isConstructor="true" isStatic="false" isGetter="false" isSetter="false">
              <Summary numSequencePoints="2" visitedSequencePoints="2" numBranchPoints="0" visitedBranchPoints="0" sequenceCoverage="100.0" branchCoverage="0" maxCyclomaticComplexity="0" minCyclomaticComplexity="0" maxCrapScore="0" minCrapScore="0" visitedClasses="0" numClasses="0" visitedMethods="1" numMethods="1" />
              <MetadataToken>100663435</MetadataToken>
              <Name>Door::Door()</Name>
              <FileRef uid="23" />
              <SequencePoints>
                <SequencePoint vc="1" uspid="2701" ordinal="0" offset="0" sl="8" sc="5" el="8" ec="5" bec="0" bev="0" fileid="23" />
                <SequencePoint vc="1" uspid="2702" ordinal="0" offset="11" sl="9" sc="5" el="9" ec="5" bec="0" bev="0" fileid="23" />
              </SequencePoints>
              <BranchPoints />
            </Method>
          </Methods>
        </Class>
        <Class>
          <Summary numSequencePoints="2" visitedSequencePoints="2" numBranchPoints="0" visitedBranchPoints="0" sequenceCoverage="100.0" branchCoverage="0.0" maxCyclomaticComplexity="0" minCyclomaticComplexity="0" maxCrapScore="0" minCrapScore="0" visitedClasses="1" numClasses="1" visitedMethods="1" numMethods="1" />
          <FullName>Frame</FullName>
          <Methods>
            <Method visited="true" cyclomaticComplexity="0" nPathComplexity="0" sequenceCoverage="100.0" branchCoverage="0" crapScore="0" isConstructor="true" isStatic="false" isGetter="false" isSetter="false">
              <Summary numSequencePoints="2" visitedSequencePoints="2" numBranchPoints="0" visitedBranchPoints="0" sequenceCoverage="100.0" branchCoverage="0" maxCyclomaticComplexity="0" minCyclomaticComplexity="0" maxCrapScore="0" minCrapScore="0" visitedClasses="0" numClasses="0" visitedMethods="1" numMethods="1" />
              <MetadataToken>100663438</MetadataToken>
              <Name>Frame::Frame()</Name>
              <FileRef uid="24" />
              <SequencePoints>
                <SequencePoint vc="1" uspid="2740" ordinal="0" offset="0" sl="8" sc="5" el="8" ec="5" bec="0" bev="0" fileid="24" />
                <SequencePoint vc="1" uspid="2741" ordinal="0" offset="11" sl="9" sc="5" el="9" ec="5" bec="0" bev="0" fileid="24" />
              </SequencePoints>
              <BranchPoints />
            </Method>
          </Methods>
        </Class>
        <Class>
          <Summary numSequencePoints="6" visitedSequencePoints="6" numBranchPoints="0" visitedBranchPoints="0" sequenceCoverage="100.0" branchCoverage="0.0" maxCyclomaticComplexity="0" minCyclomaticComplexity="0" maxCrapScore="0" minCrapScore="0" visitedClasses="1" numClasses="1" visitedMethods="1" numMethods="1" />
          <FullName>GiveItems</FullName>
          <Methods>
            <Method visited="true" cyclomaticComplexity="0" nPathComplexity="0" sequenceCoverage="100.0" branchCoverage="0" crapScore="0" isConstructor="true" isStatic="false" isGetter="false" isSetter="false">
              <Summary numSequencePoints="6" visitedSequencePoints="6" numBranchPoints="0" visitedBranchPoints="0" sequenceCoverage="100.0" branchCoverage="0" maxCyclomaticComplexity="0" minCyclomaticComplexity="0" maxCrapScore="0" minCrapScore="0" visitedClasses="0" numClasses="0" visitedMethods="1" numMethods="1" />
              <MetadataToken>100663441</MetadataToken>
              <Name>GiveItems::GiveItems()</Name>
              <FileRef uid="25" />
              <SequencePoints>
                <SequencePoint vc="2" uspid="2777" ordinal="0" offset="0" sl="8" sc="5" el="8" ec="5" bec="0" bev="0" fileid="25" />
                <SequencePoint vc="2" uspid="2778" ordinal="0" offset="11" sl="9" sc="5" el="9" ec="5" bec="0" bev="0" fileid="25" />
                <SequencePoint vc="2" uspid="2779" ordinal="0" offset="18" sl="10" sc="5" el="10" ec="5" bec="0" bev="0" fileid="25" />
                <SequencePoint vc="2" uspid="2780" ordinal="0" offset="25" sl="11" sc="5" el="11" ec="5" bec="0" bev="0" fileid="25" />
                <SequencePoint vc="2" uspid="2781" ordinal="0" offset="36" sl="12" sc="5" el="12" ec="5" bec="0" bev="0" fileid="25" />
                <SequencePoint vc="2" uspid="2782" ordinal="0" offset="47" sl="13" sc="5" el="13" ec="5" bec="0" bev="0" fileid="25" />
              </SequencePoints>
              <BranchPoints />
            </Method>
          </Methods>
        </Class>
        <Class>
          <Summary numSequencePoints="6" visitedSequencePoints="6" numBranchPoints="0" visitedBranchPoints="0" sequenceCoverage="100.0" branchCoverage="0.0" maxCyclomaticComplexity="0" minCyclomaticComplexity="0" maxCrapScore="0" minCrapScore="0" visitedClasses="1" numClasses="1" visitedMethods="1" numMethods="1" />
          <FullName>Lock</FullName>
          <Methods>
            <Method visited="true" cyclomaticComplexity="0" nPathComplexity="0" sequenceCoverage="100.0" branchCoverage="0" crapScore="0" isConstructor="true" isStatic="false" isGetter="false" isSetter="false">
              <Summary numSequencePoints="6" visitedSequencePoints="6" numBranchPoints="0" visitedBranchPoints="0" sequenceCoverage="100.0" branchCoverage="0" maxCyclomaticComplexity="0" minCyclomaticComplexity="0" maxCrapScore="0" minCrapScore="0" visitedClasses="0" numClasses="0" visitedMethods="1" numMethods="1" />
              <MetadataToken>100663444</MetadataToken>
              <Name>Lock::Lock()</Name>
              <FileRef uid="26" />
              <SequencePoints>
                <SequencePoint vc="3" uspid="2826" ordinal="0" offset="0" sl="8" sc="5" el="8" ec="5" bec="0" bev="0" fileid="26" />
                <SequencePoint vc="3" uspid="2827" ordinal="0" offset="11" sl="9" sc="5" el="9" ec="5" bec="0" bev="0" fileid="26" />
                <SequencePoint vc="3" uspid="2828" ordinal="0" offset="18" sl="10" sc="5" el="10" ec="5" bec="0" bev="0" fileid="26" />
                <SequencePoint vc="3" uspid="2829" ordinal="0" offset="25" sl="13" sc="5" el="13" ec="5" bec="0" bev="0" fileid="26" />
                <SequencePoint vc="3" uspid="2830" ordinal="0" offset="36" sl="14" sc="5" el="14" ec="5" bec="0" bev="0" fileid="26" />
                <SequencePoint vc="3" uspid="2831" ordinal="0" offset="47" sl="15" sc="5" el="15" ec="5" bec="0" bev="0" fileid="26" />
              </SequencePoints>
              <BranchPoints />
            </Method>
          </Methods>
        </Class>
        <Class>
          <Summary numSequencePoints="17" visitedSequencePoints="17" numBranchPoints="0" visitedBranchPoints="0" sequenceCoverage="100.0" branchCoverage="0.0" maxCyclomaticComplexity="0" minCyclomaticComplexity="0" maxCrapScore="0" minCrapScore="0" visitedClasses="1" numClasses="1" visitedMethods="3" numMethods="3" />
          <FullName>MathisEnigme</FullName>
          <Methods>
            <Method visited="true" cyclomaticComplexity="0" nPathComplexity="0" sequenceCoverage="100.0" branchCoverage="0" crapScore="0" isConstructor="false" isStatic="false" isGetter="false" isSetter="false">
              <Summary numSequencePoints="8" visitedSequencePoints="8" numBranchPoints="0" visitedBranchPoints="0" sequenceCoverage="100.0" branchCoverage="0" maxCyclomaticComplexity="0" minCyclomaticComplexity="0" maxCrapScore="0" minCrapScore="0" visitedClasses="0" numClasses="0" visitedMethods="1" numMethods="1" />
              <MetadataToken>100663447</MetadataToken>
              <Name>System.Void MathisEnigme::InitializeCanvas()</Name>
              <FileRef uid="27" />
              <SequencePoints>
                <SequencePoint vc="1" uspid="2839" ordinal="0" offset="0" sl="48" sc="5" el="48" ec="5" bec="0" bev="0" fileid="27" />
                <SequencePoint vc="1" uspid="2840" ordinal="0" offset="1" sl="49" sc="9" el="49" ec="9" bec="0" bev="0" fileid="27" />
                <SequencePoint vc="1" uspid="2841" ordinal="0" offset="13" sl="50" sc="9" el="50" ec="9" bec="0" bev="0" fileid="27" />
                <SequencePoint vc="1" uspid="2842" ordinal="0" offset="42" sl="51" sc="9" el="51" ec="9" bec="0" bev="0" fileid="27" />
                <SequencePoint vc="1" uspid="2843" ordinal="0" offset="60" sl="52" sc="9" el="52" ec="9" bec="0" bev="0" fileid="27" />
                <SequencePoint vc="1" uspid="2844" ordinal="0" offset="72" sl="53" sc="9" el="53" ec="9" bec="0" bev="0" fileid="27" />
                <SequencePoint vc="1" uspid="2845" ordinal="0" offset="89" sl="54" sc="9" el="54" ec="9" bec="0" bev="0" fileid="27" />
                <SequencePoint vc="1" uspid="2846" ordinal="0" offset="128" sl="55" sc="5" el="55" ec="5" bec="0" bev="0" fileid="27" />
              </SequencePoints>
              <BranchPoints />
            </Method>
            <Method visited="true" cyclomaticComplexity="0" nPathComplexity="0" sequenceCoverage="100.0" branchCoverage="0" crapScore="0" isConstructor="false" isStatic="false" isGetter="false" isSetter="false">
              <Summary numSequencePoints="4" visitedSequencePoints="4" numBranchPoints="0" visitedBranchPoints="0" sequenceCoverage="100.0" branchCoverage="0" maxCyclomaticComplexity="0" minCyclomaticComplexity="0" maxCrapScore="0" minCrapScore="0" visitedClasses="0" numClasses="0" visitedMethods="1" numMethods="1" />
              <MetadataToken>100663448</MetadataToken>
              <Name>System.Void MathisEnigme::InitializeObjects()</Name>
              <FileRef uid="27" />
              <SequencePoints>
                <SequencePoint vc="1" uspid="2847" ordinal="0" offset="0" sl="58" sc="5" el="58" ec="5" bec="0" bev="0" fileid="27" />
                <SequencePoint vc="1" uspid="2848" ordinal="0" offset="1" sl="59" sc="9" el="59" ec="9" bec="0" bev="0" fileid="27" />
                <SequencePoint vc="1" uspid="2849" ordinal="0" offset="14" sl="60" sc="9" el="60" ec="9" bec="0" bev="0" fileid="27" />
                <SequencePoint vc="1" uspid="2850" ordinal="0" offset="27" sl="61" sc="5" el="61" ec="5" bec="0" bev="0" fileid="27" />
              </SequencePoints>
              <BranchPoints />
            </Method>
            <Method visited="true" cyclomaticComplexity="0" nPathComplexity="0" sequenceCoverage="100.0" branchCoverage="0" crapScore="0" isConstructor="true" isStatic="false" isGetter="false" isSetter="false">
              <Summary numSequencePoints="5" visitedSequencePoints="5" numBranchPoints="0" visitedBranchPoints="0" sequenceCoverage="100.0" branchCoverage="0" maxCyclomaticComplexity="0" minCyclomaticComplexity="0" maxCrapScore="0" minCrapScore="0" visitedClasses="0" numClasses="0" visitedMethods="1" numMethods="1" />
              <MetadataToken>100663454</MetadataToken>
              <Name>MathisEnigme::MathisEnigme()</Name>
              <FileRef uid="27" />
              <SequencePoints>
                <SequencePoint vc="7" uspid="2913" ordinal="0" offset="0" sl="7" sc="5" el="7" ec="5" bec="0" bev="0" fileid="27" />
                <SequencePoint vc="7" uspid="2914" ordinal="0" offset="11" sl="8" sc="5" el="8" ec="5" bec="0" bev="0" fileid="27" />
                <SequencePoint vc="7" uspid="2915" ordinal="0" offset="18" sl="11" sc="5" el="11" ec="5" bec="0" bev="0" fileid="27" />
                <SequencePoint vc="7" uspid="2916" ordinal="0" offset="25" sl="26" sc="5" el="26" ec="5" bec="0" bev="0" fileid="27" />
                <SequencePoint vc="7" uspid="2917" ordinal="0" offset="36" sl="32" sc="5" el="32" ec="5" bec="0" bev="0" fileid="27" />
              </SequencePoints>
              <BranchPoints />
            </Method>
          </Methods>
        </Class>
        <Class>
          <Summary numSequencePoints="2" visitedSequencePoints="2" numBranchPoints="0" visitedBranchPoints="0" sequenceCoverage="100.0" branchCoverage="0.0" maxCyclomaticComplexity="0" minCyclomaticComplexity="0" maxCrapScore="0" minCrapScore="0" visitedClasses="1" numClasses="1" visitedMethods="1" numMethods="1" />
          <FullName>Painting</FullName>
          <Methods>
            <Method visited="true" cyclomaticComplexity="0" nPathComplexity="0" sequenceCoverage="100.0" branchCoverage="0" crapScore="0" isConstructor="true" isStatic="false" isGetter="false" isSetter="false">
              <Summary numSequencePoints="2" visitedSequencePoints="2" numBranchPoints="0" visitedBranchPoints="0" sequenceCoverage="100.0" branchCoverage="0" maxCyclomaticComplexity="0" minCyclomaticComplexity="0" maxCrapScore="0" minCrapScore="0" visitedClasses="0" numClasses="0" visitedMethods="1" numMethods="1" />
              <MetadataToken>100663457</MetadataToken>
              <Name>Painting::Painting()</Name>
              <FileRef uid="28" />
              <SequencePoints>
                <SequencePoint vc="1" uspid="2946" ordinal="0" offset="0" sl="11" sc="5" el="11" ec="5" bec="0" bev="0" fileid="28" />
                <SequencePoint vc="1" uspid="2947" ordinal="0" offset="11" sl="12" sc="5" el="12" ec="5" bec="0" bev="0" fileid="28" />
              </SequencePoints>
              <BranchPoints />
            </Method>
          </Methods>
        </Class>
        <Class>
          <Summary numSequencePoints="2" visitedSequencePoints="2" numBranchPoints="0" visitedBranchPoints="0" sequenceCoverage="100.0" branchCoverage="0.0" maxCyclomaticComplexity="0" minCyclomaticComplexity="0" maxCrapScore="0" minCrapScore="0" visitedClasses="1" numClasses="1" visitedMethods="1" numMethods="1" />
          <FullName>Plank</FullName>
          <Methods>
            <Method visited="true" cyclomaticComplexity="0" nPathComplexity="0" sequenceCoverage="100.0" branchCoverage="0" crapScore="0" isConstructor="true" isStatic="false" isGetter="false" isSetter="false">
              <Summary numSequencePoints="2" visitedSequencePoints="2" numBranchPoints="0" visitedBranchPoints="0" sequenceCoverage="100.0" branchCoverage="0" maxCyclomaticComplexity="0" minCyclomaticComplexity="0" maxCrapScore="0" minCrapScore="0" visitedClasses="0" numClasses="0" visitedMethods="1" numMethods="1" />
              <MetadataToken>100663460</MetadataToken>
              <Name>Plank::Plank()</Name>
              <FileRef uid="29" />
              <SequencePoints>
                <SequencePoint vc="1" uspid="2997" ordinal="0" offset="0" sl="9" sc="5" el="9" ec="5" bec="0" bev="0" fileid="29" />
                <SequencePoint vc="1" uspid="2998" ordinal="0" offset="7" sl="10" sc="5" el="10" ec="5" bec="0" bev="0" fileid="29" />
              </SequencePoints>
              <BranchPoints />
            </Method>
          </Methods>
        </Class>
        <Class>
          <Summary numSequencePoints="3" visitedSequencePoints="3" numBranchPoints="0" visitedBranchPoints="0" sequenceCoverage="100.0" branchCoverage="0.0" maxCyclomaticComplexity="0" minCyclomaticComplexity="0" maxCrapScore="0" minCrapScore="0" visitedClasses="1" numClasses="1" visitedMethods="1" numMethods="1" />
          <FullName>Stove</FullName>
          <Methods>
            <Method visited="true" cyclomaticComplexity="0" nPathComplexity="0" sequenceCoverage="100.0" branchCoverage="0" crapScore="0" isConstructor="true" isStatic="false" isGetter="false" isSetter="false">
              <Summary numSequencePoints="3" visitedSequencePoints="3" numBranchPoints="0" visitedBranchPoints="0" sequenceCoverage="100.0" branchCoverage="0" maxCyclomaticComplexity="0" minCyclomaticComplexity="0" maxCrapScore="0" minCrapScore="0" visitedClasses="0" numClasses="0" visitedMethods="1" numMethods="1" />
              <MetadataToken>100663463</MetadataToken>
              <Name>Stove::Stove()</Name>
              <FileRef uid="30" />
              <SequencePoints>
                <SequencePoint vc="1" uspid="3038" ordinal="0" offset="0" sl="8" sc="5" el="8" ec="5" bec="0" bev="0" fileid="30" />
                <SequencePoint vc="1" uspid="3039" ordinal="0" offset="11" sl="9" sc="5" el="9" ec="5" bec="0" bev="0" fileid="30" />
                <SequencePoint vc="1" uspid="3040" ordinal="0" offset="18" sl="10" sc="5" el="10" ec="5" bec="0" bev="0" fileid="30" />
              </SequencePoints>
              <BranchPoints />
            </Method>
          </Methods>
        </Class>
        <Class>
          <Summary numSequencePoints="4" visitedSequencePoints="4" numBranchPoints="0" visitedBranchPoints="0" sequenceCoverage="100.0" branchCoverage="0.0" maxCyclomaticComplexity="0" minCyclomaticComplexity="0" maxCrapScore="0" minCrapScore="0" visitedClasses="1" numClasses="1" visitedMethods="1" numMethods="1" />
          <FullName>Obstacle</FullName>
          <Methods>
            <Method visited="true" cyclomaticComplexity="0" nPathComplexity="0" sequenceCoverage="100.0" branchCoverage="0" crapScore="0" isConstructor="true" isStatic="false" isGetter="false" isSetter="false">
              <Summary numSequencePoints="4" visitedSequencePoints="4" numBranchPoints="0" visitedBranchPoints="0" sequenceCoverage="100.0" branchCoverage="0" maxCyclomaticComplexity="0" minCyclomaticComplexity="0" maxCrapScore="0" minCrapScore="0" visitedClasses="0" numClasses="0" visitedMethods="1" numMethods="1" />
              <MetadataToken>100663467</MetadataToken>
              <Name>Obstacle::Obstacle()</Name>
              <FileRef uid="31" />
              <SequencePoints>
                <SequencePoint vc="1" uspid="3092" ordinal="0" offset="0" sl="8" sc="5" el="8" ec="5" bec="0" bev="0" fileid="31" />
                <SequencePoint vc="1" uspid="3093" ordinal="0" offset="11" sl="9" sc="5" el="9" ec="5" bec="0" bev="0" fileid="31" />
                <SequencePoint vc="1" uspid="3094" ordinal="0" offset="18" sl="10" sc="5" el="10" ec="5" bec="0" bev="0" fileid="31" />
                <SequencePoint vc="1" uspid="3095" ordinal="0" offset="25" sl="17" sc="5" el="17" ec="5" bec="0" bev="0" fileid="31" />
              </SequencePoints>
              <BranchPoints />
            </Method>
          </Methods>
        </Class>
        <Class>
          <Summary numSequencePoints="3" visitedSequencePoints="3" numBranchPoints="0" visitedBranchPoints="0" sequenceCoverage="100.0" branchCoverage="0.0" maxCyclomaticComplexity="0" minCyclomaticComplexity="0" maxCrapScore="0" minCrapScore="0" visitedClasses="1" numClasses="1" visitedMethods="1" numMethods="1" />
          <FullName>ThrowTrash</FullName>
          <Methods>
            <Method visited="true" cyclomaticComplexity="0" nPathComplexity="0" sequenceCoverage="100.0" branchCoverage="0" crapScore="0" isConstructor="true" isStatic="false" isGetter="false" isSetter="false">
              <Summary numSequencePoints="3" visitedSequencePoints="3" numBranchPoints="0" visitedBranchPoints="0" sequenceCoverage="100.0" branchCoverage="0" maxCyclomaticComplexity="0" minCyclomaticComplexity="0" maxCrapScore="0" minCrapScore="0" visitedClasses="0" numClasses="0" visitedMethods="1" numMethods="1" />
              <MetadataToken>100663470</MetadataToken>
              <Name>ThrowTrash::ThrowTrash()</Name>
              <FileRef uid="32" />
              <SequencePoints>
                <SequencePoint vc="1" uspid="3135" ordinal="0" offset="0" sl="8" sc="5" el="8" ec="5" bec="0" bev="0" fileid="32" />
                <SequencePoint vc="1" uspid="3136" ordinal="0" offset="11" sl="9" sc="5" el="9" ec="5" bec="0" bev="0" fileid="32" />
                <SequencePoint vc="1" uspid="3137" ordinal="0" offset="18" sl="10" sc="5" el="10" ec="5" bec="0" bev="0" fileid="32" />
              </SequencePoints>
              <BranchPoints />
            </Method>
          </Methods>
        </Class>
      </Classes>
    </Module>
  </Modules>
</CoverageSession>