<?xml version="1.0" encoding="utf-8"?>
<CoverageSession xmlns:xsd="http://www.w3.org/2001/XMLSchema" xmlns:xsi="http://www.w3.org/2001/XMLSchema-instance" Version="0.0.0.0">
  <Summary numSequencePoints="1607" visitedSequencePoints="0" numBranchPoints="0" visitedBranchPoints="0" sequenceCoverage="0.0" branchCoverage="0.0" maxCyclomaticComplexity="0" minCyclomaticComplexity="0" maxCrapScore="0" minCrapScore="0" visitedClasses="0" numClasses="45" visitedMethods="0" numMethods="162" />
  <Modules>
    <Module>
      <Summary numSequencePoints="1607" visitedSequencePoints="0" numBranchPoints="0" visitedBranchPoints="0" sequenceCoverage="0.0" branchCoverage="0.0" maxCyclomaticComplexity="0" minCyclomaticComplexity="0" maxCrapScore="0" minCrapScore="0" visitedClasses="0" numClasses="45" visitedMethods="0" numMethods="162" />
      <ModuleTime>0001-01-01T00:00:00</ModuleTime>
      <ModuleName>ScriptAssembly</ModuleName>
      <Files>
        <File uid="1" fullPath="C:/Users/mathi/Desktop/jeu/Assets/Scripts/AI/AI.cs" />
        <File uid="2" fullPath="C:/Users/mathi/Desktop/jeu/Assets/Scripts/AI/GameEnvironment.cs" />
        <File uid="3" fullPath="C:/Users/mathi/Desktop/jeu/Assets/Scripts/AI/State.cs" />
        <File uid="4" fullPath="C:/Users/mathi/Desktop/jeu/Assets/Scripts/Characters/DeathSequence.cs" />
        <File uid="5" fullPath="C:/Users/mathi/Desktop/jeu/Assets/Scripts/Characters/JulieMovement.cs" />
        <File uid="6" fullPath="C:/Users/mathi/Desktop/jeu/Assets/Scripts/Characters/JulieVisionFollow.cs" />
        <File uid="7" fullPath="C:/Users/mathi/Desktop/jeu/Assets/Scripts/Characters/PlayerController.cs" />
        <File uid="8" fullPath="C:/Users/mathi/Desktop/jeu/Assets/Scripts/FadeOutEffect.cs" />
        <File uid="9" fullPath="C:/Users/mathi/Desktop/jeu/Assets/Scripts/Inventory/Inventory.cs" />
        <File uid="10" fullPath="C:/Users/mathi/Desktop/jeu/Assets/Scripts/Inventory/InventoryManager.cs" />
        <File uid="11" fullPath="C:/Users/mathi/Desktop/jeu/Assets/Scripts/Inventory/Item.cs" />
        <File uid="12" fullPath="C:/Users/mathi/Desktop/jeu/Assets/Scripts/Inventory/itemSlot.cs" />
        <File uid="13" fullPath="C:/Users/mathi/Desktop/jeu/Assets/Scripts/Inventory/LookAtCam.cs" />
        <File uid="14" fullPath="C:/Users/mathi/Desktop/jeu/Assets/Scripts/level1Convo/ShadowManConvo.cs" />
        <File uid="15" fullPath="C:/Users/mathi/Desktop/jeu/Assets/Scripts/level1Convo/VisibilityChecker.cs" />
        <File uid="16" fullPath="C:/Users/mathi/Desktop/jeu/Assets/Scripts/Menu/FadeIn.cs" />
        <File uid="17" fullPath="C:/Users/mathi/Desktop/jeu/Assets/Scripts/Menu/LoadMenuScene.cs" />
        <File uid="18" fullPath="C:/Users/mathi/Desktop/jeu/Assets/Scripts/Menu/QuitGame.cs" />
        <File uid="19" fullPath="C:/Users/mathi/Desktop/jeu/Assets/Scripts/Menu/RestartGame.cs" />
        <File uid="20" fullPath="C:/Users/mathi/Desktop/jeu/Assets/Scripts/Menu/StartGame.cs" />
        <File uid="21" fullPath="C:/Users/mathi/Desktop/jeu/Assets/Scripts/Objects/bucket.cs" />
        <File uid="22" fullPath="C:/Users/mathi/Desktop/jeu/Assets/Scripts/Objects/Clock.cs" />
        <File uid="23" fullPath="C:/Users/mathi/Desktop/jeu/Assets/Scripts/Objects/Door.cs" />
        <File uid="24" fullPath="C:/Users/mathi/Desktop/jeu/Assets/Scripts/Objects/Frame.cs" />
        <File uid="25" fullPath="C:/Users/mathi/Desktop/jeu/Assets/Scripts/Objects/GiveItems.cs" />
        <File uid="26" fullPath="C:/Users/mathi/Desktop/jeu/Assets/Scripts/Objects/Lock.cs" />
        <File uid="27" fullPath="C:/Users/mathi/Desktop/jeu/Assets/Scripts/Objects/MathisEnigme.cs" />
        <File uid="28" fullPath="C:/Users/mathi/Desktop/jeu/Assets/Scripts/Objects/PaintingScript.cs" />
        <File uid="29" fullPath="C:/Users/mathi/Desktop/jeu/Assets/Scripts/Objects/Plank.cs" />
        <File uid="30" fullPath="C:/Users/mathi/Desktop/jeu/Assets/Scripts/Objects/Stove.cs" />
        <File uid="31" fullPath="C:/Users/mathi/Desktop/jeu/Assets/Scripts/Obstacle.cs" />
        <File uid="32" fullPath="C:/Users/mathi/Desktop/jeu/Assets/Scripts/ThrowTrash.cs" />
      </Files>
      <Classes>
        <Class>
          <Summary numSequencePoints="70" visitedSequencePoints="0" numBranchPoints="0" visitedBranchPoints="0" sequenceCoverage="0.0" branchCoverage="0.0" maxCyclomaticComplexity="0" minCyclomaticComplexity="0" maxCrapScore="0" minCrapScore="0" visitedClasses="0" numClasses="1" visitedMethods="0" numMethods="7" />
          <FullName>AI</FullName>
          <Methods>
            <Method visited="false" cyclomaticComplexity="0" nPathComplexity="0" sequenceCoverage="0.0" branchCoverage="0" crapScore="0" isConstructor="false" isStatic="false" isGetter="false" isSetter="false">
              <Summary numSequencePoints="9" visitedSequencePoints="0" numBranchPoints="0" visitedBranchPoints="0" sequenceCoverage="0.0" branchCoverage="0" maxCyclomaticComplexity="0" minCyclomaticComplexity="0" maxCrapScore="0" minCrapScore="0" visitedClasses="0" numClasses="0" visitedMethods="0" numMethods="1" />
              <MetadataToken>100663297</MetadataToken>
              <Name>System.Void AI::Start()</Name>
              <FileRef uid="1" />
              <SequencePoints>
                <SequencePoint vc="0" uspid="6429" ordinal="0" offset="0" sl="26" sc="0" el="26" ec="0" bec="0" bev="0" fileid="1" />
                <SequencePoint vc="0" uspid="6430" ordinal="0" offset="1" sl="27" sc="0" el="27" ec="0" bec="0" bev="0" fileid="1" />
                <SequencePoint vc="0" uspid="6431" ordinal="0" offset="13" sl="28" sc="0" el="28" ec="0" bec="0" bev="0" fileid="1" />
                <SequencePoint vc="0" uspid="6432" ordinal="0" offset="25" sl="29" sc="0" el="29" ec="0" bec="0" bev="0" fileid="1" />
                <SequencePoint vc="0" uspid="6433" ordinal="0" offset="37" sl="31" sc="0" el="31" ec="0" bec="0" bev="0" fileid="1" />
                <SequencePoint vc="0" uspid="6434" ordinal="0" offset="54" sl="32" sc="0" el="32" ec="0" bec="0" bev="0" fileid="1" />
                <SequencePoint vc="0" uspid="6435" ordinal="0" offset="72" sl="33" sc="0" el="33" ec="0" bec="0" bev="0" fileid="1" />
                <SequencePoint vc="0" uspid="6436" ordinal="0" offset="85" sl="35" sc="0" el="35" ec="0" bec="0" bev="0" fileid="1" />
                <SequencePoint vc="0" uspid="6437" ordinal="0" offset="120" sl="36" sc="0" el="36" ec="0" bec="0" bev="0" fileid="1" />
              </SequencePoints>
              <BranchPoints />
            </Method>
            <Method visited="false" cyclomaticComplexity="0" nPathComplexity="0" sequenceCoverage="0.0" branchCoverage="0" crapScore="0" isConstructor="false" isStatic="false" isGetter="false" isSetter="false">
              <Summary numSequencePoints="21" visitedSequencePoints="0" numBranchPoints="0" visitedBranchPoints="0" sequenceCoverage="0.0" branchCoverage="0" maxCyclomaticComplexity="0" minCyclomaticComplexity="0" maxCrapScore="0" minCrapScore="0" visitedClasses="0" numClasses="0" visitedMethods="0" numMethods="1" />
              <MetadataToken>100663298</MetadataToken>
              <Name>System.Void AI::Update()</Name>
              <FileRef uid="1" />
              <SequencePoints>
                <SequencePoint vc="0" uspid="6438" ordinal="0" offset="0" sl="39" sc="0" el="39" ec="0" bec="0" bev="0" fileid="1" />
                <SequencePoint vc="0" uspid="6439" ordinal="0" offset="1" sl="40" sc="0" el="40" ec="0" bec="0" bev="0" fileid="1" />
                <SequencePoint vc="0" uspid="6440" ordinal="0" offset="18" sl="42" sc="0" el="42" ec="0" bec="0" bev="0" fileid="1" />
                <SequencePoint vc="0" uspid="6441" ordinal="0" offset="60" sl="42" sc="0" el="42" ec="0" bec="0" bev="0" fileid="1" />
                <SequencePoint vc="0" uspid="6442" ordinal="0" offset="61" sl="44" sc="0" el="44" ec="0" bec="0" bev="0" fileid="1" />
                <SequencePoint vc="0" uspid="6443" ordinal="0" offset="79" sl="44" sc="0" el="44" ec="0" bec="0" bev="0" fileid="1" />
                <SequencePoint vc="0" uspid="6444" ordinal="0" offset="80" sl="45" sc="0" el="45" ec="0" bec="0" bev="0" fileid="1" />
                <SequencePoint vc="0" uspid="6445" ordinal="0" offset="87" sl="46" sc="0" el="46" ec="0" bec="0" bev="0" fileid="1" />
                <SequencePoint vc="0" uspid="6446" ordinal="0" offset="90" sl="46" sc="0" el="46" ec="0" bec="0" bev="0" fileid="1" />
                <SequencePoint vc="0" uspid="6447" ordinal="0" offset="108" sl="46" sc="0" el="46" ec="0" bec="0" bev="0" fileid="1" />
                <SequencePoint vc="0" uspid="6448" ordinal="0" offset="109" sl="47" sc="0" el="47" ec="0" bec="0" bev="0" fileid="1" />
                <SequencePoint vc="0" uspid="6449" ordinal="0" offset="116" sl="48" sc="0" el="48" ec="0" bec="0" bev="0" fileid="1" />
                <SequencePoint vc="0" uspid="6450" ordinal="0" offset="123" sl="49" sc="0" el="49" ec="0" bec="0" bev="0" fileid="1" />
                <SequencePoint vc="0" uspid="6451" ordinal="0" offset="126" sl="53" sc="0" el="53" ec="0" bec="0" bev="0" fileid="1" />
                <SequencePoint vc="0" uspid="6452" ordinal="0" offset="127" sl="54" sc="0" el="54" ec="0" bec="0" bev="0" fileid="1" />
                <SequencePoint vc="0" uspid="6453" ordinal="0" offset="134" sl="55" sc="0" el="55" ec="0" bec="0" bev="0" fileid="1" />
                <SequencePoint vc="0" uspid="6454" ordinal="0" offset="135" sl="56" sc="0" el="56" ec="0" bec="0" bev="0" fileid="1" />
                <SequencePoint vc="0" uspid="6455" ordinal="0" offset="138" sl="57" sc="0" el="57" ec="0" bec="0" bev="0" fileid="1" />
                <SequencePoint vc="0" uspid="6456" ordinal="0" offset="139" sl="58" sc="0" el="58" ec="0" bec="0" bev="0" fileid="1" />
                <SequencePoint vc="0" uspid="6457" ordinal="0" offset="146" sl="59" sc="0" el="59" ec="0" bec="0" bev="0" fileid="1" />
                <SequencePoint vc="0" uspid="6458" ordinal="0" offset="147" sl="61" sc="0" el="61" ec="0" bec="0" bev="0" fileid="1" />
              </SequencePoints>
              <BranchPoints />
            </Method>
            <Method visited="false" cyclomaticComplexity="0" nPathComplexity="0" sequenceCoverage="0.0" branchCoverage="0" crapScore="0" isConstructor="false" isStatic="false" isGetter="false" isSetter="false">
              <Summary numSequencePoints="8" visitedSequencePoints="0" numBranchPoints="0" visitedBranchPoints="0" sequenceCoverage="0.0" branchCoverage="0" maxCyclomaticComplexity="0" minCyclomaticComplexity="0" maxCrapScore="0" minCrapScore="0" visitedClasses="0" numClasses="0" visitedMethods="0" numMethods="1" />
              <MetadataToken>100663299</MetadataToken>
              <Name>System.Void AI::PlayGrowlSound()</Name>
              <FileRef uid="1" />
              <SequencePoints>
                <SequencePoint vc="0" uspid="6459" ordinal="0" offset="0" sl="63" sc="34" el="63" ec="34" bec="0" bev="0" fileid="1" />
                <SequencePoint vc="0" uspid="6460" ordinal="0" offset="1" sl="64" sc="9" el="64" ec="9" bec="0" bev="0" fileid="1" />
                <SequencePoint vc="0" uspid="6461" ordinal="0" offset="19" sl="64" sc="37" el="64" ec="37" bec="0" bev="0" fileid="1" />
                <SequencePoint vc="0" uspid="6462" ordinal="0" offset="20" sl="65" sc="13" el="65" ec="13" bec="0" bev="0" fileid="1" />
                <SequencePoint vc="0" uspid="6463" ordinal="0" offset="37" sl="66" sc="13" el="66" ec="13" bec="0" bev="0" fileid="1" />
                <SequencePoint vc="0" uspid="6464" ordinal="0" offset="54" sl="67" sc="13" el="67" ec="13" bec="0" bev="0" fileid="1" />
                <SequencePoint vc="0" uspid="6465" ordinal="0" offset="72" sl="68" sc="9" el="68" ec="9" bec="0" bev="0" fileid="1" />
                <SequencePoint vc="0" uspid="6466" ordinal="0" offset="73" sl="69" sc="5" el="69" ec="5" bec="0" bev="0" fileid="1" />
              </SequencePoints>
              <BranchPoints />
            </Method>
            <Method visited="false" cyclomaticComplexity="0" nPathComplexity="0" sequenceCoverage="0.0" branchCoverage="0" crapScore="0" isConstructor="false" isStatic="false" isGetter="false" isSetter="false">
              <Summary numSequencePoints="18" visitedSequencePoints="0" numBranchPoints="0" visitedBranchPoints="0" sequenceCoverage="0.0" branchCoverage="0" maxCyclomaticComplexity="0" minCyclomaticComplexity="0" maxCrapScore="0" minCrapScore="0" visitedClasses="0" numClasses="0" visitedMethods="0" numMethods="1" />
              <MetadataToken>100663300</MetadataToken>
              <Name>System.Void AI::PlayFootStep()</Name>
              <FileRef uid="1" />
              <SequencePoints>
                <SequencePoint vc="0" uspid="6467" ordinal="0" offset="0" sl="71" sc="32" el="71" ec="32" bec="0" bev="0" fileid="1" />
                <SequencePoint vc="0" uspid="6468" ordinal="0" offset="1" sl="72" sc="9" el="72" ec="9" bec="0" bev="0" fileid="1" />
                <SequencePoint vc="0" uspid="6469" ordinal="0" offset="38" sl="72" sc="66" el="72" ec="66" bec="0" bev="0" fileid="1" />
                <SequencePoint vc="0" uspid="6470" ordinal="0" offset="39" sl="73" sc="13" el="73" ec="13" bec="0" bev="0" fileid="1" />
                <SequencePoint vc="0" uspid="6471" ordinal="0" offset="54" sl="75" sc="13" el="75" ec="13" bec="0" bev="0" fileid="1" />
                <SequencePoint vc="0" uspid="6472" ordinal="0" offset="71" sl="76" sc="13" el="76" ec="13" bec="0" bev="0" fileid="1" />
                <SequencePoint vc="0" uspid="6473" ordinal="0" offset="98" sl="78" sc="13" el="78" ec="13" bec="0" bev="0" fileid="1" />
                <SequencePoint vc="0" uspid="6474" ordinal="0" offset="108" sl="78" sc="29" el="78" ec="29" bec="0" bev="0" fileid="1" />
                <SequencePoint vc="0" uspid="6475" ordinal="0" offset="109" sl="79" sc="17" el="79" ec="17" bec="0" bev="0" fileid="1" />
                <SequencePoint vc="0" uspid="6476" ordinal="0" offset="126" sl="80" sc="17" el="80" ec="17" bec="0" bev="0" fileid="1" />
                <SequencePoint vc="0" uspid="6477" ordinal="0" offset="144" sl="81" sc="13" el="81" ec="13" bec="0" bev="0" fileid="1" />
                <SequencePoint vc="0" uspid="6478" ordinal="0" offset="147" sl="81" sc="20" el="81" ec="20" bec="0" bev="0" fileid="1" />
                <SequencePoint vc="0" uspid="6479" ordinal="0" offset="148" sl="82" sc="17" el="82" ec="17" bec="0" bev="0" fileid="1" />
                <SequencePoint vc="0" uspid="6480" ordinal="0" offset="165" sl="83" sc="17" el="83" ec="17" bec="0" bev="0" fileid="1" />
                <SequencePoint vc="0" uspid="6481" ordinal="0" offset="183" sl="84" sc="13" el="84" ec="13" bec="0" bev="0" fileid="1" />
                <SequencePoint vc="0" uspid="6482" ordinal="0" offset="184" sl="85" sc="13" el="85" ec="13" bec="0" bev="0" fileid="1" />
                <SequencePoint vc="0" uspid="6483" ordinal="0" offset="202" sl="86" sc="9" el="86" ec="9" bec="0" bev="0" fileid="1" />
                <SequencePoint vc="0" uspid="6484" ordinal="0" offset="203" sl="87" sc="5" el="87" ec="5" bec="0" bev="0" fileid="1" />
              </SequencePoints>
              <BranchPoints />
            </Method>
            <Method visited="false" cyclomaticComplexity="0" nPathComplexity="0" sequenceCoverage="0.0" branchCoverage="0" crapScore="0" isConstructor="false" isStatic="false" isGetter="false" isSetter="false">
              <Summary numSequencePoints="6" visitedSequencePoints="0" numBranchPoints="0" visitedBranchPoints="0" sequenceCoverage="0.0" branchCoverage="0" maxCyclomaticComplexity="0" minCyclomaticComplexity="0" maxCrapScore="0" minCrapScore="0" visitedClasses="0" numClasses="0" visitedMethods="0" numMethods="1" />
              <MetadataToken>100663301</MetadataToken>
              <Name>System.Void AI::StopFootStep()</Name>
              <FileRef uid="1" />
              <SequencePoints>
                <SequencePoint vc="0" uspid="6485" ordinal="0" offset="0" sl="89" sc="32" el="89" ec="32" bec="0" bev="0" fileid="1" />
                <SequencePoint vc="0" uspid="6486" ordinal="0" offset="1" sl="90" sc="9" el="90" ec="9" bec="0" bev="0" fileid="1" />
                <SequencePoint vc="0" uspid="6487" ordinal="0" offset="16" sl="90" sc="36" el="90" ec="36" bec="0" bev="0" fileid="1" />
                <SequencePoint vc="0" uspid="6488" ordinal="0" offset="17" sl="91" sc="13" el="91" ec="13" bec="0" bev="0" fileid="1" />
                <SequencePoint vc="0" uspid="6489" ordinal="0" offset="29" sl="92" sc="9" el="92" ec="9" bec="0" bev="0" fileid="1" />
                <SequencePoint vc="0" uspid="6490" ordinal="0" offset="30" sl="93" sc="5" el="93" ec="5" bec="0" bev="0" fileid="1" />
              </SequencePoints>
              <BranchPoints />
            </Method>
            <Method visited="false" cyclomaticComplexity="0" nPathComplexity="0" sequenceCoverage="0.0" branchCoverage="0" crapScore="0" isConstructor="false" isStatic="false" isGetter="false" isSetter="false">
              <Summary numSequencePoints="3" visitedSequencePoints="0" numBranchPoints="0" visitedBranchPoints="0" sequenceCoverage="0.0" branchCoverage="0" maxCyclomaticComplexity="0" minCyclomaticComplexity="0" maxCrapScore="0" minCrapScore="0" visitedClasses="0" numClasses="0" visitedMethods="0" numMethods="1" />
              <MetadataToken>100663302</MetadataToken>
              <Name>System.Void AI::ResetAttackSound()</Name>
              <FileRef uid="1" />
              <SequencePoints>
                <SequencePoint vc="0" uspid="6491" ordinal="0" offset="0" sl="95" sc="35" el="95" ec="35" bec="0" bev="0" fileid="1" />
                <SequencePoint vc="0" uspid="6492" ordinal="0" offset="1" sl="97" sc="9" el="97" ec="9" bec="0" bev="0" fileid="1" />
                <SequencePoint vc="0" uspid="6493" ordinal="0" offset="8" sl="98" sc="5" el="98" ec="5" bec="0" bev="0" fileid="1" />
              </SequencePoints>
              <BranchPoints />
            </Method>
            <Method visited="false" cyclomaticComplexity="0" nPathComplexity="0" sequenceCoverage="0.0" branchCoverage="0" crapScore="0" isConstructor="true" isStatic="false" isGetter="false" isSetter="false">
              <Summary numSequencePoints="5" visitedSequencePoints="0" numBranchPoints="0" visitedBranchPoints="0" sequenceCoverage="0.0" branchCoverage="0" maxCyclomaticComplexity="0" minCyclomaticComplexity="0" maxCrapScore="0" minCrapScore="0" visitedClasses="0" numClasses="0" visitedMethods="0" numMethods="1" />
              <MetadataToken>100663303</MetadataToken>
              <Name>AI::AI()</Name>
              <FileRef uid="1" />
              <SequencePoints>
                <SequencePoint vc="0" uspid="6494" ordinal="0" offset="0" sl="18" sc="5" el="18" ec="5" bec="0" bev="0" fileid="1" />
                <SequencePoint vc="0" uspid="6495" ordinal="0" offset="11" sl="20" sc="5" el="20" ec="5" bec="0" bev="0" fileid="1" />
                <SequencePoint vc="0" uspid="6496" ordinal="0" offset="22" sl="21" sc="5" el="21" ec="5" bec="0" bev="0" fileid="1" />
                <SequencePoint vc="0" uspid="6497" ordinal="0" offset="33" sl="22" sc="5" el="22" ec="5" bec="0" bev="0" fileid="1" />
                <SequencePoint vc="0" uspid="6498" ordinal="0" offset="40" sl="23" sc="5" el="23" ec="5" bec="0" bev="0" fileid="1" />
              </SequencePoints>
              <BranchPoints />
            </Method>
          </Methods>
        </Class>
        <Class>
          <Summary numSequencePoints="13" visitedSequencePoints="0" numBranchPoints="0" visitedBranchPoints="0" sequenceCoverage="0.0" branchCoverage="0.0" maxCyclomaticComplexity="0" minCyclomaticComplexity="0" maxCrapScore="0" minCrapScore="0" visitedClasses="0" numClasses="1" visitedMethods="0" numMethods="3" />
          <FullName>GameEnvironment</FullName>
          <Methods>
            <Method visited="false" cyclomaticComplexity="0" nPathComplexity="0" sequenceCoverage="0.0" branchCoverage="0" crapScore="0" isConstructor="false" isStatic="false" isGetter="true" isSetter="false">
              <Summary numSequencePoints="3" visitedSequencePoints="0" numBranchPoints="0" visitedBranchPoints="0" sequenceCoverage="0.0" branchCoverage="0" maxCyclomaticComplexity="0" minCyclomaticComplexity="0" maxCrapScore="0" minCrapScore="0" visitedClasses="0" numClasses="0" visitedMethods="0" numMethods="1" />
              <MetadataToken>100663304</MetadataToken>
              <Name>System.Collections.Generic.List[GameObject] GameEnvironment::get_Checkpoints()</Name>
              <FileRef uid="2" />
              <SequencePoints>
                <SequencePoint vc="0" uspid="6499" ordinal="0" offset="0" sl="15" sc="0" el="15" ec="0" bec="0" bev="0" fileid="2" />
                <SequencePoint vc="0" uspid="6500" ordinal="0" offset="1" sl="15" sc="0" el="15" ec="0" bec="0" bev="0" fileid="2" />
                <SequencePoint vc="0" uspid="6501" ordinal="0" offset="10" sl="15" sc="0" el="15" ec="0" bec="0" bev="0" fileid="2" />
              </SequencePoints>
              <BranchPoints />
            </Method>
            <Method visited="false" cyclomaticComplexity="0" nPathComplexity="0" sequenceCoverage="0.0" branchCoverage="0" crapScore="0" isConstructor="false" isStatic="true" isGetter="true" isSetter="false">
              <Summary numSequencePoints="9" visitedSequencePoints="0" numBranchPoints="0" visitedBranchPoints="0" sequenceCoverage="0.0" branchCoverage="0" maxCyclomaticComplexity="0" minCyclomaticComplexity="0" maxCrapScore="0" minCrapScore="0" visitedClasses="0" numClasses="0" visitedMethods="0" numMethods="1" />
              <MetadataToken>100663305</MetadataToken>
              <Name>static GameEnvironment GameEnvironment::get_Singleton()</Name>
              <FileRef uid="2" />
              <SequencePoints>
                <SequencePoint vc="0" uspid="6502" ordinal="0" offset="0" sl="20" sc="0" el="20" ec="0" bec="0" bev="0" fileid="2" />
                <SequencePoint vc="0" uspid="6503" ordinal="0" offset="1" sl="23" sc="0" el="23" ec="0" bec="0" bev="0" fileid="2" />
                <SequencePoint vc="0" uspid="6504" ordinal="0" offset="13" sl="23" sc="0" el="23" ec="0" bec="0" bev="0" fileid="2" />
                <SequencePoint vc="0" uspid="6505" ordinal="0" offset="14" sl="26" sc="0" el="26" ec="0" bec="0" bev="0" fileid="2" />
                <SequencePoint vc="0" uspid="6506" ordinal="0" offset="24" sl="29" sc="0" el="29" ec="0" bec="0" bev="0" fileid="2" />
                <SequencePoint vc="0" uspid="6507" ordinal="0" offset="50" sl="32" sc="0" el="32" ec="0" bec="0" bev="0" fileid="2" />
                <SequencePoint vc="0" uspid="6508" ordinal="0" offset="111" sl="33" sc="0" el="33" ec="0" bec="0" bev="0" fileid="2" />
                <SequencePoint vc="0" uspid="6509" ordinal="0" offset="112" sl="36" sc="0" el="36" ec="0" bec="0" bev="0" fileid="2" />
                <SequencePoint vc="0" uspid="6510" ordinal="0" offset="120" sl="37" sc="0" el="37" ec="0" bec="0" bev="0" fileid="2" />
              </SequencePoints>
              <BranchPoints />
            </Method>
            <Method visited="false" cyclomaticComplexity="0" nPathComplexity="0" sequenceCoverage="0.0" branchCoverage="0" crapScore="0" isConstructor="true" isStatic="false" isGetter="false" isSetter="false">
              <Summary numSequencePoints="1" visitedSequencePoints="0" numBranchPoints="0" visitedBranchPoints="0" sequenceCoverage="0.0" branchCoverage="0" maxCyclomaticComplexity="0" minCyclomaticComplexity="0" maxCrapScore="0" minCrapScore="0" visitedClasses="0" numClasses="0" visitedMethods="0" numMethods="1" />
              <MetadataToken>100663306</MetadataToken>
              <Name>GameEnvironment::GameEnvironment()</Name>
              <FileRef uid="2" />
              <SequencePoints>
                <SequencePoint vc="0" uspid="6511" ordinal="0" offset="0" sl="12" sc="0" el="12" ec="0" bec="0" bev="0" fileid="2" />
              </SequencePoints>
              <BranchPoints />
            </Method>
          </Methods>
        </Class>
        <Class>
          <Summary numSequencePoints="53" visitedSequencePoints="0" numBranchPoints="0" visitedBranchPoints="0" sequenceCoverage="0.0" branchCoverage="0.0" maxCyclomaticComplexity="0" minCyclomaticComplexity="0" maxCrapScore="0" minCrapScore="0" visitedClasses="0" numClasses="1" visitedMethods="0" numMethods="8" />
          <FullName>State</FullName>
          <Methods>
            <Method visited="false" cyclomaticComplexity="0" nPathComplexity="0" sequenceCoverage="0.0" branchCoverage="0" crapScore="0" isConstructor="false" isStatic="false" isGetter="false" isSetter="false">
              <Summary numSequencePoints="3" visitedSequencePoints="0" numBranchPoints="0" visitedBranchPoints="0" sequenceCoverage="0.0" branchCoverage="0" maxCyclomaticComplexity="0" minCyclomaticComplexity="0" maxCrapScore="0" minCrapScore="0" visitedClasses="0" numClasses="0" visitedMethods="0" numMethods="1" />
              <MetadataToken>100663308</MetadataToken>
              <Name>System.Void State::Enter()</Name>
              <FileRef uid="3" />
              <SequencePoints>
                <SequencePoint vc="0" uspid="6512" ordinal="0" offset="0" sl="48" sc="0" el="48" ec="0" bec="0" bev="0" fileid="3" />
                <SequencePoint vc="0" uspid="6513" ordinal="0" offset="1" sl="48" sc="0" el="48" ec="0" bec="0" bev="0" fileid="3" />
                <SequencePoint vc="0" uspid="6514" ordinal="0" offset="8" sl="48" sc="0" el="48" ec="0" bec="0" bev="0" fileid="3" />
              </SequencePoints>
              <BranchPoints />
            </Method>
            <Method visited="false" cyclomaticComplexity="0" nPathComplexity="0" sequenceCoverage="0.0" branchCoverage="0" crapScore="0" isConstructor="false" isStatic="false" isGetter="false" isSetter="false">
              <Summary numSequencePoints="3" visitedSequencePoints="0" numBranchPoints="0" visitedBranchPoints="0" sequenceCoverage="0.0" branchCoverage="0" maxCyclomaticComplexity="0" minCyclomaticComplexity="0" maxCrapScore="0" minCrapScore="0" visitedClasses="0" numClasses="0" visitedMethods="0" numMethods="1" />
              <MetadataToken>100663309</MetadataToken>
              <Name>System.Void State::Update()</Name>
              <FileRef uid="3" />
              <SequencePoints>
                <SequencePoint vc="0" uspid="6515" ordinal="0" offset="0" sl="49" sc="0" el="49" ec="0" bec="0" bev="0" fileid="3" />
                <SequencePoint vc="0" uspid="6516" ordinal="0" offset="1" sl="49" sc="0" el="49" ec="0" bec="0" bev="0" fileid="3" />
                <SequencePoint vc="0" uspid="6517" ordinal="0" offset="8" sl="49" sc="0" el="49" ec="0" bec="0" bev="0" fileid="3" />
              </SequencePoints>
              <BranchPoints />
            </Method>
            <Method visited="false" cyclomaticComplexity="0" nPathComplexity="0" sequenceCoverage="0.0" branchCoverage="0" crapScore="0" isConstructor="false" isStatic="false" isGetter="false" isSetter="false">
              <Summary numSequencePoints="3" visitedSequencePoints="0" numBranchPoints="0" visitedBranchPoints="0" sequenceCoverage="0.0" branchCoverage="0" maxCyclomaticComplexity="0" minCyclomaticComplexity="0" maxCrapScore="0" minCrapScore="0" visitedClasses="0" numClasses="0" visitedMethods="0" numMethods="1" />
              <MetadataToken>100663310</MetadataToken>
              <Name>System.Void State::Exit()</Name>
              <FileRef uid="3" />
              <SequencePoints>
                <SequencePoint vc="0" uspid="6518" ordinal="0" offset="0" sl="50" sc="0" el="50" ec="0" bec="0" bev="0" fileid="3" />
                <SequencePoint vc="0" uspid="6519" ordinal="0" offset="1" sl="50" sc="0" el="50" ec="0" bec="0" bev="0" fileid="3" />
                <SequencePoint vc="0" uspid="6520" ordinal="0" offset="8" sl="50" sc="0" el="50" ec="0" bec="0" bev="0" fileid="3" />
              </SequencePoints>
              <BranchPoints />
            </Method>
            <Method visited="false" cyclomaticComplexity="0" nPathComplexity="0" sequenceCoverage="0.0" branchCoverage="0" crapScore="0" isConstructor="false" isStatic="false" isGetter="false" isSetter="false">
              <Summary numSequencePoints="11" visitedSequencePoints="0" numBranchPoints="0" visitedBranchPoints="0" sequenceCoverage="0.0" branchCoverage="0" maxCyclomaticComplexity="0" minCyclomaticComplexity="0" maxCrapScore="0" minCrapScore="0" visitedClasses="0" numClasses="0" visitedMethods="0" numMethods="1" />
              <MetadataToken>100663311</MetadataToken>
              <Name>State State::Process()</Name>
              <FileRef uid="3" />
              <SequencePoints>
                <SequencePoint vc="0" uspid="6521" ordinal="0" offset="0" sl="53" sc="0" el="53" ec="0" bec="0" bev="0" fileid="3" />
                <SequencePoint vc="0" uspid="6522" ordinal="0" offset="1" sl="54" sc="0" el="54" ec="0" bec="0" bev="0" fileid="3" />
                <SequencePoint vc="0" uspid="6523" ordinal="0" offset="14" sl="54" sc="0" el="54" ec="0" bec="0" bev="0" fileid="3" />
                <SequencePoint vc="0" uspid="6524" ordinal="0" offset="21" sl="55" sc="0" el="55" ec="0" bec="0" bev="0" fileid="3" />
                <SequencePoint vc="0" uspid="6525" ordinal="0" offset="34" sl="55" sc="0" el="55" ec="0" bec="0" bev="0" fileid="3" />
                <SequencePoint vc="0" uspid="6526" ordinal="0" offset="41" sl="56" sc="0" el="56" ec="0" bec="0" bev="0" fileid="3" />
                <SequencePoint vc="0" uspid="6527" ordinal="0" offset="54" sl="56" sc="0" el="56" ec="0" bec="0" bev="0" fileid="3" />
                <SequencePoint vc="0" uspid="6528" ordinal="0" offset="55" sl="57" sc="0" el="57" ec="0" bec="0" bev="0" fileid="3" />
                <SequencePoint vc="0" uspid="6529" ordinal="0" offset="62" sl="58" sc="0" el="58" ec="0" bec="0" bev="0" fileid="3" />
                <SequencePoint vc="0" uspid="6530" ordinal="0" offset="71" sl="60" sc="0" el="60" ec="0" bec="0" bev="0" fileid="3" />
                <SequencePoint vc="0" uspid="6531" ordinal="0" offset="75" sl="61" sc="0" el="61" ec="0" bec="0" bev="0" fileid="3" />
              </SequencePoints>
              <BranchPoints />
            </Method>
            <Method visited="false" cyclomaticComplexity="0" nPathComplexity="0" sequenceCoverage="0.0" branchCoverage="0" crapScore="0" isConstructor="false" isStatic="false" isGetter="false" isSetter="false">
              <Summary numSequencePoints="8" visitedSequencePoints="0" numBranchPoints="0" visitedBranchPoints="0" sequenceCoverage="0.0" branchCoverage="0" maxCyclomaticComplexity="0" minCyclomaticComplexity="0" maxCrapScore="0" minCrapScore="0" visitedClasses="0" numClasses="0" visitedMethods="0" numMethods="1" />
              <MetadataToken>100663312</MetadataToken>
              <Name>System.Boolean State::CanSeePlayer()</Name>
              <FileRef uid="3" />
              <SequencePoints>
                <SequencePoint vc="0" uspid="6532" ordinal="0" offset="0" sl="64" sc="0" el="64" ec="0" bec="0" bev="0" fileid="3" />
                <SequencePoint vc="0" uspid="6533" ordinal="0" offset="1" sl="65" sc="0" el="65" ec="0" bec="0" bev="0" fileid="3" />
                <SequencePoint vc="0" uspid="6534" ordinal="0" offset="34" sl="66" sc="0" el="66" ec="0" bec="0" bev="0" fileid="3" />
                <SequencePoint vc="0" uspid="6535" ordinal="0" offset="57" sl="67" sc="0" el="67" ec="0" bec="0" bev="0" fileid="3" />
                <SequencePoint vc="0" uspid="6536" ordinal="0" offset="88" sl="67" sc="0" el="67" ec="0" bec="0" bev="0" fileid="3" />
                <SequencePoint vc="0" uspid="6537" ordinal="0" offset="89" sl="68" sc="0" el="68" ec="0" bec="0" bev="0" fileid="3" />
                <SequencePoint vc="0" uspid="6538" ordinal="0" offset="93" sl="70" sc="0" el="70" ec="0" bec="0" bev="0" fileid="3" />
                <SequencePoint vc="0" uspid="6539" ordinal="0" offset="97" sl="71" sc="0" el="71" ec="0" bec="0" bev="0" fileid="3" />
              </SequencePoints>
              <BranchPoints />
            </Method>
            <Method visited="false" cyclomaticComplexity="0" nPathComplexity="0" sequenceCoverage="0.0" branchCoverage="0" crapScore="0" isConstructor="false" isStatic="false" isGetter="false" isSetter="false">
              <Summary numSequencePoints="7" visitedSequencePoints="0" numBranchPoints="0" visitedBranchPoints="0" sequenceCoverage="0.0" branchCoverage="0" maxCyclomaticComplexity="0" minCyclomaticComplexity="0" maxCrapScore="0" minCrapScore="0" visitedClasses="0" numClasses="0" visitedMethods="0" numMethods="1" />
              <MetadataToken>100663313</MetadataToken>
              <Name>System.Boolean State::IsPlayerBehind()</Name>
              <FileRef uid="3" />
              <SequencePoints>
                <SequencePoint vc="0" uspid="6540" ordinal="0" offset="0" sl="74" sc="0" el="74" ec="0" bec="0" bev="0" fileid="3" />
                <SequencePoint vc="0" uspid="6541" ordinal="0" offset="1" sl="75" sc="0" el="75" ec="0" bec="0" bev="0" fileid="3" />
                <SequencePoint vc="0" uspid="6542" ordinal="0" offset="34" sl="76" sc="0" el="76" ec="0" bec="0" bev="0" fileid="3" />
                <SequencePoint vc="0" uspid="6543" ordinal="0" offset="57" sl="77" sc="0" el="77" ec="0" bec="0" bev="0" fileid="3" />
                <SequencePoint vc="0" uspid="6544" ordinal="0" offset="86" sl="77" sc="0" el="77" ec="0" bec="0" bev="0" fileid="3" />
                <SequencePoint vc="0" uspid="6545" ordinal="0" offset="90" sl="78" sc="0" el="78" ec="0" bec="0" bev="0" fileid="3" />
                <SequencePoint vc="0" uspid="6546" ordinal="0" offset="94" sl="79" sc="0" el="79" ec="0" bec="0" bev="0" fileid="3" />
              </SequencePoints>
              <BranchPoints />
            </Method>
            <Method visited="false" cyclomaticComplexity="0" nPathComplexity="0" sequenceCoverage="0.0" branchCoverage="0" crapScore="0" isConstructor="false" isStatic="false" isGetter="false" isSetter="false">
              <Summary numSequencePoints="7" visitedSequencePoints="0" numBranchPoints="0" visitedBranchPoints="0" sequenceCoverage="0.0" branchCoverage="0" maxCyclomaticComplexity="0" minCyclomaticComplexity="0" maxCrapScore="0" minCrapScore="0" visitedClasses="0" numClasses="0" visitedMethods="0" numMethods="1" />
              <MetadataToken>100663314</MetadataToken>
              <Name>System.Boolean State::CanAttackPlayer()</Name>
              <FileRef uid="3" />
              <SequencePoints>
                <SequencePoint vc="0" uspid="6547" ordinal="0" offset="0" sl="82" sc="0" el="82" ec="0" bec="0" bev="0" fileid="3" />
                <SequencePoint vc="0" uspid="6548" ordinal="0" offset="1" sl="83" sc="0" el="83" ec="0" bec="0" bev="0" fileid="3" />
                <SequencePoint vc="0" uspid="6549" ordinal="0" offset="34" sl="84" sc="0" el="84" ec="0" bec="0" bev="0" fileid="3" />
                <SequencePoint vc="0" uspid="6550" ordinal="0" offset="53" sl="84" sc="0" el="84" ec="0" bec="0" bev="0" fileid="3" />
                <SequencePoint vc="0" uspid="6551" ordinal="0" offset="54" sl="85" sc="0" el="85" ec="0" bec="0" bev="0" fileid="3" />
                <SequencePoint vc="0" uspid="6552" ordinal="0" offset="58" sl="87" sc="0" el="87" ec="0" bec="0" bev="0" fileid="3" />
                <SequencePoint vc="0" uspid="6553" ordinal="0" offset="62" sl="88" sc="0" el="88" ec="0" bec="0" bev="0" fileid="3" />
              </SequencePoints>
              <BranchPoints />
            </Method>
            <Method visited="false" cyclomaticComplexity="0" nPathComplexity="0" sequenceCoverage="0.0" branchCoverage="0" crapScore="0" isConstructor="true" isStatic="false" isGetter="false" isSetter="false">
              <Summary numSequencePoints="11" visitedSequencePoints="0" numBranchPoints="0" visitedBranchPoints="0" sequenceCoverage="0.0" branchCoverage="0" maxCyclomaticComplexity="0" minCyclomaticComplexity="0" maxCrapScore="0" minCrapScore="0" visitedClasses="0" numClasses="0" visitedMethods="0" numMethods="1" />
              <MetadataToken>100663307</MetadataToken>
              <Name>State::State(UnityEngine.GameObject, UnityEngine.AI.NavMeshAgent, UnityEngine.Animator, UnityEngine.Transform)</Name>
              <FileRef uid="3" />
              <SequencePoints>
                <SequencePoint vc="0" uspid="6554" ordinal="0" offset="0" sl="34" sc="0" el="34" ec="0" bec="0" bev="0" fileid="3" />
                <SequencePoint vc="0" uspid="6555" ordinal="0" offset="11" sl="35" sc="0" el="35" ec="0" bec="0" bev="0" fileid="3" />
                <SequencePoint vc="0" uspid="6556" ordinal="0" offset="22" sl="36" sc="0" el="36" ec="0" bec="0" bev="0" fileid="3" />
                <SequencePoint vc="0" uspid="6557" ordinal="0" offset="33" sl="39" sc="0" el="39" ec="0" bec="0" bev="0" fileid="3" />
                <SequencePoint vc="0" uspid="6558" ordinal="0" offset="40" sl="39" sc="0" el="39" ec="0" bec="0" bev="0" fileid="3" />
                <SequencePoint vc="0" uspid="6559" ordinal="0" offset="41" sl="40" sc="0" el="40" ec="0" bec="0" bev="0" fileid="3" />
                <SequencePoint vc="0" uspid="6560" ordinal="0" offset="48" sl="41" sc="0" el="41" ec="0" bec="0" bev="0" fileid="3" />
                <SequencePoint vc="0" uspid="6561" ordinal="0" offset="55" sl="42" sc="0" el="42" ec="0" bec="0" bev="0" fileid="3" />
                <SequencePoint vc="0" uspid="6562" ordinal="0" offset="62" sl="43" sc="0" el="43" ec="0" bec="0" bev="0" fileid="3" />
                <SequencePoint vc="0" uspid="6563" ordinal="0" offset="70" sl="44" sc="0" el="44" ec="0" bec="0" bev="0" fileid="3" />
                <SequencePoint vc="0" uspid="6564" ordinal="0" offset="77" sl="45" sc="0" el="45" ec="0" bec="0" bev="0" fileid="3" />
              </SequencePoints>
              <BranchPoints />
            </Method>
          </Methods>
        </Class>
        <Class>
          <Summary numSequencePoints="24" visitedSequencePoints="0" numBranchPoints="0" visitedBranchPoints="0" sequenceCoverage="0.0" branchCoverage="0.0" maxCyclomaticComplexity="0" minCyclomaticComplexity="0" maxCrapScore="0" minCrapScore="0" visitedClasses="0" numClasses="1" visitedMethods="0" numMethods="4" />
          <FullName>Idle</FullName>
          <Methods>
            <Method visited="false" cyclomaticComplexity="0" nPathComplexity="0" sequenceCoverage="0.0" branchCoverage="0" crapScore="0" isConstructor="false" isStatic="false" isGetter="false" isSetter="false">
              <Summary numSequencePoints="4" visitedSequencePoints="0" numBranchPoints="0" visitedBranchPoints="0" sequenceCoverage="0.0" branchCoverage="0" maxCyclomaticComplexity="0" minCyclomaticComplexity="0" maxCrapScore="0" minCrapScore="0" visitedClasses="0" numClasses="0" visitedMethods="0" numMethods="1" />
              <MetadataToken>100663316</MetadataToken>
              <Name>System.Void Idle::Enter()</Name>
              <FileRef uid="3" />
              <SequencePoints>
                <SequencePoint vc="0" uspid="6565" ordinal="0" offset="0" sl="98" sc="0" el="98" ec="0" bec="0" bev="0" fileid="3" />
                <SequencePoint vc="0" uspid="6566" ordinal="0" offset="1" sl="99" sc="0" el="99" ec="0" bec="0" bev="0" fileid="3" />
                <SequencePoint vc="0" uspid="6567" ordinal="0" offset="18" sl="100" sc="0" el="100" ec="0" bec="0" bev="0" fileid="3" />
                <SequencePoint vc="0" uspid="6568" ordinal="0" offset="25" sl="101" sc="0" el="101" ec="0" bec="0" bev="0" fileid="3" />
              </SequencePoints>
              <BranchPoints />
            </Method>
            <Method visited="false" cyclomaticComplexity="0" nPathComplexity="0" sequenceCoverage="0.0" branchCoverage="0" crapScore="0" isConstructor="false" isStatic="false" isGetter="false" isSetter="false">
              <Summary numSequencePoints="12" visitedSequencePoints="0" numBranchPoints="0" visitedBranchPoints="0" sequenceCoverage="0.0" branchCoverage="0" maxCyclomaticComplexity="0" minCyclomaticComplexity="0" maxCrapScore="0" minCrapScore="0" visitedClasses="0" numClasses="0" visitedMethods="0" numMethods="1" />
              <MetadataToken>100663317</MetadataToken>
              <Name>System.Void Idle::Update()</Name>
              <FileRef uid="3" />
              <SequencePoints>
                <SequencePoint vc="0" uspid="6569" ordinal="0" offset="0" sl="103" sc="0" el="103" ec="0" bec="0" bev="0" fileid="3" />
                <SequencePoint vc="0" uspid="6570" ordinal="0" offset="1" sl="104" sc="0" el="104" ec="0" bec="0" bev="0" fileid="3" />
                <SequencePoint vc="0" uspid="6571" ordinal="0" offset="11" sl="104" sc="0" el="104" ec="0" bec="0" bev="0" fileid="3" />
                <SequencePoint vc="0" uspid="6572" ordinal="0" offset="12" sl="105" sc="0" el="105" ec="0" bec="0" bev="0" fileid="3" />
                <SequencePoint vc="0" uspid="6573" ordinal="0" offset="47" sl="106" sc="0" el="106" ec="0" bec="0" bev="0" fileid="3" />
                <SequencePoint vc="0" uspid="6574" ordinal="0" offset="54" sl="107" sc="0" el="107" ec="0" bec="0" bev="0" fileid="3" />
                <SequencePoint vc="0" uspid="6575" ordinal="0" offset="57" sl="107" sc="0" el="107" ec="0" bec="0" bev="0" fileid="3" />
                <SequencePoint vc="0" uspid="6576" ordinal="0" offset="73" sl="107" sc="0" el="107" ec="0" bec="0" bev="0" fileid="3" />
                <SequencePoint vc="0" uspid="6577" ordinal="0" offset="74" sl="108" sc="0" el="108" ec="0" bec="0" bev="0" fileid="3" />
                <SequencePoint vc="0" uspid="6578" ordinal="0" offset="109" sl="109" sc="0" el="109" ec="0" bec="0" bev="0" fileid="3" />
                <SequencePoint vc="0" uspid="6579" ordinal="0" offset="116" sl="110" sc="0" el="110" ec="0" bec="0" bev="0" fileid="3" />
                <SequencePoint vc="0" uspid="6580" ordinal="0" offset="117" sl="111" sc="0" el="111" ec="0" bec="0" bev="0" fileid="3" />
              </SequencePoints>
              <BranchPoints />
            </Method>
            <Method visited="false" cyclomaticComplexity="0" nPathComplexity="0" sequenceCoverage="0.0" branchCoverage="0" crapScore="0" isConstructor="false" isStatic="false" isGetter="false" isSetter="false">
              <Summary numSequencePoints="4" visitedSequencePoints="0" numBranchPoints="0" visitedBranchPoints="0" sequenceCoverage="0.0" branchCoverage="0" maxCyclomaticComplexity="0" minCyclomaticComplexity="0" maxCrapScore="0" minCrapScore="0" visitedClasses="0" numClasses="0" visitedMethods="0" numMethods="1" />
              <MetadataToken>100663318</MetadataToken>
              <Name>System.Void Idle::Exit()</Name>
              <FileRef uid="3" />
              <SequencePoints>
                <SequencePoint vc="0" uspid="6581" ordinal="0" offset="0" sl="113" sc="0" el="113" ec="0" bec="0" bev="0" fileid="3" />
                <SequencePoint vc="0" uspid="6582" ordinal="0" offset="1" sl="114" sc="0" el="114" ec="0" bec="0" bev="0" fileid="3" />
                <SequencePoint vc="0" uspid="6583" ordinal="0" offset="18" sl="115" sc="0" el="115" ec="0" bec="0" bev="0" fileid="3" />
                <SequencePoint vc="0" uspid="6584" ordinal="0" offset="25" sl="116" sc="0" el="116" ec="0" bec="0" bev="0" fileid="3" />
              </SequencePoints>
              <BranchPoints />
            </Method>
            <Method visited="false" cyclomaticComplexity="0" nPathComplexity="0" sequenceCoverage="0.0" branchCoverage="0" crapScore="0" isConstructor="true" isStatic="false" isGetter="false" isSetter="false">
              <Summary numSequencePoints="4" visitedSequencePoints="0" numBranchPoints="0" visitedBranchPoints="0" sequenceCoverage="0.0" branchCoverage="0" maxCyclomaticComplexity="0" minCyclomaticComplexity="0" maxCrapScore="0" minCrapScore="0" visitedClasses="0" numClasses="0" visitedMethods="0" numMethods="1" />
              <MetadataToken>100663315</MetadataToken>
              <Name>Idle::Idle(UnityEngine.GameObject, UnityEngine.AI.NavMeshAgent, UnityEngine.Animator, UnityEngine.Transform)</Name>
              <FileRef uid="3" />
              <SequencePoints>
                <SequencePoint vc="0" uspid="6585" ordinal="0" offset="0" sl="94" sc="0" el="94" ec="0" bec="0" bev="0" fileid="3" />
                <SequencePoint vc="0" uspid="6586" ordinal="0" offset="12" sl="94" sc="0" el="94" ec="0" bec="0" bev="0" fileid="3" />
                <SequencePoint vc="0" uspid="6587" ordinal="0" offset="13" sl="95" sc="0" el="95" ec="0" bec="0" bev="0" fileid="3" />
                <SequencePoint vc="0" uspid="6588" ordinal="0" offset="20" sl="96" sc="0" el="96" ec="0" bec="0" bev="0" fileid="3" />
              </SequencePoints>
              <BranchPoints />
            </Method>
          </Methods>
        </Class>
        <Class>
          <Summary numSequencePoints="46" visitedSequencePoints="0" numBranchPoints="0" visitedBranchPoints="0" sequenceCoverage="0.0" branchCoverage="0.0" maxCyclomaticComplexity="0" minCyclomaticComplexity="0" maxCrapScore="0" minCrapScore="0" visitedClasses="0" numClasses="1" visitedMethods="0" numMethods="4" />
          <FullName>Patrol</FullName>
          <Methods>
            <Method visited="false" cyclomaticComplexity="0" nPathComplexity="0" sequenceCoverage="0.0" branchCoverage="0" crapScore="0" isConstructor="false" isStatic="false" isGetter="false" isSetter="false">
              <Summary numSequencePoints="17" visitedSequencePoints="0" numBranchPoints="0" visitedBranchPoints="0" sequenceCoverage="0.0" branchCoverage="0" maxCyclomaticComplexity="0" minCyclomaticComplexity="0" maxCrapScore="0" minCrapScore="0" visitedClasses="0" numClasses="0" visitedMethods="0" numMethods="1" />
              <MetadataToken>100663320</MetadataToken>
              <Name>System.Void Patrol::Enter()</Name>
              <FileRef uid="3" />
              <SequencePoints>
                <SequencePoint vc="0" uspid="6589" ordinal="0" offset="0" sl="130" sc="0" el="130" ec="0" bec="0" bev="0" fileid="3" />
                <SequencePoint vc="0" uspid="6590" ordinal="0" offset="1" sl="132" sc="0" el="132" ec="0" bec="0" bev="0" fileid="3" />
                <SequencePoint vc="0" uspid="6591" ordinal="0" offset="7" sl="133" sc="0" el="133" ec="0" bec="0" bev="0" fileid="3" />
                <SequencePoint vc="0" uspid="6592" ordinal="0" offset="11" sl="133" sc="0" el="133" ec="0" bec="0" bev="0" fileid="3" />
                <SequencePoint vc="0" uspid="6593" ordinal="0" offset="12" sl="134" sc="0" el="134" ec="0" bec="0" bev="0" fileid="3" />
                <SequencePoint vc="0" uspid="6594" ordinal="0" offset="29" sl="135" sc="0" el="135" ec="0" bec="0" bev="0" fileid="3" />
                <SequencePoint vc="0" uspid="6595" ordinal="0" offset="62" sl="136" sc="0" el="136" ec="0" bec="0" bev="0" fileid="3" />
                <SequencePoint vc="0" uspid="6596" ordinal="0" offset="72" sl="136" sc="0" el="136" ec="0" bec="0" bev="0" fileid="3" />
                <SequencePoint vc="0" uspid="6597" ordinal="0" offset="73" sl="137" sc="0" el="137" ec="0" bec="0" bev="0" fileid="3" />
                <SequencePoint vc="0" uspid="6598" ordinal="0" offset="82" sl="138" sc="0" el="138" ec="0" bec="0" bev="0" fileid="3" />
                <SequencePoint vc="0" uspid="6599" ordinal="0" offset="84" sl="139" sc="0" el="139" ec="0" bec="0" bev="0" fileid="3" />
                <SequencePoint vc="0" uspid="6600" ordinal="0" offset="85" sl="140" sc="0" el="140" ec="0" bec="0" bev="0" fileid="3" />
                <SequencePoint vc="0" uspid="6601" ordinal="0" offset="86" sl="133" sc="0" el="133" ec="0" bec="0" bev="0" fileid="3" />
                <SequencePoint vc="0" uspid="6602" ordinal="0" offset="90" sl="133" sc="0" el="133" ec="0" bec="0" bev="0" fileid="3" />
                <SequencePoint vc="0" uspid="6603" ordinal="0" offset="114" sl="141" sc="0" el="141" ec="0" bec="0" bev="0" fileid="3" />
                <SequencePoint vc="0" uspid="6604" ordinal="0" offset="131" sl="142" sc="0" el="142" ec="0" bec="0" bev="0" fileid="3" />
                <SequencePoint vc="0" uspid="6605" ordinal="0" offset="138" sl="143" sc="0" el="143" ec="0" bec="0" bev="0" fileid="3" />
              </SequencePoints>
              <BranchPoints />
            </Method>
            <Method visited="false" cyclomaticComplexity="0" nPathComplexity="0" sequenceCoverage="0.0" branchCoverage="0" crapScore="0" isConstructor="false" isStatic="false" isGetter="false" isSetter="false">
              <Summary numSequencePoints="18" visitedSequencePoints="0" numBranchPoints="0" visitedBranchPoints="0" sequenceCoverage="0.0" branchCoverage="0" maxCyclomaticComplexity="0" minCyclomaticComplexity="0" maxCrapScore="0" minCrapScore="0" visitedClasses="0" numClasses="0" visitedMethods="0" numMethods="1" />
              <MetadataToken>100663321</MetadataToken>
              <Name>System.Void Patrol::Update()</Name>
              <FileRef uid="3" />
              <SequencePoints>
                <SequencePoint vc="0" uspid="6606" ordinal="0" offset="0" sl="145" sc="0" el="145" ec="0" bec="0" bev="0" fileid="3" />
                <SequencePoint vc="0" uspid="6607" ordinal="0" offset="1" sl="146" sc="0" el="146" ec="0" bec="0" bev="0" fileid="3" />
                <SequencePoint vc="0" uspid="6608" ordinal="0" offset="23" sl="146" sc="0" el="146" ec="0" bec="0" bev="0" fileid="3" />
                <SequencePoint vc="0" uspid="6609" ordinal="0" offset="24" sl="147" sc="0" el="147" ec="0" bec="0" bev="0" fileid="3" />
                <SequencePoint vc="0" uspid="6610" ordinal="0" offset="56" sl="147" sc="0" el="147" ec="0" bec="0" bev="0" fileid="3" />
                <SequencePoint vc="0" uspid="6611" ordinal="0" offset="57" sl="148" sc="0" el="148" ec="0" bec="0" bev="0" fileid="3" />
                <SequencePoint vc="0" uspid="6612" ordinal="0" offset="64" sl="149" sc="0" el="149" ec="0" bec="0" bev="0" fileid="3" />
                <SequencePoint vc="0" uspid="6613" ordinal="0" offset="67" sl="149" sc="0" el="149" ec="0" bec="0" bev="0" fileid="3" />
                <SequencePoint vc="0" uspid="6614" ordinal="0" offset="68" sl="150" sc="0" el="150" ec="0" bec="0" bev="0" fileid="3" />
                <SequencePoint vc="0" uspid="6615" ordinal="0" offset="82" sl="151" sc="0" el="151" ec="0" bec="0" bev="0" fileid="3" />
                <SequencePoint vc="0" uspid="6616" ordinal="0" offset="83" sl="152" sc="0" el="152" ec="0" bec="0" bev="0" fileid="3" />
                <SequencePoint vc="0" uspid="6617" ordinal="0" offset="126" sl="153" sc="0" el="153" ec="0" bec="0" bev="0" fileid="3" />
                <SequencePoint vc="0" uspid="6618" ordinal="0" offset="127" sl="155" sc="0" el="155" ec="0" bec="0" bev="0" fileid="3" />
                <SequencePoint vc="0" uspid="6619" ordinal="0" offset="137" sl="155" sc="0" el="155" ec="0" bec="0" bev="0" fileid="3" />
                <SequencePoint vc="0" uspid="6620" ordinal="0" offset="138" sl="156" sc="0" el="156" ec="0" bec="0" bev="0" fileid="3" />
                <SequencePoint vc="0" uspid="6621" ordinal="0" offset="173" sl="157" sc="0" el="157" ec="0" bec="0" bev="0" fileid="3" />
                <SequencePoint vc="0" uspid="6622" ordinal="0" offset="180" sl="158" sc="0" el="158" ec="0" bec="0" bev="0" fileid="3" />
                <SequencePoint vc="0" uspid="6623" ordinal="0" offset="181" sl="159" sc="0" el="159" ec="0" bec="0" bev="0" fileid="3" />
              </SequencePoints>
              <BranchPoints />
            </Method>
            <Method visited="false" cyclomaticComplexity="0" nPathComplexity="0" sequenceCoverage="0.0" branchCoverage="0" crapScore="0" isConstructor="false" isStatic="false" isGetter="false" isSetter="false">
              <Summary numSequencePoints="4" visitedSequencePoints="0" numBranchPoints="0" visitedBranchPoints="0" sequenceCoverage="0.0" branchCoverage="0" maxCyclomaticComplexity="0" minCyclomaticComplexity="0" maxCrapScore="0" minCrapScore="0" visitedClasses="0" numClasses="0" visitedMethods="0" numMethods="1" />
              <MetadataToken>100663322</MetadataToken>
              <Name>System.Void Patrol::Exit()</Name>
              <FileRef uid="3" />
              <SequencePoints>
                <SequencePoint vc="0" uspid="6624" ordinal="0" offset="0" sl="161" sc="0" el="161" ec="0" bec="0" bev="0" fileid="3" />
                <SequencePoint vc="0" uspid="6625" ordinal="0" offset="1" sl="162" sc="0" el="162" ec="0" bec="0" bev="0" fileid="3" />
                <SequencePoint vc="0" uspid="6626" ordinal="0" offset="18" sl="163" sc="0" el="163" ec="0" bec="0" bev="0" fileid="3" />
                <SequencePoint vc="0" uspid="6627" ordinal="0" offset="25" sl="164" sc="0" el="164" ec="0" bec="0" bev="0" fileid="3" />
              </SequencePoints>
              <BranchPoints />
            </Method>
            <Method visited="false" cyclomaticComplexity="0" nPathComplexity="0" sequenceCoverage="0.0" branchCoverage="0" crapScore="0" isConstructor="true" isStatic="false" isGetter="false" isSetter="false">
              <Summary numSequencePoints="7" visitedSequencePoints="0" numBranchPoints="0" visitedBranchPoints="0" sequenceCoverage="0.0" branchCoverage="0" maxCyclomaticComplexity="0" minCyclomaticComplexity="0" maxCrapScore="0" minCrapScore="0" visitedClasses="0" numClasses="0" visitedMethods="0" numMethods="1" />
              <MetadataToken>100663319</MetadataToken>
              <Name>Patrol::Patrol(UnityEngine.GameObject, UnityEngine.AI.NavMeshAgent, UnityEngine.Animator, UnityEngine.Transform)</Name>
              <FileRef uid="3" />
              <SequencePoints>
                <SequencePoint vc="0" uspid="6628" ordinal="0" offset="0" sl="121" sc="0" el="121" ec="0" bec="0" bev="0" fileid="3" />
                <SequencePoint vc="0" uspid="6629" ordinal="0" offset="7" sl="124" sc="0" el="124" ec="0" bec="0" bev="0" fileid="3" />
                <SequencePoint vc="0" uspid="6630" ordinal="0" offset="19" sl="124" sc="0" el="124" ec="0" bec="0" bev="0" fileid="3" />
                <SequencePoint vc="0" uspid="6631" ordinal="0" offset="20" sl="125" sc="0" el="125" ec="0" bec="0" bev="0" fileid="3" />
                <SequencePoint vc="0" uspid="6632" ordinal="0" offset="27" sl="126" sc="0" el="126" ec="0" bec="0" bev="0" fileid="3" />
                <SequencePoint vc="0" uspid="6633" ordinal="0" offset="44" sl="127" sc="0" el="127" ec="0" bec="0" bev="0" fileid="3" />
                <SequencePoint vc="0" uspid="6634" ordinal="0" offset="57" sl="128" sc="0" el="128" ec="0" bec="0" bev="0" fileid="3" />
              </SequencePoints>
              <BranchPoints />
            </Method>
          </Methods>
        </Class>
        <Class>
          <Summary numSequencePoints="30" visitedSequencePoints="0" numBranchPoints="0" visitedBranchPoints="0" sequenceCoverage="0.0" branchCoverage="0.0" maxCyclomaticComplexity="0" minCyclomaticComplexity="0" maxCrapScore="0" minCrapScore="0" visitedClasses="0" numClasses="1" visitedMethods="0" numMethods="4" />
          <FullName>Pursue</FullName>
          <Methods>
            <Method visited="false" cyclomaticComplexity="0" nPathComplexity="0" sequenceCoverage="0.0" branchCoverage="0" crapScore="0" isConstructor="false" isStatic="false" isGetter="false" isSetter="false">
              <Summary numSequencePoints="4" visitedSequencePoints="0" numBranchPoints="0" visitedBranchPoints="0" sequenceCoverage="0.0" branchCoverage="0" maxCyclomaticComplexity="0" minCyclomaticComplexity="0" maxCrapScore="0" minCrapScore="0" visitedClasses="0" numClasses="0" visitedMethods="0" numMethods="1" />
              <MetadataToken>100663324</MetadataToken>
              <Name>System.Void Pursue::Enter()</Name>
              <FileRef uid="3" />
              <SequencePoints>
                <SequencePoint vc="0" uspid="6635" ordinal="0" offset="0" sl="176" sc="0" el="176" ec="0" bec="0" bev="0" fileid="3" />
                <SequencePoint vc="0" uspid="6636" ordinal="0" offset="1" sl="177" sc="0" el="177" ec="0" bec="0" bev="0" fileid="3" />
                <SequencePoint vc="0" uspid="6637" ordinal="0" offset="18" sl="178" sc="0" el="178" ec="0" bec="0" bev="0" fileid="3" />
                <SequencePoint vc="0" uspid="6638" ordinal="0" offset="25" sl="179" sc="0" el="179" ec="0" bec="0" bev="0" fileid="3" />
              </SequencePoints>
              <BranchPoints />
            </Method>
            <Method visited="false" cyclomaticComplexity="0" nPathComplexity="0" sequenceCoverage="0.0" branchCoverage="0" crapScore="0" isConstructor="false" isStatic="false" isGetter="false" isSetter="false">
              <Summary numSequencePoints="16" visitedSequencePoints="0" numBranchPoints="0" visitedBranchPoints="0" sequenceCoverage="0.0" branchCoverage="0" maxCyclomaticComplexity="0" minCyclomaticComplexity="0" maxCrapScore="0" minCrapScore="0" visitedClasses="0" numClasses="0" visitedMethods="0" numMethods="1" />
              <MetadataToken>100663325</MetadataToken>
              <Name>System.Void Pursue::Update()</Name>
              <FileRef uid="3" />
              <SequencePoints>
                <SequencePoint vc="0" uspid="6639" ordinal="0" offset="0" sl="181" sc="0" el="181" ec="0" bec="0" bev="0" fileid="3" />
                <SequencePoint vc="0" uspid="6640" ordinal="0" offset="1" sl="182" sc="0" el="182" ec="0" bec="0" bev="0" fileid="3" />
                <SequencePoint vc="0" uspid="6641" ordinal="0" offset="24" sl="184" sc="0" el="184" ec="0" bec="0" bev="0" fileid="3" />
                <SequencePoint vc="0" uspid="6642" ordinal="0" offset="39" sl="184" sc="0" el="184" ec="0" bec="0" bev="0" fileid="3" />
                <SequencePoint vc="0" uspid="6643" ordinal="0" offset="40" sl="185" sc="0" el="185" ec="0" bec="0" bev="0" fileid="3" />
                <SequencePoint vc="0" uspid="6644" ordinal="0" offset="50" sl="185" sc="0" el="185" ec="0" bec="0" bev="0" fileid="3" />
                <SequencePoint vc="0" uspid="6645" ordinal="0" offset="51" sl="186" sc="0" el="186" ec="0" bec="0" bev="0" fileid="3" />
                <SequencePoint vc="0" uspid="6646" ordinal="0" offset="86" sl="187" sc="0" el="187" ec="0" bec="0" bev="0" fileid="3" />
                <SequencePoint vc="0" uspid="6647" ordinal="0" offset="93" sl="188" sc="0" el="188" ec="0" bec="0" bev="0" fileid="3" />
                <SequencePoint vc="0" uspid="6648" ordinal="0" offset="96" sl="188" sc="0" el="188" ec="0" bec="0" bev="0" fileid="3" />
                <SequencePoint vc="0" uspid="6649" ordinal="0" offset="109" sl="188" sc="0" el="188" ec="0" bec="0" bev="0" fileid="3" />
                <SequencePoint vc="0" uspid="6650" ordinal="0" offset="110" sl="189" sc="0" el="189" ec="0" bec="0" bev="0" fileid="3" />
                <SequencePoint vc="0" uspid="6651" ordinal="0" offset="145" sl="190" sc="0" el="190" ec="0" bec="0" bev="0" fileid="3" />
                <SequencePoint vc="0" uspid="6652" ordinal="0" offset="152" sl="191" sc="0" el="191" ec="0" bec="0" bev="0" fileid="3" />
                <SequencePoint vc="0" uspid="6653" ordinal="0" offset="153" sl="192" sc="0" el="192" ec="0" bec="0" bev="0" fileid="3" />
                <SequencePoint vc="0" uspid="6654" ordinal="0" offset="154" sl="193" sc="0" el="193" ec="0" bec="0" bev="0" fileid="3" />
              </SequencePoints>
              <BranchPoints />
            </Method>
            <Method visited="false" cyclomaticComplexity="0" nPathComplexity="0" sequenceCoverage="0.0" branchCoverage="0" crapScore="0" isConstructor="false" isStatic="false" isGetter="false" isSetter="false">
              <Summary numSequencePoints="4" visitedSequencePoints="0" numBranchPoints="0" visitedBranchPoints="0" sequenceCoverage="0.0" branchCoverage="0" maxCyclomaticComplexity="0" minCyclomaticComplexity="0" maxCrapScore="0" minCrapScore="0" visitedClasses="0" numClasses="0" visitedMethods="0" numMethods="1" />
              <MetadataToken>100663326</MetadataToken>
              <Name>System.Void Pursue::Exit()</Name>
              <FileRef uid="3" />
              <SequencePoints>
                <SequencePoint vc="0" uspid="6655" ordinal="0" offset="0" sl="195" sc="0" el="195" ec="0" bec="0" bev="0" fileid="3" />
                <SequencePoint vc="0" uspid="6656" ordinal="0" offset="1" sl="196" sc="0" el="196" ec="0" bec="0" bev="0" fileid="3" />
                <SequencePoint vc="0" uspid="6657" ordinal="0" offset="18" sl="197" sc="0" el="197" ec="0" bec="0" bev="0" fileid="3" />
                <SequencePoint vc="0" uspid="6658" ordinal="0" offset="25" sl="198" sc="0" el="198" ec="0" bec="0" bev="0" fileid="3" />
              </SequencePoints>
              <BranchPoints />
            </Method>
            <Method visited="false" cyclomaticComplexity="0" nPathComplexity="0" sequenceCoverage="0.0" branchCoverage="0" crapScore="0" isConstructor="true" isStatic="false" isGetter="false" isSetter="false">
              <Summary numSequencePoints="6" visitedSequencePoints="0" numBranchPoints="0" visitedBranchPoints="0" sequenceCoverage="0.0" branchCoverage="0" maxCyclomaticComplexity="0" minCyclomaticComplexity="0" maxCrapScore="0" minCrapScore="0" visitedClasses="0" numClasses="0" visitedMethods="0" numMethods="1" />
              <MetadataToken>100663323</MetadataToken>
              <Name>Pursue::Pursue(UnityEngine.GameObject, UnityEngine.AI.NavMeshAgent, UnityEngine.Animator, UnityEngine.Transform)</Name>
              <FileRef uid="3" />
              <SequencePoints>
                <SequencePoint vc="0" uspid="6659" ordinal="0" offset="0" sl="170" sc="0" el="170" ec="0" bec="0" bev="0" fileid="3" />
                <SequencePoint vc="0" uspid="6660" ordinal="0" offset="12" sl="170" sc="0" el="170" ec="0" bec="0" bev="0" fileid="3" />
                <SequencePoint vc="0" uspid="6661" ordinal="0" offset="13" sl="171" sc="0" el="171" ec="0" bec="0" bev="0" fileid="3" />
                <SequencePoint vc="0" uspid="6662" ordinal="0" offset="20" sl="172" sc="0" el="172" ec="0" bec="0" bev="0" fileid="3" />
                <SequencePoint vc="0" uspid="6663" ordinal="0" offset="37" sl="173" sc="0" el="173" ec="0" bec="0" bev="0" fileid="3" />
                <SequencePoint vc="0" uspid="6664" ordinal="0" offset="50" sl="174" sc="0" el="174" ec="0" bec="0" bev="0" fileid="3" />
              </SequencePoints>
              <BranchPoints />
            </Method>
          </Methods>
        </Class>
        <Class>
          <Summary numSequencePoints="25" visitedSequencePoints="0" numBranchPoints="0" visitedBranchPoints="0" sequenceCoverage="0.0" branchCoverage="0.0" maxCyclomaticComplexity="0" minCyclomaticComplexity="0" maxCrapScore="0" minCrapScore="0" visitedClasses="0" numClasses="1" visitedMethods="0" numMethods="4" />
          <FullName>Attack</FullName>
          <Methods>
            <Method visited="false" cyclomaticComplexity="0" nPathComplexity="0" sequenceCoverage="0.0" branchCoverage="0" crapScore="0" isConstructor="false" isStatic="false" isGetter="false" isSetter="false">
              <Summary numSequencePoints="5" visitedSequencePoints="0" numBranchPoints="0" visitedBranchPoints="0" sequenceCoverage="0.0" branchCoverage="0" maxCyclomaticComplexity="0" minCyclomaticComplexity="0" maxCrapScore="0" minCrapScore="0" visitedClasses="0" numClasses="0" visitedMethods="0" numMethods="1" />
              <MetadataToken>100663328</MetadataToken>
              <Name>System.Void Attack::Enter()</Name>
              <FileRef uid="3" />
              <SequencePoints>
                <SequencePoint vc="0" uspid="6665" ordinal="0" offset="0" sl="214" sc="0" el="214" ec="0" bec="0" bev="0" fileid="3" />
                <SequencePoint vc="0" uspid="6666" ordinal="0" offset="1" sl="215" sc="0" el="215" ec="0" bec="0" bev="0" fileid="3" />
                <SequencePoint vc="0" uspid="6667" ordinal="0" offset="18" sl="216" sc="0" el="216" ec="0" bec="0" bev="0" fileid="3" />
                <SequencePoint vc="0" uspid="6668" ordinal="0" offset="31" sl="224" sc="0" el="224" ec="0" bec="0" bev="0" fileid="3" />
                <SequencePoint vc="0" uspid="6669" ordinal="0" offset="38" sl="225" sc="0" el="225" ec="0" bec="0" bev="0" fileid="3" />
              </SequencePoints>
              <BranchPoints />
            </Method>
            <Method visited="false" cyclomaticComplexity="0" nPathComplexity="0" sequenceCoverage="0.0" branchCoverage="0" crapScore="0" isConstructor="false" isStatic="false" isGetter="false" isSetter="false">
              <Summary numSequencePoints="11" visitedSequencePoints="0" numBranchPoints="0" visitedBranchPoints="0" sequenceCoverage="0.0" branchCoverage="0" maxCyclomaticComplexity="0" minCyclomaticComplexity="0" maxCrapScore="0" minCrapScore="0" visitedClasses="0" numClasses="0" visitedMethods="0" numMethods="1" />
              <MetadataToken>100663329</MetadataToken>
              <Name>System.Void Attack::Update()</Name>
              <FileRef uid="3" />
              <SequencePoints>
                <SequencePoint vc="0" uspid="6670" ordinal="0" offset="0" sl="227" sc="0" el="227" ec="0" bec="0" bev="0" fileid="3" />
                <SequencePoint vc="0" uspid="6671" ordinal="0" offset="1" sl="228" sc="0" el="228" ec="0" bec="0" bev="0" fileid="3" />
                <SequencePoint vc="0" uspid="6672" ordinal="0" offset="34" sl="229" sc="0" el="229" ec="0" bec="0" bev="0" fileid="3" />
                <SequencePoint vc="0" uspid="6673" ordinal="0" offset="57" sl="230" sc="0" el="230" ec="0" bec="0" bev="0" fileid="3" />
                <SequencePoint vc="0" uspid="6674" ordinal="0" offset="69" sl="232" sc="0" el="232" ec="0" bec="0" bev="0" fileid="3" />
                <SequencePoint vc="0" uspid="6675" ordinal="0" offset="125" sl="234" sc="0" el="234" ec="0" bec="0" bev="0" fileid="3" />
                <SequencePoint vc="0" uspid="6676" ordinal="0" offset="138" sl="234" sc="0" el="234" ec="0" bec="0" bev="0" fileid="3" />
                <SequencePoint vc="0" uspid="6677" ordinal="0" offset="139" sl="235" sc="0" el="235" ec="0" bec="0" bev="0" fileid="3" />
                <SequencePoint vc="0" uspid="6678" ordinal="0" offset="174" sl="237" sc="0" el="237" ec="0" bec="0" bev="0" fileid="3" />
                <SequencePoint vc="0" uspid="6679" ordinal="0" offset="181" sl="238" sc="0" el="238" ec="0" bec="0" bev="0" fileid="3" />
                <SequencePoint vc="0" uspid="6680" ordinal="0" offset="182" sl="239" sc="0" el="239" ec="0" bec="0" bev="0" fileid="3" />
              </SequencePoints>
              <BranchPoints />
            </Method>
            <Method visited="false" cyclomaticComplexity="0" nPathComplexity="0" sequenceCoverage="0.0" branchCoverage="0" crapScore="0" isConstructor="false" isStatic="false" isGetter="false" isSetter="false">
              <Summary numSequencePoints="4" visitedSequencePoints="0" numBranchPoints="0" visitedBranchPoints="0" sequenceCoverage="0.0" branchCoverage="0" maxCyclomaticComplexity="0" minCyclomaticComplexity="0" maxCrapScore="0" minCrapScore="0" visitedClasses="0" numClasses="0" visitedMethods="0" numMethods="1" />
              <MetadataToken>100663330</MetadataToken>
              <Name>System.Void Attack::Exit()</Name>
              <FileRef uid="3" />
              <SequencePoints>
                <SequencePoint vc="0" uspid="6681" ordinal="0" offset="0" sl="241" sc="0" el="241" ec="0" bec="0" bev="0" fileid="3" />
                <SequencePoint vc="0" uspid="6682" ordinal="0" offset="1" sl="242" sc="0" el="242" ec="0" bec="0" bev="0" fileid="3" />
                <SequencePoint vc="0" uspid="6683" ordinal="0" offset="18" sl="244" sc="0" el="244" ec="0" bec="0" bev="0" fileid="3" />
                <SequencePoint vc="0" uspid="6684" ordinal="0" offset="25" sl="246" sc="0" el="246" ec="0" bec="0" bev="0" fileid="3" />
              </SequencePoints>
              <BranchPoints />
            </Method>
            <Method visited="false" cyclomaticComplexity="0" nPathComplexity="0" sequenceCoverage="0.0" branchCoverage="0" crapScore="0" isConstructor="true" isStatic="false" isGetter="false" isSetter="false">
              <Summary numSequencePoints="5" visitedSequencePoints="0" numBranchPoints="0" visitedBranchPoints="0" sequenceCoverage="0.0" branchCoverage="0" maxCyclomaticComplexity="0" minCyclomaticComplexity="0" maxCrapScore="0" minCrapScore="0" visitedClasses="0" numClasses="0" visitedMethods="0" numMethods="1" />
              <MetadataToken>100663327</MetadataToken>
              <Name>Attack::Attack(UnityEngine.GameObject, UnityEngine.AI.NavMeshAgent, UnityEngine.Animator, UnityEngine.Transform)</Name>
              <FileRef uid="3" />
              <SequencePoints>
                <SequencePoint vc="0" uspid="6685" ordinal="0" offset="0" sl="203" sc="0" el="203" ec="0" bec="0" bev="0" fileid="3" />
                <SequencePoint vc="0" uspid="6686" ordinal="0" offset="11" sl="209" sc="0" el="209" ec="0" bec="0" bev="0" fileid="3" />
                <SequencePoint vc="0" uspid="6687" ordinal="0" offset="23" sl="209" sc="0" el="209" ec="0" bec="0" bev="0" fileid="3" />
                <SequencePoint vc="0" uspid="6688" ordinal="0" offset="24" sl="210" sc="0" el="210" ec="0" bec="0" bev="0" fileid="3" />
                <SequencePoint vc="0" uspid="6689" ordinal="0" offset="31" sl="212" sc="0" el="212" ec="0" bec="0" bev="0" fileid="3" />
              </SequencePoints>
              <BranchPoints />
            </Method>
          </Methods>
        </Class>
        <Class>
          <Summary numSequencePoints="42" visitedSequencePoints="0" numBranchPoints="0" visitedBranchPoints="0" sequenceCoverage="0.0" branchCoverage="0.0" maxCyclomaticComplexity="0" minCyclomaticComplexity="0" maxCrapScore="0" minCrapScore="0" visitedClasses="0" numClasses="1" visitedMethods="0" numMethods="5" />
          <FullName>DeathSequence</FullName>
          <Methods>
            <Method visited="false" cyclomaticComplexity="0" nPathComplexity="0" sequenceCoverage="0.0" branchCoverage="0" crapScore="0" isConstructor="false" isStatic="false" isGetter="false" isSetter="false">
              <Summary numSequencePoints="9" visitedSequencePoints="0" numBranchPoints="0" visitedBranchPoints="0" sequenceCoverage="0.0" branchCoverage="0" maxCyclomaticComplexity="0" minCyclomaticComplexity="0" maxCrapScore="0" minCrapScore="0" visitedClasses="0" numClasses="0" visitedMethods="0" numMethods="1" />
              <MetadataToken>100663331</MetadataToken>
              <Name>System.Void DeathSequence::Start()</Name>
              <FileRef uid="4" />
              <SequencePoints>
                <SequencePoint vc="0" uspid="6690" ordinal="0" offset="0" sl="19" sc="0" el="19" ec="0" bec="0" bev="0" fileid="4" />
                <SequencePoint vc="0" uspid="6691" ordinal="0" offset="1" sl="20" sc="0" el="20" ec="0" bec="0" bev="0" fileid="4" />
                <SequencePoint vc="0" uspid="6692" ordinal="0" offset="13" sl="21" sc="0" el="21" ec="0" bec="0" bev="0" fileid="4" />
                <SequencePoint vc="0" uspid="6693" ordinal="0" offset="30" sl="22" sc="0" el="22" ec="0" bec="0" bev="0" fileid="4" />
                <SequencePoint vc="0" uspid="6694" ordinal="0" offset="48" sl="23" sc="0" el="23" ec="0" bec="0" bev="0" fileid="4" />
                <SequencePoint vc="0" uspid="6695" ordinal="0" offset="61" sl="25" sc="0" el="25" ec="0" bec="0" bev="0" fileid="4" />
                <SequencePoint vc="0" uspid="6696" ordinal="0" offset="77" sl="25" sc="0" el="25" ec="0" bec="0" bev="0" fileid="4" />
                <SequencePoint vc="0" uspid="6697" ordinal="0" offset="90" sl="27" sc="0" el="27" ec="0" bec="0" bev="0" fileid="4" />
                <SequencePoint vc="0" uspid="6698" ordinal="0" offset="108" sl="28" sc="0" el="28" ec="0" bec="0" bev="0" fileid="4" />
              </SequencePoints>
              <BranchPoints />
            </Method>
            <Method visited="false" cyclomaticComplexity="0" nPathComplexity="0" sequenceCoverage="0.0" branchCoverage="0" crapScore="0" isConstructor="false" isStatic="false" isGetter="false" isSetter="false">
              <Summary numSequencePoints="8" visitedSequencePoints="0" numBranchPoints="0" visitedBranchPoints="0" sequenceCoverage="0.0" branchCoverage="0" maxCyclomaticComplexity="0" minCyclomaticComplexity="0" maxCrapScore="0" minCrapScore="0" visitedClasses="0" numClasses="0" visitedMethods="0" numMethods="1" />
              <MetadataToken>100663332</MetadataToken>
              <Name>System.Void DeathSequence::SetImageAlpha(UnityEngine.UI.Image, System.Single)</Name>
              <FileRef uid="4" />
              <SequencePoints>
                <SequencePoint vc="0" uspid="6699" ordinal="0" offset="0" sl="31" sc="0" el="31" ec="0" bec="0" bev="0" fileid="4" />
                <SequencePoint vc="0" uspid="6700" ordinal="0" offset="1" sl="32" sc="0" el="32" ec="0" bec="0" bev="0" fileid="4" />
                <SequencePoint vc="0" uspid="6701" ordinal="0" offset="12" sl="33" sc="0" el="33" ec="0" bec="0" bev="0" fileid="4" />
                <SequencePoint vc="0" uspid="6702" ordinal="0" offset="13" sl="34" sc="0" el="34" ec="0" bec="0" bev="0" fileid="4" />
                <SequencePoint vc="0" uspid="6703" ordinal="0" offset="20" sl="35" sc="0" el="35" ec="0" bec="0" bev="0" fileid="4" />
                <SequencePoint vc="0" uspid="6704" ordinal="0" offset="28" sl="36" sc="0" el="36" ec="0" bec="0" bev="0" fileid="4" />
                <SequencePoint vc="0" uspid="6705" ordinal="0" offset="36" sl="37" sc="0" el="37" ec="0" bec="0" bev="0" fileid="4" />
                <SequencePoint vc="0" uspid="6706" ordinal="0" offset="37" sl="38" sc="0" el="38" ec="0" bec="0" bev="0" fileid="4" />
              </SequencePoints>
              <BranchPoints />
            </Method>
            <Method visited="false" cyclomaticComplexity="0" nPathComplexity="0" sequenceCoverage="0.0" branchCoverage="0" crapScore="0" isConstructor="false" isStatic="false" isGetter="false" isSetter="false">
              <Summary numSequencePoints="14" visitedSequencePoints="0" numBranchPoints="0" visitedBranchPoints="0" sequenceCoverage="0.0" branchCoverage="0" maxCyclomaticComplexity="0" minCyclomaticComplexity="0" maxCrapScore="0" minCrapScore="0" visitedClasses="0" numClasses="0" visitedMethods="0" numMethods="1" />
              <MetadataToken>100663333</MetadataToken>
              <Name>System.Void DeathSequence::TriggerDeathSequence()</Name>
              <FileRef uid="4" />
              <SequencePoints>
                <SequencePoint vc="0" uspid="6707" ordinal="0" offset="0" sl="41" sc="0" el="41" ec="0" bec="0" bev="0" fileid="4" />
                <SequencePoint vc="0" uspid="6708" ordinal="0" offset="1" sl="42" sc="0" el="42" ec="0" bec="0" bev="0" fileid="4" />
                <SequencePoint vc="0" uspid="6709" ordinal="0" offset="8" sl="43" sc="0" el="43" ec="0" bec="0" bev="0" fileid="4" />
                <SequencePoint vc="0" uspid="6710" ordinal="0" offset="24" sl="44" sc="0" el="44" ec="0" bec="0" bev="0" fileid="4" />
                <SequencePoint vc="0" uspid="6711" ordinal="0" offset="25" sl="45" sc="0" el="45" ec="0" bec="0" bev="0" fileid="4" />
                <SequencePoint vc="0" uspid="6712" ordinal="0" offset="38" sl="46" sc="0" el="46" ec="0" bec="0" bev="0" fileid="4" />
                <SequencePoint vc="0" uspid="6713" ordinal="0" offset="51" sl="47" sc="0" el="47" ec="0" bec="0" bev="0" fileid="4" />
                <SequencePoint vc="0" uspid="6714" ordinal="0" offset="52" sl="49" sc="0" el="49" ec="0" bec="0" bev="0" fileid="4" />
                <SequencePoint vc="0" uspid="6715" ordinal="0" offset="68" sl="49" sc="0" el="49" ec="0" bec="0" bev="0" fileid="4" />
                <SequencePoint vc="0" uspid="6716" ordinal="0" offset="81" sl="50" sc="0" el="50" ec="0" bec="0" bev="0" fileid="4" />
                <SequencePoint vc="0" uspid="6717" ordinal="0" offset="97" sl="50" sc="0" el="50" ec="0" bec="0" bev="0" fileid="4" />
                <SequencePoint vc="0" uspid="6718" ordinal="0" offset="110" sl="52" sc="0" el="52" ec="0" bec="0" bev="0" fileid="4" />
                <SequencePoint vc="0" uspid="6719" ordinal="0" offset="117" sl="53" sc="0" el="53" ec="0" bec="0" bev="0" fileid="4" />
                <SequencePoint vc="0" uspid="6720" ordinal="0" offset="124" sl="54" sc="0" el="54" ec="0" bec="0" bev="0" fileid="4" />
              </SequencePoints>
              <BranchPoints />
            </Method>
            <Method visited="false" cyclomaticComplexity="0" nPathComplexity="0" sequenceCoverage="0.0" branchCoverage="0" crapScore="0" isConstructor="false" isStatic="false" isGetter="false" isSetter="false">
              <Summary numSequencePoints="9" visitedSequencePoints="0" numBranchPoints="0" visitedBranchPoints="0" sequenceCoverage="0.0" branchCoverage="0" maxCyclomaticComplexity="0" minCyclomaticComplexity="0" maxCrapScore="0" minCrapScore="0" visitedClasses="0" numClasses="0" visitedMethods="0" numMethods="1" />
              <MetadataToken>100663334</MetadataToken>
              <Name>System.Void DeathSequence::PlayAttackSound()</Name>
              <FileRef uid="4" />
              <SequencePoints>
                <SequencePoint vc="0" uspid="6721" ordinal="0" offset="0" sl="57" sc="0" el="57" ec="0" bec="0" bev="0" fileid="4" />
                <SequencePoint vc="0" uspid="6722" ordinal="0" offset="1" sl="58" sc="0" el="58" ec="0" bec="0" bev="0" fileid="4" />
                <SequencePoint vc="0" uspid="6723" ordinal="0" offset="19" sl="59" sc="0" el="59" ec="0" bec="0" bev="0" fileid="4" />
                <SequencePoint vc="0" uspid="6724" ordinal="0" offset="20" sl="60" sc="0" el="60" ec="0" bec="0" bev="0" fileid="4" />
                <SequencePoint vc="0" uspid="6725" ordinal="0" offset="37" sl="61" sc="0" el="61" ec="0" bec="0" bev="0" fileid="4" />
                <SequencePoint vc="0" uspid="6726" ordinal="0" offset="54" sl="62" sc="0" el="62" ec="0" bec="0" bev="0" fileid="4" />
                <SequencePoint vc="0" uspid="6727" ordinal="0" offset="72" sl="63" sc="0" el="63" ec="0" bec="0" bev="0" fileid="4" />
                <SequencePoint vc="0" uspid="6728" ordinal="0" offset="79" sl="64" sc="0" el="64" ec="0" bec="0" bev="0" fileid="4" />
                <SequencePoint vc="0" uspid="6729" ordinal="0" offset="80" sl="65" sc="0" el="65" ec="0" bec="0" bev="0" fileid="4" />
              </SequencePoints>
              <BranchPoints />
            </Method>
            <Method visited="false" cyclomaticComplexity="0" nPathComplexity="0" sequenceCoverage="0.0" branchCoverage="0" crapScore="0" isConstructor="true" isStatic="false" isGetter="false" isSetter="false">
              <Summary numSequencePoints="2" visitedSequencePoints="0" numBranchPoints="0" visitedBranchPoints="0" sequenceCoverage="0.0" branchCoverage="0" maxCyclomaticComplexity="0" minCyclomaticComplexity="0" maxCrapScore="0" minCrapScore="0" visitedClasses="0" numClasses="0" visitedMethods="0" numMethods="1" />
              <MetadataToken>100663336</MetadataToken>
              <Name>DeathSequence::DeathSequence()</Name>
              <FileRef uid="4" />
              <SequencePoints>
                <SequencePoint vc="0" uspid="6730" ordinal="0" offset="0" sl="13" sc="22" el="13" ec="22" bec="0" bev="0" fileid="4" />
[...]
                <SequencePoint vc="0" uspid="7958" ordinal="0" offset="150" sl="72" sc="0" el="72" ec="0" bec="0" bev="0" fileid="4" />
                <SequencePoint vc="0" uspid="7959" ordinal="0" offset="168" sl="79" sc="0" el="79" ec="0" bec="0" bev="0" fileid="4" />
                <SequencePoint vc="0" uspid="7960" ordinal="0" offset="179" sl="80" sc="0" el="80" ec="0" bec="0" bev="0" fileid="4" />
              </SequencePoints>
              <BranchPoints />
            </Method>
          </Methods>
        </Class>
        <Class>
          <Summary numSequencePoints="26" visitedSequencePoints="0" numBranchPoints="0" visitedBranchPoints="0" sequenceCoverage="0.0" branchCoverage="0.0" maxCyclomaticComplexity="0" minCyclomaticComplexity="0" maxCrapScore="0" minCrapScore="0" visitedClasses="0" numClasses="1" visitedMethods="0" numMethods="1" />
          <FullName>FadeOutEffect/&lt;FadeOut&gt;d__11</FullName>
          <Methods>
            <Method visited="false" cyclomaticComplexity="0" nPathComplexity="0" sequenceCoverage="0.0" branchCoverage="0" crapScore="0" isConstructor="false" isStatic="false" isGetter="false" isSetter="false">
              <Summary numSequencePoints="26" visitedSequencePoints="0" numBranchPoints="0" visitedBranchPoints="0" sequenceCoverage="0.0" branchCoverage="0" maxCyclomaticComplexity="0" minCyclomaticComplexity="0" maxCrapScore="0" minCrapScore="0" visitedClasses="0" numClasses="0" visitedMethods="0" numMethods="1" />
              <MetadataToken>100663478</MetadataToken>
              <Name>System.Boolean FadeOutEffect/&lt;FadeOut&gt;d__11::MoveNext()</Name>
              <FileRef uid="8" />
              <SequencePoints>
                <SequencePoint vc="0" uspid="7961" ordinal="0" offset="45" sl="55" sc="0" el="55" ec="0" bec="0" bev="0" fileid="8" />
                <SequencePoint vc="0" uspid="7962" ordinal="0" offset="46" sl="56" sc="0" el="56" ec="0" bec="0" bev="0" fileid="8" />
                <SequencePoint vc="0" uspid="7963" ordinal="0" offset="89" sl="59" sc="0" el="59" ec="0" bec="0" bev="0" fileid="8" />
                <SequencePoint vc="0" uspid="7964" ordinal="0" offset="90" sl="60" sc="0" el="60" ec="0" bec="0" bev="0" fileid="8" />
                <SequencePoint vc="0" uspid="7965" ordinal="0" offset="118" sl="61" sc="0" el="61" ec="0" bec="0" bev="0" fileid="8" />
                <SequencePoint vc="0" uspid="7966" ordinal="0" offset="162" sl="62" sc="0" el="62" ec="0" bec="0" bev="0" fileid="8" />
                <SequencePoint vc="0" uspid="7967" ordinal="0" offset="205" sl="63" sc="0" el="63" ec="0" bec="0" bev="0" fileid="8" />
                <SequencePoint vc="0" uspid="7968" ordinal="0" offset="228" sl="64" sc="0" el="64" ec="0" bec="0" bev="0" fileid="8" />
                <SequencePoint vc="0" uspid="7969" ordinal="0" offset="229" sl="58" sc="0" el="58" ec="0" bec="0" bev="0" fileid="8" />
                <SequencePoint vc="0" uspid="7970" ordinal="0" offset="260" sl="66" sc="0" el="66" ec="0" bec="0" bev="0" fileid="8" />
                <SequencePoint vc="0" uspid="7971" ordinal="0" offset="281" sl="67" sc="0" el="67" ec="0" bec="0" bev="0" fileid="8" />
                <SequencePoint vc="0" uspid="7972" ordinal="0" offset="282" sl="68" sc="0" el="68" ec="0" bec="0" bev="0" fileid="8" />
                <SequencePoint vc="0" uspid="7973" ordinal="0" offset="300" sl="69" sc="0" el="69" ec="0" bec="0" bev="0" fileid="8" />
                <SequencePoint vc="0" uspid="7974" ordinal="0" offset="301" sl="71" sc="0" el="71" ec="0" bec="0" bev="0" fileid="8" />
                <SequencePoint vc="0" uspid="7975" ordinal="0" offset="322" sl="72" sc="0" el="72" ec="0" bec="0" bev="0" fileid="8" />
                <SequencePoint vc="0" uspid="7976" ordinal="0" offset="323" sl="73" sc="0" el="73" ec="0" bec="0" bev="0" fileid="8" />
                <SequencePoint vc="0" uspid="7977" ordinal="0" offset="341" sl="74" sc="0" el="74" ec="0" bec="0" bev="0" fileid="8" />
                <SequencePoint vc="0" uspid="7978" ordinal="0" offset="342" sl="76" sc="0" el="76" ec="0" bec="0" bev="0" fileid="8" />
                <SequencePoint vc="0" uspid="7979" ordinal="0" offset="365" sl="77" sc="0" el="77" ec="0" bec="0" bev="0" fileid="8" />
                <SequencePoint vc="0" uspid="7980" ordinal="0" offset="366" sl="78" sc="0" el="78" ec="0" bec="0" bev="0" fileid="8" />
                <SequencePoint vc="0" uspid="7981" ordinal="0" offset="384" sl="79" sc="0" el="79" ec="0" bec="0" bev="0" fileid="8" />
                <SequencePoint vc="0" uspid="7982" ordinal="0" offset="385" sl="81" sc="0" el="81" ec="0" bec="0" bev="0" fileid="8" />
                <SequencePoint vc="0" uspid="7983" ordinal="0" offset="408" sl="82" sc="0" el="82" ec="0" bec="0" bev="0" fileid="8" />
                <SequencePoint vc="0" uspid="7984" ordinal="0" offset="409" sl="83" sc="0" el="83" ec="0" bec="0" bev="0" fileid="8" />
                <SequencePoint vc="0" uspid="7985" ordinal="0" offset="427" sl="84" sc="0" el="84" ec="0" bec="0" bev="0" fileid="8" />
                <SequencePoint vc="0" uspid="7986" ordinal="0" offset="428" sl="85" sc="0" el="85" ec="0" bec="0" bev="0" fileid="8" />
              </SequencePoints>
              <BranchPoints />
            </Method>
          </Methods>
        </Class>
        <Class>
          <Summary numSequencePoints="1" visitedSequencePoints="0" numBranchPoints="0" visitedBranchPoints="0" sequenceCoverage="0.0" branchCoverage="0.0" maxCyclomaticComplexity="0" minCyclomaticComplexity="0" maxCrapScore="0" minCrapScore="0" visitedClasses="0" numClasses="1" visitedMethods="0" numMethods="1" />
          <FullName>Inventory/&lt;&gt;c__DisplayClass16_0</FullName>
          <Methods>
            <Method visited="false" cyclomaticComplexity="0" nPathComplexity="0" sequenceCoverage="0.0" branchCoverage="0" crapScore="0" isConstructor="false" isStatic="false" isGetter="false" isSetter="false">
              <Summary numSequencePoints="1" visitedSequencePoints="0" numBranchPoints="0" visitedBranchPoints="0" sequenceCoverage="0.0" branchCoverage="0" maxCyclomaticComplexity="0" minCyclomaticComplexity="0" maxCrapScore="0" minCrapScore="0" visitedClasses="0" numClasses="0" visitedMethods="0" numMethods="1" />
              <MetadataToken>100663483</MetadataToken>
              <Name>System.Boolean Inventory/&lt;&gt;c__DisplayClass16_0::&lt;IncludeItem&gt;b__0(Item)</Name>
              <FileRef uid="9" />
              <SequencePoints>
                <SequencePoint vc="0" uspid="7987" ordinal="0" offset="0" sl="150" sc="0" el="150" ec="0" bec="0" bev="0" fileid="9" />
              </SequencePoints>
              <BranchPoints />
            </Method>
          </Methods>
        </Class>
        <Class>
          <Summary numSequencePoints="17" visitedSequencePoints="0" numBranchPoints="0" visitedBranchPoints="0" sequenceCoverage="0.0" branchCoverage="0.0" maxCyclomaticComplexity="0" minCyclomaticComplexity="0" maxCrapScore="0" minCrapScore="0" visitedClasses="0" numClasses="1" visitedMethods="0" numMethods="1" />
          <FullName>InventoryManager/&lt;WaitForToolbar&gt;d__10</FullName>
          <Methods>
            <Method visited="false" cyclomaticComplexity="0" nPathComplexity="0" sequenceCoverage="0.0" branchCoverage="0" crapScore="0" isConstructor="false" isStatic="false" isGetter="false" isSetter="false">
              <Summary numSequencePoints="17" visitedSequencePoints="0" numBranchPoints="0" visitedBranchPoints="0" sequenceCoverage="0.0" branchCoverage="0" maxCyclomaticComplexity="0" minCyclomaticComplexity="0" maxCrapScore="0" minCrapScore="0" visitedClasses="0" numClasses="0" visitedMethods="0" numMethods="1" />
              <MetadataToken>100663486</MetadataToken>
              <Name>System.Boolean InventoryManager/&lt;WaitForToolbar&gt;d__10::MoveNext()</Name>
              <FileRef uid="10" />
              <SequencePoints>
                <SequencePoint vc="0" uspid="7988" ordinal="0" offset="42" sl="25" sc="0" el="25" ec="0" bec="0" bev="0" fileid="10" />
                <SequencePoint vc="0" uspid="7989" ordinal="0" offset="43" sl="27" sc="0" el="27" ec="0" bec="0" bev="0" fileid="10" />
                <SequencePoint vc="0" uspid="7990" ordinal="0" offset="77" sl="31" sc="0" el="31" ec="0" bec="0" bev="0" fileid="10" />
                <SequencePoint vc="0" uspid="7991" ordinal="0" offset="78" sl="32" sc="0" el="32" ec="0" bec="0" bev="0" fileid="10" />
                <SequencePoint vc="0" uspid="7992" ordinal="0" offset="111" sl="33" sc="0" el="33" ec="0" bec="0" bev="0" fileid="10" />
                <SequencePoint vc="0" uspid="7993" ordinal="0" offset="134" sl="34" sc="0" el="34" ec="0" bec="0" bev="0" fileid="10" />
                <SequencePoint vc="0" uspid="7994" ordinal="0" offset="135" sl="30" sc="0" el="30" ec="0" bec="0" bev="0" fileid="10" />
                <SequencePoint vc="0" uspid="7995" ordinal="0" offset="185" sl="37" sc="0" el="37" ec="0" bec="0" bev="0" fileid="10" />
                <SequencePoint vc="0" uspid="7996" ordinal="0" offset="206" sl="38" sc="0" el="38" ec="0" bec="0" bev="0" fileid="10" />
                <SequencePoint vc="0" uspid="7997" ordinal="0" offset="207" sl="39" sc="0" el="39" ec="0" bec="0" bev="0" fileid="10" />
                <SequencePoint vc="0" uspid="7998" ordinal="0" offset="233" sl="40" sc="0" el="40" ec="0" bec="0" bev="0" fileid="10" />
                <SequencePoint vc="0" uspid="7999" ordinal="0" offset="260" sl="41" sc="0" el="41" ec="0" bec="0" bev="0" fileid="10" />
                <SequencePoint vc="0" uspid="8000" ordinal="0" offset="272" sl="42" sc="0" el="42" ec="0" bec="0" bev="0" fileid="10" />
                <SequencePoint vc="0" uspid="8001" ordinal="0" offset="275" sl="44" sc="0" el="44" ec="0" bec="0" bev="0" fileid="10" />
                <SequencePoint vc="0" uspid="8002" ordinal="0" offset="276" sl="45" sc="0" el="45" ec="0" bec="0" bev="0" fileid="10" />
                <SequencePoint vc="0" uspid="8003" ordinal="0" offset="287" sl="46" sc="0" el="46" ec="0" bec="0" bev="0" fileid="10" />
                <SequencePoint vc="0" uspid="8004" ordinal="0" offset="288" sl="50" sc="0" el="50" ec="0" bec="0" bev="0" fileid="10" />
              </SequencePoints>
              <BranchPoints />
            </Method>
          </Methods>
        </Class>
        <Class>
          <Summary numSequencePoints="10" visitedSequencePoints="0" numBranchPoints="0" visitedBranchPoints="0" sequenceCoverage="0.0" branchCoverage="0.0" maxCyclomaticComplexity="0" minCyclomaticComplexity="0" maxCrapScore="0" minCrapScore="0" visitedClasses="0" numClasses="1" visitedMethods="0" numMethods="1" />
          <FullName>FadeInTextOnStart/&lt;FadeInText&gt;d__7</FullName>
          <Methods>
            <Method visited="false" cyclomaticComplexity="0" nPathComplexity="0" sequenceCoverage="0.0" branchCoverage="0" crapScore="0" isConstructor="false" isStatic="false" isGetter="false" isSetter="false">
              <Summary numSequencePoints="10" visitedSequencePoints="0" numBranchPoints="0" visitedBranchPoints="0" sequenceCoverage="0.0" branchCoverage="0" maxCyclomaticComplexity="0" minCyclomaticComplexity="0" maxCrapScore="0" minCrapScore="0" visitedClasses="0" numClasses="0" visitedMethods="0" numMethods="1" />
              <MetadataToken>100663492</MetadataToken>
              <Name>System.Boolean FadeInTextOnStart/&lt;FadeInText&gt;d__7::MoveNext()</Name>
              <FileRef uid="16" />
              <SequencePoints>
                <SequencePoint vc="0" uspid="8005" ordinal="0" offset="31" sl="32" sc="0" el="32" ec="0" bec="0" bev="0" fileid="16" />
                <SequencePoint vc="0" uspid="8006" ordinal="0" offset="32" sl="33" sc="0" el="33" ec="0" bec="0" bev="0" fileid="16" />
                <SequencePoint vc="0" uspid="8007" ordinal="0" offset="45" sl="36" sc="0" el="36" ec="0" bec="0" bev="0" fileid="16" />
                <SequencePoint vc="0" uspid="8008" ordinal="0" offset="46" sl="37" sc="0" el="37" ec="0" bec="0" bev="0" fileid="16" />
                <SequencePoint vc="0" uspid="8009" ordinal="0" offset="64" sl="38" sc="0" el="38" ec="0" bec="0" bev="0" fileid="16" />
                <SequencePoint vc="0" uspid="8010" ordinal="0" offset="115" sl="39" sc="0" el="39" ec="0" bec="0" bev="0" fileid="16" />
                <SequencePoint vc="0" uspid="8011" ordinal="0" offset="138" sl="40" sc="0" el="40" ec="0" bec="0" bev="0" fileid="16" />
                <SequencePoint vc="0" uspid="8012" ordinal="0" offset="139" sl="35" sc="0" el="35" ec="0" bec="0" bev="0" fileid="16" />
                <SequencePoint vc="0" uspid="8013" ordinal="0" offset="162" sl="42" sc="0" el="42" ec="0" bec="0" bev="0" fileid="16" />
                <SequencePoint vc="0" uspid="8014" ordinal="0" offset="185" sl="43" sc="0" el="43" ec="0" bec="0" bev="0" fileid="16" />
              </SequencePoints>
              <BranchPoints />
            </Method>
          </Methods>
        </Class>
        <Class>
          <Summary numSequencePoints="6" visitedSequencePoints="0" numBranchPoints="0" visitedBranchPoints="0" sequenceCoverage="0.0" branchCoverage="0.0" maxCyclomaticComplexity="0" minCyclomaticComplexity="0" maxCrapScore="0" minCrapScore="0" visitedClasses="0" numClasses="1" visitedMethods="0" numMethods="1" />
          <FullName>FadeInTextOnStart/&lt;FadeInTextSequence&gt;d__6</FullName>
          <Methods>
            <Method visited="false" cyclomaticComplexity="0" nPathComplexity="0" sequenceCoverage="0.0" branchCoverage="0" crapScore="0" isConstructor="false" isStatic="false" isGetter="false" isSetter="false">
              <Summary numSequencePoints="6" visitedSequencePoints="0" numBranchPoints="0" visitedBranchPoints="0" sequenceCoverage="0.0" branchCoverage="0" maxCyclomaticComplexity="0" minCyclomaticComplexity="0" maxCrapScore="0" minCrapScore="0" visitedClasses="0" numClasses="0" visitedMethods="0" numMethods="1" />
              <MetadataToken>100663498</MetadataToken>
              <Name>System.Boolean FadeInTextOnStart/&lt;FadeInTextSequence&gt;d__6::MoveNext()</Name>
              <FileRef uid="16" />
              <SequencePoints>
                <SequencePoint vc="0" uspid="8015" ordinal="0" offset="60" sl="24" sc="0" el="24" ec="0" bec="0" bev="0" fileid="16" />
                <SequencePoint vc="0" uspid="8016" ordinal="0" offset="61" sl="25" sc="0" el="25" ec="0" bec="0" bev="0" fileid="16" />
                <SequencePoint vc="0" uspid="8017" ordinal="0" offset="99" sl="26" sc="0" el="26" ec="0" bec="0" bev="0" fileid="16" />
                <SequencePoint vc="0" uspid="8018" ordinal="0" offset="154" sl="27" sc="0" el="27" ec="0" bec="0" bev="0" fileid="16" />
                <SequencePoint vc="0" uspid="8019" ordinal="0" offset="209" sl="28" sc="0" el="28" ec="0" bec="0" bev="0" fileid="16" />
                <SequencePoint vc="0" uspid="8020" ordinal="0" offset="264" sl="29" sc="0" el="29" ec="0" bec="0" bev="0" fileid="16" />
              </SequencePoints>
              <BranchPoints />
            </Method>
          </Methods>
        </Class>
        <Class>
          <Summary numSequencePoints="5" visitedSequencePoints="0" numBranchPoints="0" visitedBranchPoints="0" sequenceCoverage="0.0" branchCoverage="0.0" maxCyclomaticComplexity="0" minCyclomaticComplexity="0" maxCrapScore="0" minCrapScore="0" visitedClasses="0" numClasses="1" visitedMethods="0" numMethods="1" />
          <FullName>MathisEnigme/&lt;ShowFlame&gt;d__20</FullName>
          <Methods>
            <Method visited="false" cyclomaticComplexity="0" nPathComplexity="0" sequenceCoverage="0.0" branchCoverage="0" crapScore="0" isConstructor="false" isStatic="false" isGetter="false" isSetter="false">
              <Summary numSequencePoints="5" visitedSequencePoints="0" numBranchPoints="0" visitedBranchPoints="0" sequenceCoverage="0.0" branchCoverage="0" maxCyclomaticComplexity="0" minCyclomaticComplexity="0" maxCrapScore="0" minCrapScore="0" visitedClasses="0" numClasses="0" visitedMethods="0" numMethods="1" />
              <MetadataToken>100663504</MetadataToken>
              <Name>System.Boolean MathisEnigme/&lt;ShowFlame&gt;d__20::MoveNext()</Name>
              <FileRef uid="27" />
              <SequencePoints>
                <SequencePoint vc="0" uspid="8021" ordinal="0" offset="31" sl="142" sc="0" el="142" ec="0" bec="0" bev="0" fileid="27" />
                <SequencePoint vc="0" uspid="8022" ordinal="0" offset="32" sl="143" sc="0" el="143" ec="0" bec="0" bev="0" fileid="27" />
                <SequencePoint vc="0" uspid="8023" ordinal="0" offset="50" sl="144" sc="0" el="144" ec="0" bec="0" bev="0" fileid="27" />
                <SequencePoint vc="0" uspid="8024" ordinal="0" offset="83" sl="145" sc="0" el="145" ec="0" bec="0" bev="0" fileid="27" />
                <SequencePoint vc="0" uspid="8025" ordinal="0" offset="101" sl="146" sc="0" el="146" ec="0" bec="0" bev="0" fileid="27" />
              </SequencePoints>
              <BranchPoints />
            </Method>
          </Methods>
        </Class>
        <Class>
          <Summary numSequencePoints="10" visitedSequencePoints="0" numBranchPoints="0" visitedBranchPoints="0" sequenceCoverage="0.0" branchCoverage="0.0" maxCyclomaticComplexity="0" minCyclomaticComplexity="0" maxCrapScore="0" minCrapScore="0" visitedClasses="0" numClasses="1" visitedMethods="0" numMethods="1" />
          <FullName>Obstacle/&lt;StartFlameTimer&gt;d__15</FullName>
          <Methods>
            <Method visited="false" cyclomaticComplexity="0" nPathComplexity="0" sequenceCoverage="0.0" branchCoverage="0" crapScore="0" isConstructor="false" isStatic="false" isGetter="false" isSetter="false">
              <Summary numSequencePoints="10" visitedSequencePoints="0" numBranchPoints="0" visitedBranchPoints="0" sequenceCoverage="0.0" branchCoverage="0" maxCyclomaticComplexity="0" minCyclomaticComplexity="0" maxCrapScore="0" minCrapScore="0" visitedClasses="0" numClasses="0" visitedMethods="0" numMethods="1" />
              <MetadataToken>100663510</MetadataToken>
              <Name>System.Boolean Obstacle/&lt;StartFlameTimer&gt;d__15::MoveNext()</Name>
              <FileRef uid="31" />
              <SequencePoints>
                <SequencePoint vc="0" uspid="8026" ordinal="0" offset="31" sl="91" sc="0" el="91" ec="0" bec="0" bev="0" fileid="31" />
                <SequencePoint vc="0" uspid="8027" ordinal="0" offset="32" sl="93" sc="0" el="93" ec="0" bec="0" bev="0" fileid="31" />
                <SequencePoint vc="0" uspid="8028" ordinal="0" offset="64" sl="96" sc="0" el="96" ec="0" bec="0" bev="0" fileid="31" />
                <SequencePoint vc="0" uspid="8029" ordinal="0" offset="85" sl="97" sc="0" el="97" ec="0" bec="0" bev="0" fileid="31" />
                <SequencePoint vc="0" uspid="8030" ordinal="0" offset="86" sl="98" sc="0" el="98" ec="0" bec="0" bev="0" fileid="31" />
                <SequencePoint vc="0" uspid="8031" ordinal="0" offset="104" sl="99" sc="0" el="99" ec="0" bec="0" bev="0" fileid="31" />
                <SequencePoint vc="0" uspid="8032" ordinal="0" offset="122" sl="100" sc="0" el="100" ec="0" bec="0" bev="0" fileid="31" />
                <SequencePoint vc="0" uspid="8033" ordinal="0" offset="140" sl="101" sc="0" el="101" ec="0" bec="0" bev="0" fileid="31" />
                <SequencePoint vc="0" uspid="8034" ordinal="0" offset="158" sl="102" sc="0" el="102" ec="0" bec="0" bev="0" fileid="31" />
                <SequencePoint vc="0" uspid="8035" ordinal="0" offset="159" sl="103" sc="0" el="103" ec="0" bec="0" bev="0" fileid="31" />
              </SequencePoints>
              <BranchPoints />
            </Method>
          </Methods>
        </Class>
      </Classes>
    </Module>
  </Modules>
</CoverageSession>