<?xml version="1.0" encoding="utf-8"?>
<CoverageSession xmlns:xsd="http://www.w3.org/2001/XMLSchema" xmlns:xsi="http://www.w3.org/2001/XMLSchema-instance" Version="0.0.0.0">
  <Summary numSequencePoints="439" visitedSequencePoints="359" numBranchPoints="0" visitedBranchPoints="0" sequenceCoverage="81.78" branchCoverage="0.0" maxCyclomaticComplexity="0" minCyclomaticComplexity="0" maxCrapScore="0" minCrapScore="0" visitedClasses="9" numClasses="9" visitedMethods="39" numMethods="39" />
  <Modules>
    <Module>
      <Summary numSequencePoints="100" visitedSequencePoints="87" numBranchPoints="0" visitedBranchPoints="0" sequenceCoverage="87.00" branchCoverage="0.0" maxCyclomaticComplexity="0" minCyclomaticComplexity="0" maxCrapScore="0" minCrapScore="0" visitedClasses="3" numClasses="3" visitedMethods="14" numMethods="14" />
      <ModuleTime>0001-01-01T00:00:00</ModuleTime>
      <ModuleName>ObjectRef</ModuleName>
      <Files>
        <File uid="1" fullPath="C:/Users/teppi/OneDrive/Documents/Nouveau dossier/Nouveau dossier/Nouveau dossier/Video-Game/Assets/Scripts/Objects/bucket.cs" />
        <File uid="2" fullPath="C:/Users/teppi/OneDrive/Documents/Nouveau dossier/Nouveau dossier/Nouveau dossier/Video-Game/Assets/Scripts/Objects/Clock.cs" />
        <File uid="3" fullPath="C:/Users/teppi/OneDrive/Documents/Nouveau dossier/Nouveau dossier/Nouveau dossier/Video-Game/Assets/Scripts/Objects/Door.cs" />
        <File uid="4" fullPath="C:/Users/teppi/OneDrive/Documents/Nouveau dossier/Nouveau dossier/Nouveau dossier/Video-Game/Assets/Scripts/Objects/Frame.cs" />
        <File uid="5" fullPath="C:/Users/teppi/OneDrive/Documents/Nouveau dossier/Nouveau dossier/Nouveau dossier/Video-Game/Assets/Scripts/Objects/GiveItems.cs" />
        <File uid="6" fullPath="C:/Users/teppi/OneDrive/Documents/Nouveau dossier/Nouveau dossier/Nouveau dossier/Video-Game/Assets/Scripts/Objects/Lock.cs" />
        <File uid="7" fullPath="C:/Users/teppi/OneDrive/Documents/Nouveau dossier/Nouveau dossier/Nouveau dossier/Video-Game/Assets/Scripts/Objects/MathisEnigme.cs" />
        <File uid="8" fullPath="C:/Users/teppi/OneDrive/Documents/Nouveau dossier/Nouveau dossier/Nouveau dossier/Video-Game/Assets/Scripts/Objects/Obstacle.cs" />
        <File uid="9" fullPath="C:/Users/teppi/OneDrive/Documents/Nouveau dossier/Nouveau dossier/Nouveau dossier/Video-Game/Assets/Scripts/Objects/PaintingScript.cs" />
        <File uid="10" fullPath="C:/Users/teppi/OneDrive/Documents/Nouveau dossier/Nouveau dossier/Nouveau dossier/Video-Game/Assets/Scripts/Objects/Plank.cs" />
        <File uid="11" fullPath="C:/Users/teppi/OneDrive/Documents/Nouveau dossier/Nouveau dossier/Nouveau dossier/Video-Game/Assets/Scripts/Objects/Stove.cs" />
        <File uid="12" fullPath="C:/Users/teppi/OneDrive/Documents/Nouveau dossier/Nouveau dossier/Nouveau dossier/Video-Game/Assets/Scripts/Objects/ThrowTrash.cs" />
      </Files>
      <Classes>
        <Class>
          <Summary numSequencePoints="50" visitedSequencePoints="40" numBranchPoints="0" visitedBranchPoints="0" sequenceCoverage="80.00" branchCoverage="0.0" maxCyclomaticComplexity="0" minCyclomaticComplexity="0" maxCrapScore="0" minCrapScore="0" visitedClasses="1" numClasses="1" visitedMethods="6" numMethods="6" />
          <FullName>GiveItems</FullName>
          <Methods>
            <Method visited="true" cyclomaticComplexity="0" nPathComplexity="0" sequenceCoverage="50.00" branchCoverage="0" crapScore="0" isConstructor="false" isStatic="false" isGetter="false" isSetter="false">
              <Summary numSequencePoints="6" visitedSequencePoints="3" numBranchPoints="0" visitedBranchPoints="0" sequenceCoverage="50.00" branchCoverage="0" maxCyclomaticComplexity="0" minCyclomaticComplexity="0" maxCrapScore="0" minCrapScore="0" visitedClasses="0" numClasses="0" visitedMethods="1" numMethods="1" />
              <MetadataToken>100663310</MetadataToken>
              <Name>System.Void GiveItems::Start()</Name>
              <FileRef uid="5" />
              <SequencePoints>
                <SequencePoint vc="1" uspid="1251" ordinal="0" offset="0" sl="20" sc="5" el="20" ec="5" bec="0" bev="0" fileid="5" />
                <SequencePoint vc="1" uspid="1252" ordinal="0" offset="1" sl="22" sc="9" el="22" ec="9" bec="0" bev="0" fileid="5" />
                <SequencePoint vc="0" uspid="1253" ordinal="0" offset="17" sl="23" sc="9" el="23" ec="9" bec="0" bev="0" fileid="5" />
                <SequencePoint vc="0" uspid="1254" ordinal="0" offset="18" sl="24" sc="13" el="24" ec="13" bec="0" bev="0" fileid="5" />
                <SequencePoint vc="0" uspid="1255" ordinal="0" offset="39" sl="26" sc="9" el="26" ec="9" bec="0" bev="0" fileid="5" />
                <SequencePoint vc="1" uspid="1256" ordinal="0" offset="40" sl="27" sc="5" el="27" ec="5" bec="0" bev="0" fileid="5" />
              </SequencePoints>
              <BranchPoints />
            </Method>
            <Method visited="true" cyclomaticComplexity="0" nPathComplexity="0" sequenceCoverage="63.16" branchCoverage="0" crapScore="0" isConstructor="false" isStatic="false" isGetter="false" isSetter="false">
              <Summary numSequencePoints="19" visitedSequencePoints="12" numBranchPoints="0" visitedBranchPoints="0" sequenceCoverage="63.16" branchCoverage="0" maxCyclomaticComplexity="0" minCyclomaticComplexity="0" maxCrapScore="0" minCrapScore="0" visitedClasses="0" numClasses="0" visitedMethods="1" numMethods="1" />
              <MetadataToken>100663311</MetadataToken>
              <Name>System.Void GiveItems::Update()</Name>
              <FileRef uid="5" />
              <SequencePoints>
                <SequencePoint vc="3" uspid="1257" ordinal="0" offset="0" sl="30" sc="5" el="30" ec="5" bec="0" bev="0" fileid="5" />
                <SequencePoint vc="3" uspid="1258" ordinal="0" offset="1" sl="31" sc="9" el="31" ec="9" bec="0" bev="0" fileid="5" />
                <SequencePoint vc="0" uspid="1259" ordinal="0" offset="17" sl="31" sc="29" el="31" ec="29" bec="0" bev="0" fileid="5" />
                <SequencePoint vc="3" uspid="1260" ordinal="0" offset="22" sl="33" sc="9" el="33" ec="9" bec="0" bev="0" fileid="5" />
                <SequencePoint vc="3" uspid="1261" ordinal="0" offset="50" sl="34" sc="9" el="34" ec="9" bec="0" bev="0" fileid="5" />
                <SequencePoint vc="3" uspid="1262" ordinal="0" offset="56" sl="36" sc="9" el="36" ec="9" bec="0" bev="0" fileid="5" />
                <SequencePoint vc="3" uspid="1263" ordinal="0" offset="63" sl="39" sc="9" el="39" ec="9" bec="0" bev="0" fileid="5" />
                <SequencePoint vc="0" uspid="1264" ordinal="0" offset="78" sl="39" sc="53" el="39" ec="53" bec="0" bev="0" fileid="5" />
                <SequencePoint vc="0" uspid="1265" ordinal="0" offset="79" sl="40" sc="13" el="40" ec="13" bec="0" bev="0" fileid="5" />
                <SequencePoint vc="0" uspid="1266" ordinal="0" offset="97" sl="41" sc="13" el="41" ec="13" bec="0" bev="0" fileid="5" />
                <SequencePoint vc="3" uspid="1267" ordinal="0" offset="99" sl="44" sc="9" el="44" ec="9" bec="0" bev="0" fileid="5" />
                <SequencePoint vc="3" uspid="1268" ordinal="0" offset="100" sl="45" sc="13" el="45" ec="13" bec="0" bev="0" fileid="5" />
                <SequencePoint vc="3" uspid="1269" ordinal="0" offset="118" sl="46" sc="9" el="46" ec="9" bec="0" bev="0" fileid="5" />
                <SequencePoint vc="3" uspid="1270" ordinal="0" offset="119" sl="49" sc="9" el="49" ec="9" bec="0" bev="0" fileid="5" />
                <SequencePoint vc="3" uspid="1271" ordinal="0" offset="130" sl="50" sc="9" el="50" ec="9" bec="0" bev="0" fileid="5" />
                <SequencePoint vc="0" uspid="1272" ordinal="0" offset="159" sl="51" sc="9" el="51" ec="9" bec="0" bev="0" fileid="5" />
                <SequencePoint vc="0" uspid="1273" ordinal="0" offset="160" sl="52" sc="13" el="52" ec="13" bec="0" bev="0" fileid="5" />
                <SequencePoint vc="0" uspid="1274" ordinal="0" offset="168" sl="53" sc="9" el="53" ec="9" bec="0" bev="0" fileid="5" />
                <SequencePoint vc="3" uspid="1275" ordinal="0" offset="169" sl="54" sc="5" el="54" ec="5" bec="0" bev="0" fileid="5" />
              </SequencePoints>
              <BranchPoints />
            </Method>
            <Method visited="true" cyclomaticComplexity="0" nPathComplexity="0" sequenceCoverage="100.0" branchCoverage="0" crapScore="0" isConstructor="false" isStatic="false" isGetter="false" isSetter="false">
              <Summary numSequencePoints="3" visitedSequencePoints="3" numBranchPoints="0" visitedBranchPoints="0" sequenceCoverage="100.0" branchCoverage="0" maxCyclomaticComplexity="0" minCyclomaticComplexity="0" maxCrapScore="0" minCrapScore="0" visitedClasses="0" numClasses="0" visitedMethods="1" numMethods="1" />
              <MetadataToken>100663312</MetadataToken>
              <Name>System.Boolean GiveItems::CanActivateCanvas(System.Single, Inventory)</Name>
              <FileRef uid="5" />
              <SequencePoints>
                <SequencePoint vc="6" uspid="1276" ordinal="0" offset="0" sl="56" sc="5" el="56" ec="5" bec="0" bev="0" fileid="5" />
                <SequencePoint vc="6" uspid="1277" ordinal="0" offset="1" sl="57" sc="9" el="57" ec="9" bec="0" bev="0" fileid="5" />
                <SequencePoint vc="6" uspid="1278" ordinal="0" offset="40" sl="58" sc="5" el="58" ec="5" bec="0" bev="0" fileid="5" />
              </SequencePoints>
              <BranchPoints />
            </Method>
            <Method visited="true" cyclomaticComplexity="0" nPathComplexity="0" sequenceCoverage="100.0" branchCoverage="0" crapScore="0" isConstructor="false" isStatic="false" isGetter="false" isSetter="false">
              <Summary numSequencePoints="12" visitedSequencePoints="12" numBranchPoints="0" visitedBranchPoints="0" sequenceCoverage="100.0" branchCoverage="0" maxCyclomaticComplexity="0" minCyclomaticComplexity="0" maxCrapScore="0" minCrapScore="0" visitedClasses="0" numClasses="0" visitedMethods="1" numMethods="1" />
              <MetadataToken>100663313</MetadataToken>
              <Name>System.Void GiveItems::HandleCanvasCreation()</Name>
              <FileRef uid="5" />
              <SequencePoints>
                <SequencePoint vc="4" uspid="1279" ordinal="0" offset="0" sl="60" sc="5" el="60" ec="5" bec="0" bev="0" fileid="5" />
                <SequencePoint vc="4" uspid="1280" ordinal="0" offset="1" sl="61" sc="9" el="61" ec="9" bec="0" bev="0" fileid="5" />
                <SequencePoint vc="2" uspid="1281" ordinal="0" offset="14" sl="62" sc="9" el="62" ec="9" bec="0" bev="0" fileid="5" />
                <SequencePoint vc="2" uspid="1282" ordinal="0" offset="15" sl="63" sc="13" el="63" ec="13" bec="0" bev="0" fileid="5" />
                <SequencePoint vc="2" uspid="1283" ordinal="0" offset="27" sl="64" sc="13" el="64" ec="13" bec="0" bev="0" fileid="5" />
                <SequencePoint vc="2" uspid="1284" ordinal="0" offset="34" sl="66" sc="13" el="66" ec="13" bec="0" bev="0" fileid="5" />
                <SequencePoint vc="2" uspid="1285" ordinal="0" offset="72" sl="67" sc="13" el="67" ec="13" bec="0" bev="0" fileid="5" />
                <SequencePoint vc="2" uspid="1286" ordinal="0" offset="88" sl="68" sc="13" el="68" ec="13" bec="0" bev="0" fileid="5" />
                <SequencePoint vc="2" uspid="1287" ordinal="0" offset="89" sl="69" sc="17" el="69" ec="17" bec="0" bev="0" fileid="5" />
                <SequencePoint vc="2" uspid="1288" ordinal="0" offset="124" sl="70" sc="13" el="70" ec="13" bec="0" bev="0" fileid="5" />
                <SequencePoint vc="2" uspid="1289" ordinal="0" offset="125" sl="71" sc="9" el="71" ec="9" bec="0" bev="0" fileid="5" />
                <SequencePoint vc="4" uspid="1290" ordinal="0" offset="126" sl="72" sc="5" el="72" ec="5" bec="0" bev="0" fileid="5" />
              </SequencePoints>
              <BranchPoints />
            </Method>
            <Method visited="true" cyclomaticComplexity="0" nPathComplexity="0" sequenceCoverage="100.0" branchCoverage="0" crapScore="0" isConstructor="false" isStatic="false" isGetter="false" isSetter="false">
              <Summary numSequencePoints="4" visitedSequencePoints="4" numBranchPoints="0" visitedBranchPoints="0" sequenceCoverage="100.0" branchCoverage="0" maxCyclomaticComplexity="0" minCyclomaticComplexity="0" maxCrapScore="0" minCrapScore="0" visitedClasses="0" numClasses="0" visitedMethods="1" numMethods="1" />
              <MetadataToken>100663314</MetadataToken>
              <Name>System.Void GiveItems::HandleInteraction(Inventory)</Name>
              <FileRef uid="5" />
              <SequencePoints>
                <SequencePoint vc="1" uspid="1291" ordinal="0" offset="0" sl="74" sc="5" el="74" ec="5" bec="0" bev="0" fileid="5" />
                <SequencePoint vc="1" uspid="1292" ordinal="0" offset="1" sl="76" sc="9" el="76" ec="9" bec="0" bev="0" fileid="5" />
                <SequencePoint vc="1" uspid="1293" ordinal="0" offset="31" sl="81" sc="9" el="81" ec="9" bec="0" bev="0" fileid="5" />
                <SequencePoint vc="1" uspid="1294" ordinal="0" offset="39" sl="83" sc="5" el="83" ec="5" bec="0" bev="0" fileid="5" />
              </SequencePoints>
              <BranchPoints />
            </Method>
            <Method visited="true" cyclomaticComplexity="0" nPathComplexity="0" sequenceCoverage="100.0" branchCoverage="0" crapScore="0" isConstructor="true" isStatic="false" isGetter="false" isSetter="false">
              <Summary numSequencePoints="6" visitedSequencePoints="6" numBranchPoints="0" visitedBranchPoints="0" sequenceCoverage="100.0" branchCoverage="0" maxCyclomaticComplexity="0" minCyclomaticComplexity="0" maxCrapScore="0" minCrapScore="0" visitedClasses="0" numClasses="0" visitedMethods="1" numMethods="1" />
              <MetadataToken>100663315</MetadataToken>
              <Name>GiveItems::GiveItems()</Name>
              <FileRef uid="5" />
              <SequencePoints>
                <SequencePoint vc="3" uspid="1295" ordinal="0" offset="0" sl="8" sc="5" el="8" ec="5" bec="0" bev="0" fileid="5" />
                <SequencePoint vc="3" uspid="1296" ordinal="0" offset="11" sl="9" sc="5" el="9" ec="5" bec="0" bev="0" fileid="5" />
                <SequencePoint vc="3" uspid="1297" ordinal="0" offset="18" sl="10" sc="5" el="10" ec="5" bec="0" bev="0" fileid="5" />
                <SequencePoint vc="3" uspid="1298" ordinal="0" offset="25" sl="11" sc="5" el="11" ec="5" bec="0" bev="0" fileid="5" />
                <SequencePoint vc="3" uspid="1299" ordinal="0" offset="36" sl="12" sc="5" el="12" ec="5" bec="0" bev="0" fileid="5" />
                <SequencePoint vc="3" uspid="1300" ordinal="0" offset="47" sl="13" sc="5" el="13" ec="5" bec="0" bev="0" fileid="5" />
              </SequencePoints>
              <BranchPoints />
            </Method>
          </Methods>
        </Class>
        <Class>
          <Summary numSequencePoints="27" visitedSequencePoints="24" numBranchPoints="0" visitedBranchPoints="0" sequenceCoverage="88.89" branchCoverage="0.0" maxCyclomaticComplexity="0" minCyclomaticComplexity="0" maxCrapScore="0" minCrapScore="0" visitedClasses="1" numClasses="1" visitedMethods="4" numMethods="4" />
          <FullName>Lock</FullName>
          <Methods>
            <Method visited="true" cyclomaticComplexity="0" nPathComplexity="0" sequenceCoverage="100.0" branchCoverage="0" crapScore="0" isConstructor="false" isStatic="false" isGetter="false" isSetter="false">
              <Summary numSequencePoints="6" visitedSequencePoints="6" numBranchPoints="0" visitedBranchPoints="0" sequenceCoverage="100.0" branchCoverage="0" maxCyclomaticComplexity="0" minCyclomaticComplexity="0" maxCrapScore="0" minCrapScore="0" visitedClasses="0" numClasses="0" visitedMethods="1" numMethods="1" />
              <MetadataToken>100663318</MetadataToken>
              <Name>System.Void Lock::UpdateCanvasVisibility(System.Single)</Name>
              <FileRef uid="6" />
              <SequencePoints>
                <SequencePoint vc="2" uspid="1337" ordinal="0" offset="0" sl="59" sc="5" el="59" ec="5" bec="0" bev="0" fileid="6" />
                <SequencePoint vc="2" uspid="1338" ordinal="0" offset="1" sl="60" sc="9" el="60" ec="9" bec="0" bev="0" fileid="6" />
                <SequencePoint vc="2" uspid="1339" ordinal="0" offset="28" sl="61" sc="9" el="61" ec="9" bec="0" bev="0" fileid="6" />
                <SequencePoint vc="2" uspid="1340" ordinal="0" offset="29" sl="62" sc="13" el="62" ec="13" bec="0" bev="0" fileid="6" />
                <SequencePoint vc="2" uspid="1341" ordinal="0" offset="58" sl="63" sc="9" el="63" ec="9" bec="0" bev="0" fileid="6" />
                <SequencePoint vc="2" uspid="1342" ordinal="0" offset="59" sl="64" sc="5" el="64" ec="5" bec="0" bev="0" fileid="6" />
              </SequencePoints>
              <BranchPoints />
            </Method>
            <Method visited="true" cyclomaticComplexity="0" nPathComplexity="0" sequenceCoverage="100.0" branchCoverage="0" crapScore="0" isConstructor="false" isStatic="false" isGetter="false" isSetter="false">
              <Summary numSequencePoints="3" visitedSequencePoints="3" numBranchPoints="0" visitedBranchPoints="0" sequenceCoverage="100.0" branchCoverage="0" maxCyclomaticComplexity="0" minCyclomaticComplexity="0" maxCrapScore="0" minCrapScore="0" visitedClasses="0" numClasses="0" visitedMethods="1" numMethods="1" />
              <MetadataToken>100663319</MetadataToken>
              <Name>System.Boolean Lock::CanActivateCanvas(System.Single, Inventory)</Name>
              <FileRef uid="6" />
              <SequencePoints>
                <SequencePoint vc="2" uspid="1343" ordinal="0" offset="0" sl="67" sc="5" el="67" ec="5" bec="0" bev="0" fileid="6" />
                <SequencePoint vc="2" uspid="1344" ordinal="0" offset="1" sl="68" sc="9" el="68" ec="9" bec="0" bev="0" fileid="6" />
                <SequencePoint vc="2" uspid="1345" ordinal="0" offset="37" sl="69" sc="5" el="69" ec="5" bec="0" bev="0" fileid="6" />
              </SequencePoints>
              <BranchPoints />
            </Method>
            <Method visited="true" cyclomaticComplexity="0" nPathComplexity="0" sequenceCoverage="75.00" branchCoverage="0" crapScore="0" isConstructor="false" isStatic="false" isGetter="false" isSetter="false">
              <Summary numSequencePoints="12" visitedSequencePoints="9" numBranchPoints="0" visitedBranchPoints="0" sequenceCoverage="75.00" branchCoverage="0" maxCyclomaticComplexity="0" minCyclomaticComplexity="0" maxCrapScore="0" minCrapScore="0" visitedClasses="0" numClasses="0" visitedMethods="1" numMethods="1" />
              <MetadataToken>100663320</MetadataToken>
              <Name>System.Void Lock::HandleCanvasCreation()</Name>
              <FileRef uid="6" />
              <SequencePoints>
                <SequencePoint vc="1" uspid="1346" ordinal="0" offset="0" sl="71" sc="5" el="71" ec="5" bec="0" bev="0" fileid="6" />
                <SequencePoint vc="1" uspid="1347" ordinal="0" offset="1" sl="72" sc="9" el="72" ec="9" bec="0" bev="0" fileid="6" />
                <SequencePoint vc="1" uspid="1348" ordinal="0" offset="14" sl="73" sc="9" el="73" ec="9" bec="0" bev="0" fileid="6" />
                <SequencePoint vc="1" uspid="1349" ordinal="0" offset="15" sl="74" sc="13" el="74" ec="13" bec="0" bev="0" fileid="6" />
                <SequencePoint vc="1" uspid="1350" ordinal="0" offset="27" sl="75" sc="13" el="75" ec="13" bec="0" bev="0" fileid="6" />
                <SequencePoint vc="1" uspid="1351" ordinal="0" offset="34" sl="77" sc="13" el="77" ec="13" bec="0" bev="0" fileid="6" />
                <SequencePoint vc="1" uspid="1352" ordinal="0" offset="56" sl="78" sc="13" el="78" ec="13" bec="0" bev="0" fileid="6" />
                <SequencePoint vc="0" uspid="1353" ordinal="0" offset="72" sl="79" sc="13" el="79" ec="13" bec="0" bev="0" fileid="6" />
                <SequencePoint vc="0" uspid="1354" ordinal="0" offset="73" sl="80" sc="17" el="80" ec="17" bec="0" bev="0" fileid="6" />
                <SequencePoint vc="0" uspid="1355" ordinal="0" offset="105" sl="81" sc="13" el="81" ec="13" bec="0" bev="0" fileid="6" />
                <SequencePoint vc="1" uspid="1356" ordinal="0" offset="106" sl="82" sc="9" el="82" ec="9" bec="0" bev="0" fileid="6" />
                <SequencePoint vc="1" uspid="1357" ordinal="0" offset="107" sl="83" sc="5" el="83" ec="5" bec="0" bev="0" fileid="6" />
              </SequencePoints>
              <BranchPoints />
            </Method>
            <Method visited="true" cyclomaticComplexity="0" nPathComplexity="0" sequenceCoverage="100.0" branchCoverage="0" crapScore="0" isConstructor="true" isStatic="false" isGetter="false" isSetter="false">
              <Summary numSequencePoints="6" visitedSequencePoints="6" numBranchPoints="0" visitedBranchPoints="0" sequenceCoverage="100.0" branchCoverage="0" maxCyclomaticComplexity="0" minCyclomaticComplexity="0" maxCrapScore="0" minCrapScore="0" visitedClasses="0" numClasses="0" visitedMethods="1" numMethods="1" />
              <MetadataToken>100663321</MetadataToken>
              <Name>Lock::Lock()</Name>
              <FileRef uid="6" />
              <SequencePoints>
                <SequencePoint vc="3" uspid="1358" ordinal="0" offset="0" sl="8" sc="5" el="8" ec="5" bec="0" bev="0" fileid="6" />
                <SequencePoint vc="3" uspid="1359" ordinal="0" offset="11" sl="9" sc="5" el="9" ec="5" bec="0" bev="0" fileid="6" />
                <SequencePoint vc="3" uspid="1360" ordinal="0" offset="18" sl="10" sc="5" el="10" ec="5" bec="0" bev="0" fileid="6" />
                <SequencePoint vc="3" uspid="1361" ordinal="0" offset="25" sl="13" sc="5" el="13" ec="5" bec="0" bev="0" fileid="6" />
                <SequencePoint vc="3" uspid="1362" ordinal="0" offset="36" sl="14" sc="5" el="14" ec="5" bec="0" bev="0" fileid="6" />
                <SequencePoint vc="3" uspid="1363" ordinal="0" offset="47" sl="15" sc="5" el="15" ec="5" bec="0" bev="0" fileid="6" />
              </SequencePoints>
              <BranchPoints />
            </Method>
          </Methods>
        </Class>
        <Class>
          <Summary numSequencePoints="23" visitedSequencePoints="23" numBranchPoints="0" visitedBranchPoints="0" sequenceCoverage="100.0" branchCoverage="0.0" maxCyclomaticComplexity="0" minCyclomaticComplexity="0" maxCrapScore="0" minCrapScore="0" visitedClasses="1" numClasses="1" visitedMethods="4" numMethods="4" />
          <FullName>Plank</FullName>
          <Methods>
            <Method visited="true" cyclomaticComplexity="0" nPathComplexity="0" sequenceCoverage="100.0" branchCoverage="0" crapScore="0" isConstructor="false" isStatic="false" isGetter="false" isSetter="false">
              <Summary numSequencePoints="6" visitedSequencePoints="6" numBranchPoints="0" visitedBranchPoints="0" sequenceCoverage="100.0" branchCoverage="0" maxCyclomaticComplexity="0" minCyclomaticComplexity="0" maxCrapScore="0" minCrapScore="0" visitedClasses="0" numClasses="0" visitedMethods="1" numMethods="1" />
              <MetadataToken>100663335</MetadataToken>
              <Name>System.Void Plank::UpdateCanvasVisibility(System.Single)</Name>
              <FileRef uid="10" />
              <SequencePoints>
                <SequencePoint vc="2" uspid="1539" ordinal="0" offset="0" sl="42" sc="5" el="42" ec="5" bec="0" bev="0" fileid="10" />
                <SequencePoint vc="2" uspid="1540" ordinal="0" offset="1" sl="43" sc="9" el="43" ec="9" bec="0" bev="0" fileid="10" />
                <SequencePoint vc="2" uspid="1541" ordinal="0" offset="28" sl="44" sc="9" el="44" ec="9" bec="0" bev="0" fileid="10" />
                <SequencePoint vc="2" uspid="1542" ordinal="0" offset="29" sl="45" sc="13" el="45" ec="13" bec="0" bev="0" fileid="10" />
                <SequencePoint vc="2" uspid="1543" ordinal="0" offset="58" sl="46" sc="9" el="46" ec="9" bec="0" bev="0" fileid="10" />
                <SequencePoint vc="2" uspid="1544" ordinal="0" offset="59" sl="47" sc="5" el="47" ec="5" bec="0" bev="0" fileid="10" />
              </SequencePoints>
              <BranchPoints />
            </Method>
            <Method visited="true" cyclomaticComplexity="0" nPathComplexity="0" sequenceCoverage="100.0" branchCoverage="0" crapScore="0" isConstructor="false" isStatic="false" isGetter="false" isSetter="false">
              <Summary numSequencePoints="3" visitedSequencePoints="3" numBranchPoints="0" visitedBranchPoints="0" sequenceCoverage="100.0" branchCoverage="0" maxCyclomaticComplexity="0" minCyclomaticComplexity="0" maxCrapScore="0" minCrapScore="0" visitedClasses="0" numClasses="0" visitedMethods="1" numMethods="1" />
              <MetadataToken>100663336</MetadataToken>
              <Name>System.Boolean Plank::CanActivateCanvas(System.Single, Inventory)</Name>
              <FileRef uid="10" />
              <SequencePoints>
                <SequencePoint vc="2" uspid="1545" ordinal="0" offset="0" sl="50" sc="5" el="50" ec="5" bec="0" bev="0" fileid="10" />
                <SequencePoint vc="2" uspid="1546" ordinal="0" offset="1" sl="51" sc="9" el="51" ec="9" bec="0" bev="0" fileid="10" />
                <SequencePoint vc="2" uspid="1547" ordinal="0" offset="36" sl="52" sc="5" el="52" ec="5" bec="0" bev="0" fileid="10" />
              </SequencePoints>
              <BranchPoints />
            </Method>
            <Method visited="true" cyclomaticComplexity="0" nPathComplexity="0" sequenceCoverage="100.0" branchCoverage="0" crapScore="0" isConstructor="false" isStatic="false" isGetter="false" isSetter="false">
              <Summary numSequencePoints="12" visitedSequencePoints="12" numBranchPoints="0" visitedBranchPoints="0" sequenceCoverage="100.0" branchCoverage="0" maxCyclomaticComplexity="0" minCyclomaticComplexity="0" maxCrapScore="0" minCrapScore="0" visitedClasses="0" numClasses="0" visitedMethods="1" numMethods="1" />
              <MetadataToken>100663337</MetadataToken>
              <Name>System.Void Plank::HandleCanvasCreation()</Name>
              <FileRef uid="10" />
              <SequencePoints>
                <SequencePoint vc="1" uspid="1548" ordinal="0" offset="0" sl="55" sc="5" el="55" ec="5" bec="0" bev="0" fileid="10" />
                <SequencePoint vc="1" uspid="1549" ordinal="0" offset="1" sl="56" sc="9" el="56" ec="9" bec="0" bev="0" fileid="10" />
                <SequencePoint vc="1" uspid="1550" ordinal="0" offset="14" sl="57" sc="9" el="57" ec="9" bec="0" bev="0" fileid="10" />
                <SequencePoint vc="1" uspid="1551" ordinal="0" offset="15" sl="58" sc="13" el="58" ec="13" bec="0" bev="0" fileid="10" />
                <SequencePoint vc="1" uspid="1552" ordinal="0" offset="27" sl="59" sc="13" el="59" ec="13" bec="0" bev="0" fileid="10" />
                <SequencePoint vc="1" uspid="1553" ordinal="0" offset="34" sl="61" sc="13" el="61" ec="13" bec="0" bev="0" fileid="10" />
                <SequencePoint vc="1" uspid="1554" ordinal="0" offset="72" sl="62" sc="13" el="62" ec="13" bec="0" bev="0" fileid="10" />
                <SequencePoint vc="1" uspid="1555" ordinal="0" offset="88" sl="63" sc="13" el="63" ec="13" bec="0" bev="0" fileid="10" />
                <SequencePoint vc="1" uspid="1556" ordinal="0" offset="89" sl="64" sc="17" el="64" ec="17" bec="0" bev="0" fileid="10" />
                <SequencePoint vc="1" uspid="1557" ordinal="0" offset="121" sl="65" sc="13" el="65" ec="13" bec="0" bev="0" fileid="10" />
                <SequencePoint vc="1" uspid="1558" ordinal="0" offset="122" sl="66" sc="9" el="66" ec="9" bec="0" bev="0" fileid="10" />
                <SequencePoint vc="1" uspid="1559" ordinal="0" offset="123" sl="67" sc="5" el="67" ec="5" bec="0" bev="0" fileid="10" />
              </SequencePoints>
              <BranchPoints />
            </Method>
            <Method visited="true" cyclomaticComplexity="0" nPathComplexity="0" sequenceCoverage="100.0" branchCoverage="0" crapScore="0" isConstructor="true" isStatic="false" isGetter="false" isSetter="false">
              <Summary numSequencePoints="2" visitedSequencePoints="2" numBranchPoints="0" visitedBranchPoints="0" sequenceCoverage="100.0" branchCoverage="0" maxCyclomaticComplexity="0" minCyclomaticComplexity="0" maxCrapScore="0" minCrapScore="0" visitedClasses="0" numClasses="0" visitedMethods="1" numMethods="1" />
              <MetadataToken>100663339</MetadataToken>
              <Name>Plank::Plank()</Name>
              <FileRef uid="10" />
              <SequencePoints>
                <SequencePoint vc="4" uspid="1578" ordinal="0" offset="0" sl="9" sc="5" el="9" ec="5" bec="0" bev="0" fileid="10" />
                <SequencePoint vc="4" uspid="1579" ordinal="0" offset="7" sl="10" sc="5" el="10" ec="5" bec="0" bev="0" fileid="10" />
              </SequencePoints>
              <BranchPoints />
            </Method>
          </Methods>
        </Class>
      </Classes>
    </Module>
    <Module>
      <Summary numSequencePoints="339" visitedSequencePoints="272" numBranchPoints="0" visitedBranchPoints="0" sequenceCoverage="80.24" branchCoverage="0.0" maxCyclomaticComplexity="0" minCyclomaticComplexity="0" maxCrapScore="0" minCrapScore="0" visitedClasses="6" numClasses="6" visitedMethods="25" numMethods="25" />
      <ModuleTime>0001-01-01T00:00:00</ModuleTime>
      <ModuleName>InvenReff</ModuleName>
      <Files>
        <File uid="13" fullPath="C:/Users/teppi/OneDrive/Documents/Nouveau dossier/Nouveau dossier/Nouveau dossier/Video-Game/Assets/Scripts/Inventory/Inventory.cs" />
        <File uid="14" fullPath="C:/Users/teppi/OneDrive/Documents/Nouveau dossier/Nouveau dossier/Nouveau dossier/Video-Game/Assets/Scripts/Inventory/InventoryManager.cs" />
        <File uid="15" fullPath="C:/Users/teppi/OneDrive/Documents/Nouveau dossier/Nouveau dossier/Nouveau dossier/Video-Game/Assets/Scripts/Inventory/Item.cs" />
        <File uid="16" fullPath="C:/Users/teppi/OneDrive/Documents/Nouveau dossier/Nouveau dossier/Nouveau dossier/Video-Game/Assets/Scripts/Inventory/itemSlot.cs" />
        <File uid="17" fullPath="C:/Users/teppi/OneDrive/Documents/Nouveau dossier/Nouveau dossier/Nouveau dossier/Video-Game/Assets/Scripts/Inventory/LookAtCam.cs" />
      </Files>
      <Classes>
        <Class>
          <Summary numSequencePoints="107" visitedSequencePoints="84" numBranchPoints="0" visitedBranchPoints="0" sequenceCoverage="78.50" branchCoverage="0.0" maxCyclomaticComplexity="0" minCyclomaticComplexity="0" maxCrapScore="0" minCrapScore="0" visitedClasses="1" numClasses="1" visitedMethods="8" numMethods="8" />
          <FullName>Inventory</FullName>
          <Methods>
            <Method visited="true" cyclomaticComplexity="0" nPathComplexity="0" sequenceCoverage="100.0" branchCoverage="0" crapScore="0" isConstructor="false" isStatic="false" isGetter="false" isSetter="false">
              <Summary numSequencePoints="3" visitedSequencePoints="3" numBranchPoints="0" visitedBranchPoints="0" sequenceCoverage="100.0" branchCoverage="0" maxCyclomaticComplexity="0" minCyclomaticComplexity="0" maxCrapScore="0" minCrapScore="0" visitedClasses="0" numClasses="0" visitedMethods="1" numMethods="1" />
              <MetadataToken>100663297</MetadataToken>
              <Name>System.Void Inventory::Start()</Name>
              <FileRef uid="13" />
              <SequencePoints>
                <SequencePoint vc="5" uspid="1679" ordinal="0" offset="0" sl="19" sc="5" el="19" ec="5" bec="0" bev="0" fileid="13" />
                <SequencePoint vc="5" uspid="1680" ordinal="0" offset="1" sl="20" sc="9" el="20" ec="9" bec="0" bev="0" fileid="13" />
                <SequencePoint vc="5" uspid="1681" ordinal="0" offset="8" sl="21" sc="5" el="21" ec="5" bec="0" bev="0" fileid="13" />
              </SequencePoints>
              <BranchPoints />
            </Method>
            <Method visited="true" cyclomaticComplexity="0" nPathComplexity="0" sequenceCoverage="100.0" branchCoverage="0" crapScore="0" isConstructor="false" isStatic="false" isGetter="false" isSetter="false">
              <Summary numSequencePoints="13" visitedSequencePoints="13" numBranchPoints="0" visitedBranchPoints="0" sequenceCoverage="100.0" branchCoverage="0" maxCyclomaticComplexity="0" minCyclomaticComplexity="0" maxCrapScore="0" minCrapScore="0" visitedClasses="0" numClasses="0" visitedMethods="1" numMethods="1" />
              <MetadataToken>100663298</MetadataToken>
              <Name>System.Void Inventory::Init()</Name>
              <FileRef uid="13" />
              <SequencePoints>
                <SequencePoint vc="13" uspid="1682" ordinal="0" offset="0" sl="23" sc="5" el="23" ec="5" bec="0" bev="0" fileid="13" />
                <SequencePoint vc="13" uspid="1683" ordinal="0" offset="1" sl="24" sc="9" el="24" ec="9" bec="0" bev="0" fileid="13" />
                <SequencePoint vc="13" uspid="1684" ordinal="0" offset="18" sl="25" sc="13" el="25" ec="13" bec="0" bev="0" fileid="13" />
                <SequencePoint vc="13" uspid="1685" ordinal="0" offset="29" sl="26" sc="18" el="26" ec="18" bec="0" bev="0" fileid="13" />
                <SequencePoint vc="91" uspid="1686" ordinal="0" offset="33" sl="27" sc="13" el="27" ec="13" bec="0" bev="0" fileid="13" />
                <SequencePoint vc="91" uspid="1687" ordinal="0" offset="34" sl="28" sc="17" el="28" ec="17" bec="0" bev="0" fileid="13" />
                <SequencePoint vc="91" uspid="1688" ordinal="0" offset="70" sl="33" sc="17" el="33" ec="17" bec="0" bev="0" fileid="13" />
                <SequencePoint vc="91" uspid="1689" ordinal="0" offset="92" sl="34" sc="13" el="34" ec="13" bec="0" bev="0" fileid="13" />
                <SequencePoint vc="91" uspid="1690" ordinal="0" offset="93" sl="26" sc="51" el="26" ec="51" bec="0" bev="0" fileid="13" />
                <SequencePoint vc="104" uspid="1691" ordinal="0" offset="97" sl="26" sc="29" el="26" ec="29" bec="0" bev="0" fileid="13" />
                <SequencePoint vc="13" uspid="1692" ordinal="0" offset="110" sl="35" sc="13" el="35" ec="13" bec="0" bev="0" fileid="13" />
                <SequencePoint vc="13" uspid="1693" ordinal="0" offset="127" sl="37" sc="13" el="37" ec="13" bec="0" bev="0" fileid="13" />
                <SequencePoint vc="13" uspid="1694" ordinal="0" offset="140" sl="38" sc="5" el="38" ec="5" bec="0" bev="0" fileid="13" />
              </SequencePoints>
              <BranchPoints />
            </Method>
            <Method visited="true" cyclomaticComplexity="0" nPathComplexity="0" sequenceCoverage="57.89" branchCoverage="0" crapScore="0" isConstructor="false" isStatic="false" isGetter="false" isSetter="false">
              <Summary numSequencePoints="19" visitedSequencePoints="11" numBranchPoints="0" visitedBranchPoints="0" sequenceCoverage="57.89" branchCoverage="0" maxCyclomaticComplexity="0" minCyclomaticComplexity="0" maxCrapScore="0" minCrapScore="0" visitedClasses="0" numClasses="0" visitedMethods="1" numMethods="1" />
              <MetadataToken>100663299</MetadataToken>
              <Name>System.Void Inventory::Update()</Name>
              <FileRef uid="13" />
              <SequencePoints>
                <SequencePoint vc="596" uspid="1695" ordinal="0" offset="0" sl="40" sc="5" el="40" ec="5" bec="0" bev="0" fileid="13" />
                <SequencePoint vc="596" uspid="1696" ordinal="0" offset="1" sl="42" sc="9" el="42" ec="9" bec="0" bev="0" fileid="13" />
                <SequencePoint vc="596" uspid="1697" ordinal="0" offset="2" sl="43" sc="13" el="43" ec="13" bec="0" bev="0" fileid="13" />
                <SequencePoint vc="593" uspid="1698" ordinal="0" offset="19" sl="44" sc="9" el="44" ec="9" bec="0" bev="0" fileid="13" />
                <SequencePoint vc="3" uspid="1699" ordinal="0" offset="22" sl="45" sc="9" el="45" ec="9" bec="0" bev="0" fileid="13" />
                <SequencePoint vc="3" uspid="1700" ordinal="0" offset="23" sl="46" sc="9" el="46" ec="9" bec="0" bev="0" fileid="13" />
                <SequencePoint vc="3" uspid="1701" ordinal="0" offset="24" sl="47" sc="13" el="47" ec="13" bec="0" bev="0" fileid="13" />
                <SequencePoint vc="3" uspid="1702" ordinal="0" offset="53" sl="48" sc="9" el="48" ec="9" bec="0" bev="0" fileid="13" />
                <SequencePoint vc="596" uspid="1703" ordinal="0" offset="56" sl="50" sc="9" el="50" ec="9" bec="0" bev="0" fileid="13" />
                <SequencePoint vc="0" uspid="1704" ordinal="0" offset="67" sl="51" sc="9" el="51" ec="9" bec="0" bev="0" fileid="13" />
                <SequencePoint vc="0" uspid="1705" ordinal="0" offset="68" sl="52" sc="18" el="52" ec="18" bec="0" bev="0" fileid="13" />
                <SequencePoint vc="0" uspid="1706" ordinal="0" offset="72" sl="53" sc="13" el="53" ec="13" bec="0" bev="0" fileid="13" />
                <SequencePoint vc="0" uspid="1707" ordinal="0" offset="73" sl="54" sc="17" el="54" ec="17" bec="0" bev="0" fileid="13" />
                <SequencePoint vc="0" uspid="1708" ordinal="0" offset="114" sl="55" sc="13" el="55" ec="13" bec="0" bev="0" fileid="13" />
                <SequencePoint vc="0" uspid="1709" ordinal="0" offset="115" sl="52" sc="47" el="52" ec="47" bec="0" bev="0" fileid="13" />
                <SequencePoint vc="0" uspid="1710" ordinal="0" offset="119" sl="52" sc="29" el="52" ec="29" bec="0" bev="0" fileid="13" />
                <SequencePoint vc="0" uspid="1711" ordinal="0" offset="134" sl="56" sc="9" el="56" ec="9" bec="0" bev="0" fileid="13" />
                <SequencePoint vc="596" uspid="1712" ordinal="0" offset="135" sl="57" sc="9" el="57" ec="9" bec="0" bev="0" fileid="13" />
                <SequencePoint vc="596" uspid="1713" ordinal="0" offset="152" sl="58" sc="5" el="58" ec="5" bec="0" bev="0" fileid="13" />
              </SequencePoints>
              <BranchPoints />
            </Method>
            <Method visited="true" cyclomaticComplexity="0" nPathComplexity="0" sequenceCoverage="64.52" branchCoverage="0" crapScore="0" isConstructor="false" isStatic="false" isGetter="false" isSetter="false">
              <Summary numSequencePoints="31" visitedSequencePoints="20" numBranchPoints="0" visitedBranchPoints="0" sequenceCoverage="64.52" branchCoverage="0" maxCyclomaticComplexity="0" minCyclomaticComplexity="0" maxCrapScore="0" minCrapScore="0" visitedClasses="0" numClasses="0" visitedMethods="1" numMethods="1" />
              <MetadataToken>100663300</MetadataToken>
              <Name>System.Void Inventory::AddItem(Item)</Name>
              <FileRef uid="13" />
              <SequencePoints>
                <SequencePoint vc="6" uspid="1714" ordinal="0" offset="0" sl="61" sc="5" el="61" ec="5" bec="0" bev="0" fileid="13" />
                <SequencePoint vc="6" uspid="1715" ordinal="0" offset="1" sl="64" sc="9" el="64" ec="9" bec="0" bev="0" fileid="13" />
                <SequencePoint vc="0" uspid="1716" ordinal="0" offset="35" sl="65" sc="9" el="65" ec="9" bec="0" bev="0" fileid="13" />
                <SequencePoint vc="0" uspid="1717" ordinal="0" offset="36" sl="66" sc="13" el="66" ec="13" bec="0" bev="0" fileid="13" />
                <SequencePoint vc="0" uspid="1718" ordinal="0" offset="47" sl="67" sc="13" el="67" ec="13" bec="0" bev="0" fileid="13" />
                <SequencePoint vc="6" uspid="1719" ordinal="0" offset="52" sl="71" sc="14" el="71" ec="14" bec="0" bev="0" fileid="13" />
                <SequencePoint vc="6" uspid="1720" ordinal="0" offset="59" sl="72" sc="9" el="72" ec="9" bec="0" bev="0" fileid="13" />
                <SequencePoint vc="6" uspid="1721" ordinal="0" offset="60" sl="73" sc="13" el="73" ec="13" bec="0" bev="0" fileid="13" />
                <SequencePoint vc="6" uspid="1722" ordinal="0" offset="90" sl="74" sc="13" el="74" ec="13" bec="0" bev="0" fileid="13" />
                <SequencePoint vc="6" uspid="1723" ordinal="0" offset="91" sl="75" sc="17" el="75" ec="17" bec="0" bev="0" fileid="13" />
                <SequencePoint vc="6" uspid="1724" ordinal="0" offset="100" sl="76" sc="17" el="76" ec="17" bec="0" bev="0" fileid="13" />
                <SequencePoint vc="6" uspid="1725" ordinal="0" offset="114" sl="77" sc="17" el="77" ec="17" bec="0" bev="0" fileid="13" />
                <SequencePoint vc="6" uspid="1726" ordinal="0" offset="143" sl="79" sc="17" el="79" ec="17" bec="0" bev="0" fileid="13" />
                <SequencePoint vc="6" uspid="1727" ordinal="0" offset="144" sl="80" sc="21" el="80" ec="21" bec="0" bev="0" fileid="13" />
                <SequencePoint vc="1" uspid="1728" ordinal="0" offset="157" sl="81" sc="17" el="81" ec="17" bec="0" bev="0" fileid="13" />
                <SequencePoint vc="5" uspid="1729" ordinal="0" offset="160" sl="82" sc="17" el="82" ec="17" bec="0" bev="0" fileid="13" />
                <SequencePoint vc="5" uspid="1730" ordinal="0" offset="161" sl="83" sc="17" el="83" ec="17" bec="0" bev="0" fileid="13" />
                <SequencePoint vc="5" uspid="1731" ordinal="0" offset="162" sl="84" sc="21" el="84" ec="21" bec="0" bev="0" fileid="13" />
                <SequencePoint vc="5" uspid="1732" ordinal="0" offset="191" sl="85" sc="17" el="85" ec="17" bec="0" bev="0" fileid="13" />
                <SequencePoint vc="6" uspid="1733" ordinal="0" offset="194" sl="87" sc="17" el="87" ec="17" bec="0" bev="0" fileid="13" />
                <SequencePoint vc="0" uspid="1734" ordinal="0" offset="212" sl="88" sc="17" el="88" ec="17" bec="0" bev="0" fileid="13" />
                <SequencePoint vc="0" uspid="1735" ordinal="0" offset="213" sl="89" sc="21" el="89" ec="21" bec="0" bev="0" fileid="13" />
                <SequencePoint vc="0" uspid="1736" ordinal="0" offset="231" sl="90" sc="21" el="90" ec="21" bec="0" bev="0" fileid="13" />
                <SequencePoint vc="0" uspid="1737" ordinal="0" offset="248" sl="91" sc="21" el="91" ec="21" bec="0" bev="0" fileid="13" />
                <SequencePoint vc="0" uspid="1738" ordinal="0" offset="260" sl="92" sc="17" el="92" ec="17" bec="0" bev="0" fileid="13" />
                <SequencePoint vc="6" uspid="1739" ordinal="0" offset="261" sl="93" sc="17" el="93" ec="17" bec="0" bev="0" fileid="13" />
                <SequencePoint vc="0" uspid="1740" ordinal="0" offset="263" sl="95" sc="9" el="95" ec="9" bec="0" bev="0" fileid="13" />
                <SequencePoint vc="0" uspid="1741" ordinal="0" offset="264" sl="71" sc="47" el="71" ec="47" bec="0" bev="0" fileid="13" />
                <SequencePoint vc="6" uspid="1742" ordinal="0" offset="268" sl="71" sc="25" el="71" ec="25" bec="0" bev="0" fileid="13" />
                <SequencePoint vc="0" uspid="1743" ordinal="0" offset="286" sl="98" sc="9" el="98" ec="9" bec="0" bev="0" fileid="13" />
                <SequencePoint vc="6" uspid="1744" ordinal="0" offset="308" sl="99" sc="5" el="99" ec="5" bec="0" bev="0" fileid="13" />
              </SequencePoints>
              <BranchPoints />
            </Method>
            <Method visited="true" cyclomaticComplexity="0" nPathComplexity="0" sequenceCoverage="82.61" branchCoverage="0" crapScore="0" isConstructor="false" isStatic="false" isGetter="false" isSetter="false">
              <Summary numSequencePoints="23" visitedSequencePoints="19" numBranchPoints="0" visitedBranchPoints="0" sequenceCoverage="82.61" branchCoverage="0" maxCyclomaticComplexity="0" minCyclomaticComplexity="0" maxCrapScore="0" minCrapScore="0" visitedClasses="0" numClasses="0" visitedMethods="1" numMethods="1" />
              <MetadataToken>100663301</MetadataToken>
              <Name>System.Void Inventory::UseItem(System.String)</Name>
              <FileRef uid="13" />
              <SequencePoints>
                <SequencePoint vc="1" uspid="1745" ordinal="0" offset="0" sl="102" sc="5" el="102" ec="5" bec="0" bev="0" fileid="13" />
                <SequencePoint vc="1" uspid="1746" ordinal="0" offset="1" sl="103" sc="14" el="103" ec="14" bec="0" bev="0" fileid="13" />
                <SequencePoint vc="1" uspid="1747" ordinal="0" offset="8" sl="104" sc="9" el="104" ec="9" bec="0" bev="0" fileid="13" />
                <SequencePoint vc="1" uspid="1748" ordinal="0" offset="9" sl="105" sc="13" el="105" ec="13" bec="0" bev="0" fileid="13" />
                <SequencePoint vc="1" uspid="1749" ordinal="0" offset="35" sl="106" sc="13" el="106" ec="13" bec="0" bev="0" fileid="13" />
                <SequencePoint vc="1" uspid="1750" ordinal="0" offset="36" sl="107" sc="17" el="107" ec="17" bec="0" bev="0" fileid="13" />
                <SequencePoint vc="1" uspid="1751" ordinal="0" offset="65" sl="108" sc="17" el="108" ec="17" bec="0" bev="0" fileid="13" />
                <SequencePoint vc="1" uspid="1752" ordinal="0" offset="83" sl="109" sc="17" el="109" ec="17" bec="0" bev="0" fileid="13" />
                <SequencePoint vc="1" uspid="1753" ordinal="0" offset="102" sl="110" sc="17" el="110" ec="17" bec="0" bev="0" fileid="13" />
                <SequencePoint vc="1" uspid="1754" ordinal="0" offset="116" sl="113" sc="17" el="113" ec="17" bec="0" bev="0" fileid="13" />
                <SequencePoint vc="1" uspid="1755" ordinal="0" offset="117" sl="114" sc="21" el="114" ec="21" bec="0" bev="0" fileid="13" />
                <SequencePoint vc="0" uspid="1756" ordinal="0" offset="130" sl="115" sc="17" el="115" ec="17" bec="0" bev="0" fileid="13" />
                <SequencePoint vc="1" uspid="1757" ordinal="0" offset="133" sl="116" sc="17" el="116" ec="17" bec="0" bev="0" fileid="13" />
                <SequencePoint vc="1" uspid="1758" ordinal="0" offset="134" sl="117" sc="17" el="117" ec="17" bec="0" bev="0" fileid="13" />
                <SequencePoint vc="1" uspid="1759" ordinal="0" offset="135" sl="118" sc="21" el="118" ec="21" bec="0" bev="0" fileid="13" />
                <SequencePoint vc="1" uspid="1760" ordinal="0" offset="164" sl="119" sc="17" el="119" ec="17" bec="0" bev="0" fileid="13" />
                <SequencePoint vc="1" uspid="1761" ordinal="0" offset="167" sl="120" sc="17" el="120" ec="17" bec="0" bev="0" fileid="13" />
                <SequencePoint vc="1" uspid="1762" ordinal="0" offset="208" sl="121" sc="17" el="121" ec="17" bec="0" bev="0" fileid="13" />
                <SequencePoint vc="0" uspid="1763" ordinal="0" offset="210" sl="123" sc="9" el="123" ec="9" bec="0" bev="0" fileid="13" />
                <SequencePoint vc="0" uspid="1764" ordinal="0" offset="211" sl="103" sc="47" el="103" ec="47" bec="0" bev="0" fileid="13" />
                <SequencePoint vc="1" uspid="1765" ordinal="0" offset="215" sl="103" sc="25" el="103" ec="25" bec="0" bev="0" fileid="13" />
                <SequencePoint vc="0" uspid="1766" ordinal="0" offset="231" sl="124" sc="9" el="124" ec="9" bec="0" bev="0" fileid="13" />
                <SequencePoint vc="1" uspid="1767" ordinal="0" offset="248" sl="125" sc="5" el="125" ec="5" bec="0" bev="0" fileid="13" />
              </SequencePoints>
              <BranchPoints />
            </Method>
            <Method visited="true" cyclomaticComplexity="0" nPathComplexity="0" sequenceCoverage="100.0" branchCoverage="0" crapScore="0" isConstructor="false" isStatic="false" isGetter="false" isSetter="false">
              <Summary numSequencePoints="12" visitedSequencePoints="12" numBranchPoints="0" visitedBranchPoints="0" sequenceCoverage="100.0" branchCoverage="0" maxCyclomaticComplexity="0" minCyclomaticComplexity="0" maxCrapScore="0" minCrapScore="0" visitedClasses="0" numClasses="0" visitedMethods="1" numMethods="1" />
              <MetadataToken>100663302</MetadataToken>
              <Name>System.Boolean Inventory::IncludeItemName(System.String)</Name>
              <FileRef uid="13" />
              <SequencePoints>
                <SequencePoint vc="9" uspid="1768" ordinal="0" offset="0" sl="128" sc="5" el="128" ec="5" bec="0" bev="0" fileid="13" />
                <SequencePoint vc="9" uspid="1769" ordinal="0" offset="1" sl="129" sc="9" el="129" ec="9" bec="0" bev="0" fileid="13" />
                <SequencePoint vc="9" uspid="1770" ordinal="0" offset="13" sl="130" sc="14" el="130" ec="14" bec="0" bev="0" fileid="13" />
                <SequencePoint vc="29" uspid="1771" ordinal="0" offset="17" sl="131" sc="9" el="131" ec="9" bec="0" bev="0" fileid="13" />
                <SequencePoint vc="29" uspid="1772" ordinal="0" offset="18" sl="132" sc="13" el="132" ec="13" bec="0" bev="0" fileid="13" />
                <SequencePoint vc="5" uspid="1773" ordinal="0" offset="41" sl="133" sc="13" el="133" ec="13" bec="0" bev="0" fileid="13" />
                <SequencePoint vc="5" uspid="1774" ordinal="0" offset="42" sl="134" sc="17" el="134" ec="17" bec="0" bev="0" fileid="13" />
                <SequencePoint vc="24" uspid="1775" ordinal="0" offset="46" sl="136" sc="9" el="136" ec="9" bec="0" bev="0" fileid="13" />
                <SequencePoint vc="24" uspid="1776" ordinal="0" offset="47" sl="130" sc="51" el="130" ec="51" bec="0" bev="0" fileid="13" />
                <SequencePoint vc="33" uspid="1777" ordinal="0" offset="51" sl="130" sc="25" el="130" ec="25" bec="0" bev="0" fileid="13" />
                <SequencePoint vc="4" uspid="1778" ordinal="0" offset="66" sl="137" sc="9" el="137" ec="9" bec="0" bev="0" fileid="13" />
                <SequencePoint vc="9" uspid="1779" ordinal="0" offset="70" sl="138" sc="5" el="138" ec="5" bec="0" bev="0" fileid="13" />
              </SequencePoints>
              <BranchPoints />
            </Method>
            <Method visited="true" cyclomaticComplexity="0" nPathComplexity="0" sequenceCoverage="100.0" branchCoverage="0" crapScore="0" isConstructor="false" isStatic="false" isGetter="false" isSetter="false">
              <Summary numSequencePoints="3" visitedSequencePoints="3" numBranchPoints="0" visitedBranchPoints="0" sequenceCoverage="100.0" branchCoverage="0" maxCyclomaticComplexity="0" minCyclomaticComplexity="0" maxCrapScore="0" minCrapScore="0" visitedClasses="0" numClasses="0" visitedMethods="1" numMethods="1" />
              <MetadataToken>100663306</MetadataToken>
              <Name>System.Boolean Inventory::IsSelectingItem(System.String)</Name>
              <FileRef uid="13" />
              <SequencePoints>
                <SequencePoint vc="1" uspid="1806" ordinal="0" offset="0" sl="178" sc="48" el="178" ec="48" bec="0" bev="0" fileid="13" />
                <SequencePoint vc="1" uspid="1807" ordinal="0" offset="1" sl="179" sc="9" el="179" ec="9" bec="0" bev="0" fileid="13" />
                <SequencePoint vc="1" uspid="1808" ordinal="0" offset="28" sl="180" sc="5" el="180" ec="5" bec="0" bev="0" fileid="13" />
              </SequencePoints>
              <BranchPoints />
            </Method>
            <Method visited="true" cyclomaticComplexity="0" nPathComplexity="0" sequenceCoverage="100.0" branchCoverage="0" crapScore="0" isConstructor="true" isStatic="false" isGetter="false" isSetter="false">
              <Summary numSequencePoints="3" visitedSequencePoints="3" numBranchPoints="0" visitedBranchPoints="0" sequenceCoverage="100.0" branchCoverage="0" maxCyclomaticComplexity="0" minCyclomaticComplexity="0" maxCrapScore="0" minCrapScore="0" visitedClasses="0" numClasses="0" visitedMethods="1" numMethods="1" />
              <MetadataToken>100663307</MetadataToken>
              <Name>Inventory::Inventory()</Name>
              <FileRef uid="13" />
              <SequencePoints>
                <SequencePoint vc="18" uspid="1809" ordinal="0" offset="0" sl="7" sc="5" el="7" ec="5" bec="0" bev="0" fileid="13" />
                <SequencePoint vc="18" uspid="1810" ordinal="0" offset="7" sl="9" sc="5" el="9" ec="5" bec="0" bev="0" fileid="13" />
                <SequencePoint vc="18" uspid="1811" ordinal="0" offset="14" sl="13" sc="5" el="13" ec="5" bec="0" bev="0" fileid="13" />
              </SequencePoints>
              <BranchPoints />
            </Method>
          </Methods>
        </Class>
        <Class>
          <Summary numSequencePoints="127" visitedSequencePoints="103" numBranchPoints="0" visitedBranchPoints="0" sequenceCoverage="81.10" branchCoverage="0.0" maxCyclomaticComplexity="0" minCyclomaticComplexity="0" maxCrapScore="0" minCrapScore="0" visitedClasses="1" numClasses="1" visitedMethods="9" numMethods="9" />
          <FullName>InventoryManager</FullName>
          <Methods>
            <Method visited="true" cyclomaticComplexity="0" nPathComplexity="0" sequenceCoverage="100.0" branchCoverage="0" crapScore="0" isConstructor="false" isStatic="false" isGetter="false" isSetter="false">
              <Summary numSequencePoints="4" visitedSequencePoints="4" numBranchPoints="0" visitedBranchPoints="0" sequenceCoverage="100.0" branchCoverage="0" maxCyclomaticComplexity="0" minCyclomaticComplexity="0" maxCrapScore="0" minCrapScore="0" visitedClasses="0" numClasses="0" visitedMethods="1" numMethods="1" />
              <MetadataToken>100663308</MetadataToken>
              <Name>System.Void InventoryManager::Start()</Name>
              <FileRef uid="14" />
              <SequencePoints>
                <SequencePoint vc="9" uspid="1812" ordinal="0" offset="0" sl="20" sc="5" el="20" ec="5" bec="0" bev="0" fileid="14" />
                <SequencePoint vc="9" uspid="1813" ordinal="0" offset="1" sl="21" sc="9" el="21" ec="9" bec="0" bev="0" fileid="14" />
                <SequencePoint vc="4" uspid="1814" ordinal="0" offset="22" sl="22" sc="9" el="22" ec="9" bec="0" bev="0" fileid="14" />
                <SequencePoint vc="4" uspid="1815" ordinal="0" offset="35" sl="23" sc="5" el="23" ec="5" bec="0" bev="0" fileid="14" />
              </SequencePoints>
              <BranchPoints />
            </Method>
            <Method visited="true" cyclomaticComplexity="0" nPathComplexity="0" sequenceCoverage="100.0" branchCoverage="0" crapScore="0" isConstructor="false" isStatic="false" isGetter="false" isSetter="false">
              <Summary numSequencePoints="9" visitedSequencePoints="9" numBranchPoints="0" visitedBranchPoints="0" sequenceCoverage="100.0" branchCoverage="0" maxCyclomaticComplexity="0" minCyclomaticComplexity="0" maxCrapScore="0" minCrapScore="0" visitedClasses="0" numClasses="0" visitedMethods="1" numMethods="1" />
              <MetadataToken>100663310</MetadataToken>
              <Name>System.Void InventoryManager::MapAllSprites()</Name>
              <FileRef uid="14" />
              <SequencePoints>
                <SequencePoint vc="9" uspid="1816" ordinal="0" offset="0" sl="55" sc="5" el="55" ec="5" bec="0" bev="0" fileid="14" />
                <SequencePoint vc="9" uspid="1817" ordinal="0" offset="1" sl="56" sc="14" el="56" ec="14" bec="0" bev="0" fileid="14" />
                <SequencePoint vc="63" uspid="1818" ordinal="0" offset="5" sl="57" sc="9" el="57" ec="9" bec="0" bev="0" fileid="14" />
                <SequencePoint vc="63" uspid="1819" ordinal="0" offset="6" sl="58" sc="13" el="58" ec="13" bec="0" bev="0" fileid="14" />
                <SequencePoint vc="63" uspid="1820" ordinal="0" offset="14" sl="59" sc="13" el="59" ec="13" bec="0" bev="0" fileid="14" />
                <SequencePoint vc="63" uspid="1821" ordinal="0" offset="25" sl="60" sc="9" el="60" ec="9" bec="0" bev="0" fileid="14" />
                <SequencePoint vc="63" uspid="1822" ordinal="0" offset="26" sl="56" sc="53" el="56" ec="53" bec="0" bev="0" fileid="14" />
                <SequencePoint vc="72" uspid="1823" ordinal="0" offset="30" sl="56" sc="25" el="56" ec="25" bec="0" bev="0" fileid="14" />
                <SequencePoint vc="9" uspid="1824" ordinal="0" offset="50" sl="61" sc="5" el="61" ec="5" bec="0" bev="0" fileid="14" />
              </SequencePoints>
              <BranchPoints />
            </Method>
            <Method visited="true" cyclomaticComplexity="0" nPathComplexity="0" sequenceCoverage="86.96" branchCoverage="0" crapScore="0" isConstructor="false" isStatic="false" isGetter="false" isSetter="false">
              <Summary numSequencePoints="23" visitedSequencePoints="20" numBranchPoints="0" visitedBranchPoints="0" sequenceCoverage="86.96" branchCoverage="0" maxCyclomaticComplexity="0" minCyclomaticComplexity="0" maxCrapScore="0" minCrapScore="0" visitedClasses="0" numClasses="0" visitedMethods="1" numMethods="1" />
              <MetadataToken>100663311</MetadataToken>
              <Name>System.Void InventoryManager::MapSprite(System.Int32)</Name>
              <FileRef uid="14" />
              <SequencePoints>
                <SequencePoint vc="70" uspid="1825" ordinal="0" offset="0" sl="65" sc="5" el="65" ec="5" bec="0" bev="0" fileid="14" />
                <SequencePoint vc="70" uspid="1826" ordinal="0" offset="1" sl="66" sc="9" el="66" ec="9" bec="0" bev="0" fileid="14" />
                <SequencePoint vc="65" uspid="1827" ordinal="0" offset="41" sl="67" sc="9" el="67" ec="9" bec="0" bev="0" fileid="14" />
                <SequencePoint vc="65" uspid="1828" ordinal="0" offset="42" sl="68" sc="13" el="68" ec="13" bec="0" bev="0" fileid="14" />
                <SequencePoint vc="65" uspid="1829" ordinal="0" offset="56" sl="69" sc="13" el="69" ec="13" bec="0" bev="0" fileid="14" />
                <SequencePoint vc="65" uspid="1830" ordinal="0" offset="69" sl="71" sc="13" el="71" ec="13" bec="0" bev="0" fileid="14" />
                <SequencePoint vc="65" uspid="1831" ordinal="0" offset="91" sl="73" sc="13" el="73" ec="13" bec="0" bev="0" fileid="14" />
                <SequencePoint vc="2" uspid="1832" ordinal="0" offset="111" sl="74" sc="13" el="74" ec="13" bec="0" bev="0" fileid="14" />
                <SequencePoint vc="2" uspid="1833" ordinal="0" offset="112" sl="75" sc="17" el="75" ec="17" bec="0" bev="0" fileid="14" />
                <SequencePoint vc="2" uspid="1834" ordinal="0" offset="140" sl="76" sc="13" el="76" ec="13" bec="0" bev="0" fileid="14" />
                <SequencePoint vc="63" uspid="1835" ordinal="0" offset="143" sl="78" sc="13" el="78" ec="13" bec="0" bev="0" fileid="14" />
                <SequencePoint vc="63" uspid="1836" ordinal="0" offset="144" sl="79" sc="17" el="79" ec="17" bec="0" bev="0" fileid="14" />
                <SequencePoint vc="63" uspid="1837" ordinal="0" offset="166" sl="80" sc="13" el="80" ec="13" bec="0" bev="0" fileid="14" />
                <SequencePoint vc="65" uspid="1838" ordinal="0" offset="167" sl="83" sc="13" el="83" ec="13" bec="0" bev="0" fileid="14" />
                <SequencePoint vc="65" uspid="1839" ordinal="0" offset="175" sl="86" sc="13" el="86" ec="13" bec="0" bev="0" fileid="14" />
                <SequencePoint vc="2" uspid="1840" ordinal="0" offset="197" sl="87" sc="13" el="87" ec="13" bec="0" bev="0" fileid="14" />
                <SequencePoint vc="2" uspid="1841" ordinal="0" offset="198" sl="88" sc="17" el="88" ec="17" bec="0" bev="0" fileid="14" />
                <SequencePoint vc="2" uspid="1842" ordinal="0" offset="207" sl="89" sc="13" el="89" ec="13" bec="0" bev="0" fileid="14" />
                <SequencePoint vc="65" uspid="1843" ordinal="0" offset="208" sl="90" sc="9" el="90" ec="9" bec="0" bev="0" fileid="14" />
                <SequencePoint vc="0" uspid="1844" ordinal="0" offset="211" sl="92" sc="9" el="92" ec="9" bec="0" bev="0" fileid="14" />
                <SequencePoint vc="0" uspid="1845" ordinal="0" offset="212" sl="93" sc="13" el="93" ec="13" bec="0" bev="0" fileid="14" />
                <SequencePoint vc="0" uspid="1846" ordinal="0" offset="223" sl="94" sc="9" el="94" ec="9" bec="0" bev="0" fileid="14" />
                <SequencePoint vc="65" uspid="1847" ordinal="0" offset="224" sl="95" sc="5" el="95" ec="5" bec="0" bev="0" fileid="14" />
              </SequencePoints>
              <BranchPoints />
            </Method>
            <Method visited="true" cyclomaticComplexity="0" nPathComplexity="0" sequenceCoverage="100.0" branchCoverage="0" crapScore="0" isConstructor="false" isStatic="false" isGetter="false" isSetter="false">
              <Summary numSequencePoints="10" visitedSequencePoints="10" numBranchPoints="0" visitedBranchPoints="0" sequenceCoverage="100.0" branchCoverage="0" maxCyclomaticComplexity="0" minCyclomaticComplexity="0" maxCrapScore="0" minCrapScore="0" visitedClasses="0" numClasses="0" visitedMethods="1" numMethods="1" />
              <MetadataToken>100663312</MetadataToken>
              <Name>System.Void InventoryManager::DeleteSprite(UnityEngine.Transform)</Name>
              <FileRef uid="14" />
              <SequencePoints>
                <SequencePoint vc="65" uspid="1848" ordinal="0" offset="0" sl="99" sc="5" el="99" ec="5" bec="0" bev="0" fileid="14" />
                <SequencePoint vc="65" uspid="1849" ordinal="0" offset="1" sl="100" sc="9" el="100" ec="9" bec="0" bev="0" fileid="14" />
                <SequencePoint vc="65" uspid="1850" ordinal="0" offset="2" sl="100" sc="37" el="100" ec="37" bec="0" bev="0" fileid="14" />
                <SequencePoint vc="1" uspid="1851" ordinal="0" offset="11" sl="100" sc="18" el="100" ec="18" bec="0" bev="0" fileid="14" />
                <SequencePoint vc="1" uspid="1852" ordinal="0" offset="23" sl="101" sc="9" el="101" ec="9" bec="0" bev="0" fileid="14" />
                <SequencePoint vc="1" uspid="1853" ordinal="0" offset="24" sl="102" sc="13" el="102" ec="13" bec="0" bev="0" fileid="14" />
                <SequencePoint vc="1" uspid="1854" ordinal="0" offset="51" sl="103" sc="13" el="103" ec="13" bec="0" bev="0" fileid="14" />
                <SequencePoint vc="1" uspid="1855" ordinal="0" offset="63" sl="104" sc="9" el="104" ec="9" bec="0" bev="0" fileid="14" />
                <SequencePoint vc="66" uspid="1856" ordinal="0" offset="64" sl="100" sc="34" el="100" ec="34" bec="0" bev="0" fileid="14" />
                <SequencePoint vc="65" uspid="1857" ordinal="0" offset="92" sl="105" sc="5" el="105" ec="5" bec="0" bev="0" fileid="14" />
              </SequencePoints>
              <BranchPoints />
            </Method>
            <Method visited="true" cyclomaticComplexity="0" nPathComplexity="0" sequenceCoverage="100.0" branchCoverage="0" crapScore="0" isConstructor="false" isStatic="false" isGetter="false" isSetter="false">
              <Summary numSequencePoints="10" visitedSequencePoints="10" numBranchPoints="0" visitedBranchPoints="0" sequenceCoverage="100.0" branchCoverage="0" maxCyclomaticComplexity="0" minCyclomaticComplexity="0" maxCrapScore="0" minCrapScore="0" visitedClasses="0" numClasses="0" visitedMethods="1" numMethods="1" />
              <MetadataToken>100663313</MetadataToken>
              <Name>System.Void InventoryManager::CreateSprite(UnityEngine.Transform, Item)</Name>
              <FileRef uid="14" />
              <SequencePoints>
                <SequencePoint vc="2" uspid="1858" ordinal="0" offset="0" sl="109" sc="5" el="109" ec="5" bec="0" bev="0" fileid="14" />
                <SequencePoint vc="2" uspid="1859" ordinal="0" offset="1" sl="110" sc="9" el="110" ec="9" bec="0" bev="0" fileid="14" />
                <SequencePoint vc="2" uspid="1860" ordinal="0" offset="13" sl="111" sc="9" el="111" ec="9" bec="0" bev="0" fileid="14" />
                <SequencePoint vc="2" uspid="1861" ordinal="0" offset="26" sl="113" sc="9" el="113" ec="9" bec="0" bev="0" fileid="14" />
                <SequencePoint vc="2" uspid="1862" ordinal="0" offset="33" sl="114" sc="9" el="114" ec="9" bec="0" bev="0" fileid="14" />
                <SequencePoint vc="2" uspid="1863" ordinal="0" offset="46" sl="125" sc="9" el="125" ec="9" bec="0" bev="0" fileid="14" />
                <SequencePoint vc="2" uspid="1864" ordinal="0" offset="53" sl="126" sc="9" el="126" ec="9" bec="0" bev="0" fileid="14" />
                <SequencePoint vc="2" uspid="1865" ordinal="0" offset="75" sl="127" sc="9" el="127" ec="9" bec="0" bev="0" fileid="14" />
                <SequencePoint vc="2" uspid="1866" ordinal="0" offset="87" sl="129" sc="9" el="129" ec="9" bec="0" bev="0" fileid="14" />
                <SequencePoint vc="2" uspid="1867" ordinal="0" offset="120" sl="130" sc="5" el="130" ec="5" bec="0" bev="0" fileid="14" />
              </SequencePoints>
              <BranchPoints />
            </Method>
            <Method visited="true" cyclomaticComplexity="0" nPathComplexity="0" sequenceCoverage="68.97" branchCoverage="0" crapScore="0" isConstructor="false" isStatic="false" isGetter="false" isSetter="false">
              <Summary numSequencePoints="29" visitedSequencePoints="20" numBranchPoints="0" visitedBranchPoints="0" sequenceCoverage="68.97" branchCoverage="0" maxCyclomaticComplexity="0" minCyclomaticComplexity="0" maxCrapScore="0" minCrapScore="0" visitedClasses="0" numClasses="0" visitedMethods="1" numMethods="1" />
              <MetadataToken>100663314</MetadataToken>
              <Name>System.Void InventoryManager::Update()</Name>
              <FileRef uid="14" />
              <SequencePoints>
                <SequencePoint vc="608" uspid="1868" ordinal="0" offset="0" sl="135" sc="5" el="135" ec="5" bec="0" bev="0" fileid="14" />
                <SequencePoint vc="608" uspid="1869" ordinal="0" offset="1" sl="136" sc="11" el="136" ec="11" bec="0" bev="0" fileid="14" />
                <SequencePoint vc="15" uspid="1870" ordinal="0" offset="17" sl="137" sc="9" el="137" ec="9" bec="0" bev="0" fileid="14" />
                <SequencePoint vc="15" uspid="1871" ordinal="0" offset="18" sl="138" sc="13" el="138" ec="13" bec="0" bev="0" fileid="14" />
                <SequencePoint vc="15" uspid="1872" ordinal="0" offset="29" sl="139" sc="9" el="139" ec="9" bec="0" bev="0" fileid="14" />
                <SequencePoint vc="608" uspid="1873" ordinal="0" offset="30" sl="142" sc="9" el="142" ec="9" bec="0" bev="0" fileid="14" />
                <SequencePoint vc="593" uspid="1874" ordinal="0" offset="58" sl="144" sc="9" el="144" ec="9" bec="0" bev="0" fileid="14" />
                <SequencePoint vc="4" uspid="1875" ordinal="0" offset="94" sl="145" sc="9" el="145" ec="9" bec="0" bev="0" fileid="14" />
                <SequencePoint vc="4" uspid="1876" ordinal="0" offset="95" sl="147" sc="13" el="147" ec="13" bec="0" bev="0" fileid="14" />
                <SequencePoint vc="4" uspid="1877" ordinal="0" offset="102" sl="148" sc="13" el="148" ec="13" bec="0" bev="0" fileid="14" />
                <SequencePoint vc="4" uspid="1878" ordinal="0" offset="129" sl="149" sc="9" el="149" ec="9" bec="0" bev="0" fileid="14" />
                <SequencePoint vc="593" uspid="1879" ordinal="0" offset="130" sl="151" sc="14" el="151" ec="14" bec="0" bev="0" fileid="14" />
                <SequencePoint vc="4744" uspid="1880" ordinal="0" offset="134" sl="152" sc="9" el="152" ec="9" bec="0" bev="0" fileid="14" />
                <SequencePoint vc="4744" uspid="1881" ordinal="0" offset="135" sl="153" sc="13" el="153" ec="13" bec="0" bev="0" fileid="14" />
                <SequencePoint vc="0" uspid="1882" ordinal="0" offset="150" sl="154" sc="13" el="154" ec="13" bec="0" bev="0" fileid="14" />
                <SequencePoint vc="0" uspid="1883" ordinal="0" offset="151" sl="155" sc="17" el="155" ec="17" bec="0" bev="0" fileid="14" />
                <SequencePoint vc="0" uspid="1884" ordinal="0" offset="160" sl="156" sc="17" el="156" ec="17" bec="0" bev="0" fileid="14" />
                <SequencePoint vc="0" uspid="1885" ordinal="0" offset="173" sl="157" sc="13" el="157" ec="13" bec="0" bev="0" fileid="14" />
                <SequencePoint vc="4744" uspid="1886" ordinal="0" offset="174" sl="158" sc="9" el="158" ec="9" bec="0" bev="0" fileid="14" />
                <SequencePoint vc="4744" uspid="1887" ordinal="0" offset="175" sl="151" sc="33" el="151" ec="33" bec="0" bev="0" fileid="14" />
                <SequencePoint vc="5337" uspid="1888" ordinal="0" offset="179" sl="151" sc="25" el="151" ec="25" bec="0" bev="0" fileid="14" />
                <SequencePoint vc="593" uspid="1889" ordinal="0" offset="192" sl="166" sc="9" el="166" ec="9" bec="0" bev="0" fileid="14" />
                <SequencePoint vc="593" uspid="1890" ordinal="0" offset="203" sl="167" sc="9" el="167" ec="9" bec="0" bev="0" fileid="14" />
                <SequencePoint vc="0" uspid="1891" ordinal="0" offset="220" sl="168" sc="9" el="168" ec="9" bec="0" bev="0" fileid="14" />
                <SequencePoint vc="0" uspid="1892" ordinal="0" offset="221" sl="169" sc="13" el="169" ec="13" bec="0" bev="0" fileid="14" />
                <SequencePoint vc="0" uspid="1893" ordinal="0" offset="260" sl="170" sc="13" el="170" ec="13" bec="0" bev="0" fileid="14" />
                <SequencePoint vc="0" uspid="1894" ordinal="0" offset="273" sl="171" sc="13" el="171" ec="13" bec="0" bev="0" fileid="14" />
                <SequencePoint vc="0" uspid="1895" ordinal="0" offset="302" sl="172" sc="9" el="172" ec="9" bec="0" bev="0" fileid="14" />
                <SequencePoint vc="593" uspid="1896" ordinal="0" offset="303" sl="173" sc="5" el="173" ec="5" bec="0" bev="0" fileid="14" />
              </SequencePoints>
              <BranchPoints />
            </Method>
            <Method visited="true" cyclomaticComplexity="0" nPathComplexity="0" sequenceCoverage="69.23" branchCoverage="0" crapScore="0" isConstructor="false" isStatic="false" isGetter="false" isSetter="false">
              <Summary numSequencePoints="26" visitedSequencePoints="18" numBranchPoints="0" visitedBranchPoints="0" sequenceCoverage="69.23" branchCoverage="0" maxCyclomaticComplexity="0" minCyclomaticComplexity="0" maxCrapScore="0" minCrapScore="0" visitedClasses="0" numClasses="0" visitedMethods="1" numMethods="1" />
              <MetadataToken>100663315</MetadataToken>
              <Name>System.Void InventoryManager::IsSelected(System.Int32)</Name>
              <FileRef uid="14" />
              <SequencePoints>
                <SequencePoint vc="1" uspid="1897" ordinal="0" offset="0" sl="177" sc="5" el="177" ec="5" bec="0" bev="0" fileid="14" />
                <SequencePoint vc="1" uspid="1898" ordinal="0" offset="1" sl="178" sc="14" el="178" ec="14" bec="0" bev="0" fileid="14" />
                <SequencePoint vc="7" uspid="1899" ordinal="0" offset="5" sl="179" sc="9" el="179" ec="9" bec="0" bev="0" fileid="14" />
                <SequencePoint vc="7" uspid="1900" ordinal="0" offset="6" sl="180" sc="16" el="180" ec="16" bec="0" bev="0" fileid="14" />
                <SequencePoint vc="7" uspid="1901" ordinal="0" offset="7" sl="181" sc="17" el="181" ec="17" bec="0" bev="0" fileid="14" />
                <SequencePoint vc="7" uspid="1902" ordinal="0" offset="25" sl="182" sc="17" el="182" ec="17" bec="0" bev="0" fileid="14" />
                <SequencePoint vc="7" uspid="1903" ordinal="0" offset="38" sl="183" sc="13" el="183" ec="13" bec="0" bev="0" fileid="14" />
                <SequencePoint vc="0" uspid="1904" ordinal="0" offset="41" sl="184" sc="13" el="184" ec="13" bec="0" bev="0" fileid="14" />
                <SequencePoint vc="0" uspid="1905" ordinal="0" offset="42" sl="184" sc="18" el="184" ec="18" bec="0" bev="0" fileid="14" />
                <SequencePoint vc="0" uspid="1906" ordinal="0" offset="43" sl="185" sc="17" el="185" ec="17" bec="0" bev="0" fileid="14" />
                <SequencePoint vc="0" uspid="1907" ordinal="0" offset="54" sl="186" sc="13" el="186" ec="13" bec="0" bev="0" fileid="14" />
                <SequencePoint vc="7" uspid="1908" ordinal="0" offset="57" sl="187" sc="9" el="187" ec="9" bec="0" bev="0" fileid="14" />
                <SequencePoint vc="7" uspid="1909" ordinal="0" offset="58" sl="178" sc="49" el="178" ec="49" bec="0" bev="0" fileid="14" />
                <SequencePoint vc="8" uspid="1910" ordinal="0" offset="62" sl="178" sc="25" el="178" ec="25" bec="0" bev="0" fileid="14" />
                <SequencePoint vc="1" uspid="1911" ordinal="0" offset="80" sl="189" sc="9" el="189" ec="9" bec="0" bev="0" fileid="14" />
                <SequencePoint vc="1" uspid="1912" ordinal="0" offset="105" sl="190" sc="9" el="190" ec="9" bec="0" bev="0" fileid="14" />
                <SequencePoint vc="1" uspid="1913" ordinal="0" offset="106" sl="191" sc="16" el="191" ec="16" bec="0" bev="0" fileid="14" />
                <SequencePoint vc="1" uspid="1914" ordinal="0" offset="107" sl="192" sc="17" el="192" ec="17" bec="0" bev="0" fileid="14" />
                <SequencePoint vc="1" uspid="1915" ordinal="0" offset="126" sl="193" sc="17" el="193" ec="17" bec="0" bev="0" fileid="14" />
                <SequencePoint vc="1" uspid="1916" ordinal="0" offset="140" sl="194" sc="13" el="194" ec="13" bec="0" bev="0" fileid="14" />
                <SequencePoint vc="0" uspid="1917" ordinal="0" offset="143" sl="195" sc="13" el="195" ec="13" bec="0" bev="0" fileid="14" />
                <SequencePoint vc="0" uspid="1918" ordinal="0" offset="144" sl="195" sc="18" el="195" ec="18" bec="0" bev="0" fileid="14" />
                <SequencePoint vc="0" uspid="1919" ordinal="0" offset="145" sl="196" sc="17" el="196" ec="17" bec="0" bev="0" fileid="14" />
                <SequencePoint vc="0" uspid="1920" ordinal="0" offset="156" sl="197" sc="13" el="197" ec="13" bec="0" bev="0" fileid="14" />
                <SequencePoint vc="1" uspid="1921" ordinal="0" offset="159" sl="198" sc="9" el="198" ec="9" bec="0" bev="0" fileid="14" />
                <SequencePoint vc="1" uspid="1922" ordinal="0" offset="160" sl="199" sc="5" el="199" ec="5" bec="0" bev="0" fileid="14" />
              </SequencePoints>
              <BranchPoints />
            </Method>
            <Method visited="true" cyclomaticComplexity="0" nPathComplexity="0" sequenceCoverage="71.43" branchCoverage="0" crapScore="0" isConstructor="false" isStatic="false" isGetter="false" isSetter="false">
              <Summary numSequencePoints="14" visitedSequencePoints="10" numBranchPoints="0" visitedBranchPoints="0" sequenceCoverage="71.43" branchCoverage="0" maxCyclomaticComplexity="0" minCyclomaticComplexity="0" maxCrapScore="0" minCrapScore="0" visitedClasses="0" numClasses="0" visitedMethods="1" numMethods="1" />
              <MetadataToken>100663316</MetadataToken>
              <Name>System.Boolean InventoryManager::AreItemsEqual(Item[], Item[])</Name>
              <FileRef uid="14" />
              <SequencePoints>
                <SequencePoint vc="589" uspid="1923" ordinal="0" offset="0" sl="203" sc="5" el="203" ec="5" bec="0" bev="0" fileid="14" />
                <SequencePoint vc="589" uspid="1924" ordinal="0" offset="1" sl="204" sc="9" el="204" ec="9" bec="0" bev="0" fileid="14" />
                <SequencePoint vc="0" uspid="1925" ordinal="0" offset="16" sl="205" sc="9" el="205" ec="9" bec="0" bev="0" fileid="14" />
                <SequencePoint vc="0" uspid="1926" ordinal="0" offset="17" sl="206" sc="13" el="206" ec="13" bec="0" bev="0" fileid="14" />
                <SequencePoint vc="589" uspid="1927" ordinal="0" offset="21" sl="209" sc="14" el="209" ec="14" bec="0" bev="0" fileid="14" />
                <SequencePoint vc="4123" uspid="1928" ordinal="0" offset="25" sl="210" sc="9" el="210" ec="9" bec="0" bev="0" fileid="14" />
                <SequencePoint vc="4123" uspid="1929" ordinal="0" offset="26" sl="211" sc="13" el="211" ec="13" bec="0" bev="0" fileid="14" />
                <SequencePoint vc="0" uspid="1930" ordinal="0" offset="51" sl="212" sc="13" el="212" ec="13" bec="0" bev="0" fileid="14" />
                <SequencePoint vc="0" uspid="1931" ordinal="0" offset="52" sl="213" sc="17" el="213" ec="17" bec="0" bev="0" fileid="14" />
                <SequencePoint vc="4123" uspid="1932" ordinal="0" offset="56" sl="215" sc="9" el="215" ec="9" bec="0" bev="0" fileid="14" />
                <SequencePoint vc="4123" uspid="1933" ordinal="0" offset="57" sl="209" sc="44" el="209" ec="44" bec="0" bev="0" fileid="14" />
                <SequencePoint vc="4712" uspid="1934" ordinal="0" offset="61" sl="209" sc="25" el="209" ec="25" bec="0" bev="0" fileid="14" />
                <SequencePoint vc="589" uspid="1935" ordinal="0" offset="73" sl="216" sc="9" el="216" ec="9" bec="0" bev="0" fileid="14" />
                <SequencePoint vc="589" uspid="1936" ordinal="0" offset="77" sl="217" sc="5" el="217" ec="5" bec="0" bev="0" fileid="14" />
              </SequencePoints>
              <BranchPoints />
            </Method>
            <Method visited="true" cyclomaticComplexity="0" nPathComplexity="0" sequenceCoverage="100.0" branchCoverage="0" crapScore="0" isConstructor="true" isStatic="false" isGetter="false" isSetter="false">
              <Summary numSequencePoints="2" visitedSequencePoints="2" numBranchPoints="0" visitedBranchPoints="0" sequenceCoverage="100.0" branchCoverage="0" maxCyclomaticComplexity="0" minCyclomaticComplexity="0" maxCrapScore="0" minCrapScore="0" visitedClasses="0" numClasses="0" visitedMethods="1" numMethods="1" />
              <MetadataToken>100663317</MetadataToken>
              <Name>InventoryManager::InventoryManager()</Name>
              <FileRef uid="14" />
              <SequencePoints>
                <SequencePoint vc="15" uspid="1937" ordinal="0" offset="0" sl="14" sc="5" el="14" ec="5" bec="0" bev="0" fileid="14" />
                <SequencePoint vc="15" uspid="1938" ordinal="0" offset="7" sl="15" sc="5" el="15" ec="5" bec="0" bev="0" fileid="14" />
              </SequencePoints>
              <BranchPoints />
            </Method>
          </Methods>
        </Class>
        <Class>
          <Summary numSequencePoints="67" visitedSequencePoints="54" numBranchPoints="0" visitedBranchPoints="0" sequenceCoverage="80.60" branchCoverage="0.0" maxCyclomaticComplexity="0" minCyclomaticComplexity="0" maxCrapScore="0" minCrapScore="0" visitedClasses="1" numClasses="1" visitedMethods="4" numMethods="4" />
          <FullName>Item</FullName>
          <Methods>
            <Method visited="true" cyclomaticComplexity="0" nPathComplexity="0" sequenceCoverage="100.0" branchCoverage="0" crapScore="0" isConstructor="false" isStatic="false" isGetter="false" isSetter="false">
              <Summary numSequencePoints="7" visitedSequencePoints="7" numBranchPoints="0" visitedBranchPoints="0" sequenceCoverage="100.0" branchCoverage="0" maxCyclomaticComplexity="0" minCyclomaticComplexity="0" maxCrapScore="0" minCrapScore="0" visitedClasses="0" numClasses="0" visitedMethods="1" numMethods="1" />
              <MetadataToken>100663318</MetadataToken>
              <Name>System.Void Item::Start()</Name>
              <FileRef uid="15" />
              <SequencePoints>
                <SequencePoint vc="4" uspid="1939" ordinal="0" offset="0" sl="32" sc="5" el="32" ec="5" bec="0" bev="0" fileid="15" />
                <SequencePoint vc="4" uspid="1940" ordinal="0" offset="1" sl="33" sc="9" el="33" ec="9" bec="0" bev="0" fileid="15" />
                <SequencePoint vc="4" uspid="1941" ordinal="0" offset="18" sl="34" sc="9" el="34" ec="9" bec="0" bev="0" fileid="15" />
                <SequencePoint vc="4" uspid="1942" ordinal="0" offset="35" sl="36" sc="9" el="36" ec="9" bec="0" bev="0" fileid="15" />
                <SequencePoint vc="4" uspid="1943" ordinal="0" offset="48" sl="37" sc="9" el="37" ec="9" bec="0" bev="0" fileid="15" />
                <SequencePoint vc="4" uspid="1944" ordinal="0" offset="69" sl="38" sc="9" el="38" ec="9" bec="0" bev="0" fileid="15" />
                <SequencePoint vc="4" uspid="1945" ordinal="0" offset="86" sl="39" sc="5" el="39" ec="5" bec="0" bev="0" fileid="15" />
              </SequencePoints>
              <BranchPoints />
            </Method>
            <Method visited="true" cyclomaticComplexity="0" nPathComplexity="0" sequenceCoverage="50.00" branchCoverage="0" crapScore="0" isConstructor="false" isStatic="false" isGetter="false" isSetter="false">
[...]
              <Name>System.Void Item::Update()</Name>
              <FileRef uid="15" />
              <SequencePoints>
                <SequencePoint vc="593" uspid="1946" ordinal="0" offset="0" sl="43" sc="5" el="43" ec="5" bec="0" bev="0" fileid="15" />
                <SequencePoint vc="593" uspid="1947" ordinal="0" offset="1" sl="44" sc="9" el="44" ec="9" bec="0" bev="0" fileid="15" />
                <SequencePoint vc="593" uspid="1948" ordinal="0" offset="29" sl="46" sc="9" el="46" ec="9" bec="0" bev="0" fileid="15" />
                <SequencePoint vc="593" uspid="1949" ordinal="0" offset="45" sl="47" sc="9" el="47" ec="9" bec="0" bev="0" fileid="15" />
                <SequencePoint vc="593" uspid="1950" ordinal="0" offset="46" sl="48" sc="13" el="48" ec="13" bec="0" bev="0" fileid="15" />
                <SequencePoint vc="593" uspid="1951" ordinal="0" offset="59" sl="49" sc="13" el="49" ec="13" bec="0" bev="0" fileid="15" />
                <SequencePoint vc="0" uspid="1952" ordinal="0" offset="70" sl="50" sc="13" el="50" ec="13" bec="0" bev="0" fileid="15" />
                <SequencePoint vc="0" uspid="1953" ordinal="0" offset="71" sl="52" sc="17" el="52" ec="17" bec="0" bev="0" fileid="15" />
                <SequencePoint vc="0" uspid="1954" ordinal="0" offset="87" sl="53" sc="17" el="53" ec="17" bec="0" bev="0" fileid="15" />
                <SequencePoint vc="0" uspid="1955" ordinal="0" offset="88" sl="54" sc="21" el="54" ec="21" bec="0" bev="0" fileid="15" />
                <SequencePoint vc="0" uspid="1956" ordinal="0" offset="106" sl="55" sc="21" el="55" ec="21" bec="0" bev="0" fileid="15" />
                <SequencePoint vc="0" uspid="1957" ordinal="0" offset="118" sl="56" sc="17" el="56" ec="17" bec="0" bev="0" fileid="15" />
                <SequencePoint vc="0" uspid="1958" ordinal="0" offset="119" sl="57" sc="17" el="57" ec="17" bec="0" bev="0" fileid="15" />
                <SequencePoint vc="0" uspid="1959" ordinal="0" offset="132" sl="58" sc="17" el="58" ec="17" bec="0" bev="0" fileid="15" />
                <SequencePoint vc="0" uspid="1960" ordinal="0" offset="143" sl="59" sc="17" el="59" ec="17" bec="0" bev="0" fileid="15" />
                <SequencePoint vc="0" uspid="1961" ordinal="0" offset="155" sl="60" sc="13" el="60" ec="13" bec="0" bev="0" fileid="15" />
                <SequencePoint vc="593" uspid="1962" ordinal="0" offset="156" sl="61" sc="9" el="61" ec="9" bec="0" bev="0" fileid="15" />
                <SequencePoint vc="0" uspid="1963" ordinal="0" offset="159" sl="63" sc="9" el="63" ec="9" bec="0" bev="0" fileid="15" />
                <SequencePoint vc="0" uspid="1964" ordinal="0" offset="160" sl="64" sc="13" el="64" ec="13" bec="0" bev="0" fileid="15" />
                <SequencePoint vc="0" uspid="1965" ordinal="0" offset="173" sl="65" sc="9" el="65" ec="9" bec="0" bev="0" fileid="15" />
                <SequencePoint vc="593" uspid="1966" ordinal="0" offset="174" sl="67" sc="9" el="67" ec="9" bec="0" bev="0" fileid="15" />
                <SequencePoint vc="593" uspid="1967" ordinal="0" offset="192" sl="68" sc="9" el="68" ec="9" bec="0" bev="0" fileid="15" />
                <SequencePoint vc="593" uspid="1968" ordinal="0" offset="193" sl="69" sc="13" el="69" ec="13" bec="0" bev="0" fileid="15" />
                <SequencePoint vc="593" uspid="1969" ordinal="0" offset="206" sl="70" sc="13" el="70" ec="13" bec="0" bev="0" fileid="15" />
                <SequencePoint vc="593" uspid="1970" ordinal="0" offset="253" sl="71" sc="9" el="71" ec="9" bec="0" bev="0" fileid="15" />
                <SequencePoint vc="593" uspid="1971" ordinal="0" offset="254" sl="72" sc="5" el="72" ec="5" bec="0" bev="0" fileid="15" />
              </SequencePoints>
              <BranchPoints />
            </Method>
            <Method visited="true" cyclomaticComplexity="0" nPathComplexity="0" sequenceCoverage="100.0" branchCoverage="0" crapScore="0" isConstructor="false" isStatic="true" isGetter="false" isSetter="false">
              <Summary numSequencePoints="30" visitedSequencePoints="30" numBranchPoints="0" visitedBranchPoints="0" sequenceCoverage="100.0" branchCoverage="0" maxCyclomaticComplexity="0" minCyclomaticComplexity="0" maxCrapScore="0" minCrapScore="0" visitedClasses="0" numClasses="0" visitedMethods="1" numMethods="1" />
              <MetadataToken>100663320</MetadataToken>
              <Name>static UnityEngine.Canvas Item::CreateCanvas(UnityEngine.GameObject)</Name>
              <FileRef uid="15" />
              <SequencePoints>
                <SequencePoint vc="9" uspid="1972" ordinal="0" offset="0" sl="75" sc="5" el="75" ec="5" bec="0" bev="0" fileid="15" />
                <SequencePoint vc="9" uspid="1973" ordinal="0" offset="1" sl="77" sc="9" el="77" ec="9" bec="0" bev="0" fileid="15" />
                <SequencePoint vc="9" uspid="1974" ordinal="0" offset="23" sl="78" sc="9" el="78" ec="9" bec="0" bev="0" fileid="15" />
                <SequencePoint vc="9" uspid="1975" ordinal="0" offset="30" sl="79" sc="9" el="79" ec="9" bec="0" bev="0" fileid="15" />
                <SequencePoint vc="9" uspid="1976" ordinal="0" offset="38" sl="81" sc="9" el="81" ec="9" bec="0" bev="0" fileid="15" />
                <SequencePoint vc="9" uspid="1977" ordinal="0" offset="45" sl="82" sc="9" el="82" ec="9" bec="0" bev="0" fileid="15" />
                <SequencePoint vc="9" uspid="1978" ordinal="0" offset="57" sl="84" sc="9" el="84" ec="9" bec="0" bev="0" fileid="15" />
                <SequencePoint vc="9" uspid="1979" ordinal="0" offset="64" sl="85" sc="9" el="85" ec="9" bec="0" bev="0" fileid="15" />
                <SequencePoint vc="9" uspid="1980" ordinal="0" offset="86" sl="86" sc="9" el="86" ec="9" bec="0" bev="0" fileid="15" />
                <SequencePoint vc="9" uspid="1981" ordinal="0" offset="113" sl="87" sc="9" el="87" ec="9" bec="0" bev="0" fileid="15" />
                <SequencePoint vc="9" uspid="1982" ordinal="0" offset="156" sl="88" sc="9" el="88" ec="9" bec="0" bev="0" fileid="15" />
                <SequencePoint vc="9" uspid="1983" ordinal="0" offset="163" sl="91" sc="9" el="91" ec="9" bec="0" bev="0" fileid="15" />
                <SequencePoint vc="9" uspid="1984" ordinal="0" offset="182" sl="94" sc="9" el="94" ec="9" bec="0" bev="0" fileid="15" />
                <SequencePoint vc="9" uspid="1985" ordinal="0" offset="194" sl="95" sc="9" el="95" ec="9" bec="0" bev="0" fileid="15" />
                <SequencePoint vc="9" uspid="1986" ordinal="0" offset="203" sl="96" sc="9" el="96" ec="9" bec="0" bev="0" fileid="15" />
                <SequencePoint vc="9" uspid="1987" ordinal="0" offset="236" sl="98" sc="9" el="98" ec="9" bec="0" bev="0" fileid="15" />
                <SequencePoint vc="9" uspid="1988" ordinal="0" offset="245" sl="99" sc="9" el="99" ec="9" bec="0" bev="0" fileid="15" />
                <SequencePoint vc="9" uspid="1989" ordinal="0" offset="268" sl="100" sc="9" el="100" ec="9" bec="0" bev="0" fileid="15" />
                <SequencePoint vc="9" uspid="1990" ordinal="0" offset="288" sl="103" sc="9" el="103" ec="9" bec="0" bev="0" fileid="15" />
                <SequencePoint vc="9" uspid="1991" ordinal="0" offset="300" sl="104" sc="9" el="104" ec="9" bec="0" bev="0" fileid="15" />
                <SequencePoint vc="9" uspid="1992" ordinal="0" offset="309" sl="105" sc="9" el="105" ec="9" bec="0" bev="0" fileid="15" />
                <SequencePoint vc="9" uspid="1993" ordinal="0" offset="322" sl="106" sc="9" el="106" ec="9" bec="0" bev="0" fileid="15" />
                <SequencePoint vc="9" uspid="1994" ordinal="0" offset="335" sl="107" sc="9" el="107" ec="9" bec="0" bev="0" fileid="15" />
                <SequencePoint vc="9" uspid="1995" ordinal="0" offset="348" sl="108" sc="9" el="108" ec="9" bec="0" bev="0" fileid="15" />
                <SequencePoint vc="9" uspid="1996" ordinal="0" offset="357" sl="109" sc="9" el="109" ec="9" bec="0" bev="0" fileid="15" />
                <SequencePoint vc="9" uspid="1997" ordinal="0" offset="370" sl="111" sc="9" el="111" ec="9" bec="0" bev="0" fileid="15" />
                <SequencePoint vc="9" uspid="1998" ordinal="0" offset="379" sl="112" sc="9" el="112" ec="9" bec="0" bev="0" fileid="15" />
                <SequencePoint vc="9" uspid="1999" ordinal="0" offset="402" sl="113" sc="9" el="113" ec="9" bec="0" bev="0" fileid="15" />
                <SequencePoint vc="9" uspid="2000" ordinal="0" offset="422" sl="115" sc="9" el="115" ec="9" bec="0" bev="0" fileid="15" />
                <SequencePoint vc="9" uspid="2001" ordinal="0" offset="427" sl="116" sc="5" el="116" ec="5" bec="0" bev="0" fileid="15" />
              </SequencePoints>
              <BranchPoints />
            </Method>
            <Method visited="true" cyclomaticComplexity="0" nPathComplexity="0" sequenceCoverage="100.0" branchCoverage="0" crapScore="0" isConstructor="true" isStatic="false" isGetter="false" isSetter="false">
              <Summary numSequencePoints="4" visitedSequencePoints="4" numBranchPoints="0" visitedBranchPoints="0" sequenceCoverage="100.0" branchCoverage="0" maxCyclomaticComplexity="0" minCyclomaticComplexity="0" maxCrapScore="0" minCrapScore="0" visitedClasses="0" numClasses="0" visitedMethods="1" numMethods="1" />
              <MetadataToken>100663322</MetadataToken>
              <Name>Item::Item()</Name>
              <FileRef uid="15" />
              <SequencePoints>
                <SequencePoint vc="140" uspid="2009" ordinal="0" offset="0" sl="14" sc="5" el="14" ec="5" bec="0" bev="0" fileid="15" />
                <SequencePoint vc="140" uspid="2010" ordinal="0" offset="11" sl="22" sc="5" el="22" ec="5" bec="0" bev="0" fileid="15" />
                <SequencePoint vc="140" uspid="2011" ordinal="0" offset="22" sl="24" sc="5" el="24" ec="5" bec="0" bev="0" fileid="15" />
                <SequencePoint vc="140" uspid="2012" ordinal="0" offset="33" sl="26" sc="5" el="26" ec="5" bec="0" bev="0" fileid="15" />
              </SequencePoints>
              <BranchPoints />
            </Method>
          </Methods>
        </Class>
        <Class>
          <Summary numSequencePoints="10" visitedSequencePoints="10" numBranchPoints="0" visitedBranchPoints="0" sequenceCoverage="100.0" branchCoverage="0.0" maxCyclomaticComplexity="0" minCyclomaticComplexity="0" maxCrapScore="0" minCrapScore="0" visitedClasses="1" numClasses="1" visitedMethods="1" numMethods="1" />
          <FullName>ItemSlot</FullName>
          <Methods>
            <Method visited="true" cyclomaticComplexity="0" nPathComplexity="0" sequenceCoverage="100.0" branchCoverage="0" crapScore="0" isConstructor="false" isStatic="false" isGetter="false" isSetter="false">
              <Summary numSequencePoints="10" visitedSequencePoints="10" numBranchPoints="0" visitedBranchPoints="0" sequenceCoverage="100.0" branchCoverage="0" maxCyclomaticComplexity="0" minCyclomaticComplexity="0" maxCrapScore="0" minCrapScore="0" visitedClasses="0" numClasses="0" visitedMethods="1" numMethods="1" />
              <MetadataToken>100663323</MetadataToken>
              <Name>System.Void ItemSlot::Start()</Name>
              <FileRef uid="16" />
              <SequencePoints>
                <SequencePoint vc="63" uspid="2013" ordinal="0" offset="0" sl="14" sc="5" el="14" ec="5" bec="0" bev="0" fileid="16" />
                <SequencePoint vc="63" uspid="2014" ordinal="0" offset="1" sl="15" sc="9" el="15" ec="9" bec="0" bev="0" fileid="16" />
                <SequencePoint vc="63" uspid="2015" ordinal="0" offset="18" sl="16" sc="9" el="16" ec="9" bec="0" bev="0" fileid="16" />
                <SequencePoint vc="63" uspid="2016" ordinal="0" offset="31" sl="19" sc="9" el="19" ec="9" bec="0" bev="0" fileid="16" />
                <SequencePoint vc="63" uspid="2017" ordinal="0" offset="42" sl="20" sc="9" el="20" ec="9" bec="0" bev="0" fileid="16" />
                <SequencePoint vc="63" uspid="2018" ordinal="0" offset="53" sl="22" sc="9" el="22" ec="9" bec="0" bev="0" fileid="16" />
                <SequencePoint vc="35" uspid="2019" ordinal="0" offset="86" sl="23" sc="9" el="23" ec="9" bec="0" bev="0" fileid="16" />
                <SequencePoint vc="35" uspid="2020" ordinal="0" offset="87" sl="24" sc="13" el="24" ec="13" bec="0" bev="0" fileid="16" />
                <SequencePoint vc="35" uspid="2021" ordinal="0" offset="98" sl="25" sc="9" el="25" ec="9" bec="0" bev="0" fileid="16" />
                <SequencePoint vc="63" uspid="2022" ordinal="0" offset="99" sl="26" sc="5" el="26" ec="5" bec="0" bev="0" fileid="16" />
              </SequencePoints>
              <BranchPoints />
            </Method>
          </Methods>
        </Class>
        <Class>
          <Summary numSequencePoints="11" visitedSequencePoints="11" numBranchPoints="0" visitedBranchPoints="0" sequenceCoverage="100.0" branchCoverage="0.0" maxCyclomaticComplexity="0" minCyclomaticComplexity="0" maxCrapScore="0" minCrapScore="0" visitedClasses="1" numClasses="1" visitedMethods="2" numMethods="2" />
          <FullName>LookAtCam</FullName>
          <Methods>
            <Method visited="true" cyclomaticComplexity="0" nPathComplexity="0" sequenceCoverage="100.0" branchCoverage="0" crapScore="0" isConstructor="false" isStatic="false" isGetter="false" isSetter="false">
              <Summary numSequencePoints="2" visitedSequencePoints="2" numBranchPoints="0" visitedBranchPoints="0" sequenceCoverage="100.0" branchCoverage="0" maxCyclomaticComplexity="0" minCyclomaticComplexity="0" maxCrapScore="0" minCrapScore="0" visitedClasses="0" numClasses="0" visitedMethods="1" numMethods="1" />
              <MetadataToken>100663328</MetadataToken>
              <Name>System.Void LookAtCam::Start()</Name>
              <FileRef uid="17" />
              <SequencePoints>
                <SequencePoint vc="9" uspid="2042" ordinal="0" offset="0" sl="9" sc="5" el="9" ec="5" bec="0" bev="0" fileid="17" />
                <SequencePoint vc="9" uspid="2043" ordinal="0" offset="1" sl="11" sc="5" el="11" ec="5" bec="0" bev="0" fileid="17" />
              </SequencePoints>
              <BranchPoints />
            </Method>
            <Method visited="true" cyclomaticComplexity="0" nPathComplexity="0" sequenceCoverage="100.0" branchCoverage="0" crapScore="0" isConstructor="false" isStatic="false" isGetter="false" isSetter="false">
              <Summary numSequencePoints="9" visitedSequencePoints="9" numBranchPoints="0" visitedBranchPoints="0" sequenceCoverage="100.0" branchCoverage="0" maxCyclomaticComplexity="0" minCyclomaticComplexity="0" maxCrapScore="0" minCrapScore="0" visitedClasses="0" numClasses="0" visitedMethods="1" numMethods="1" />
              <MetadataToken>100663329</MetadataToken>
              <Name>System.Void LookAtCam::Update()</Name>
              <FileRef uid="17" />
              <SequencePoints>
                <SequencePoint vc="1188" uspid="2044" ordinal="0" offset="0" sl="15" sc="5" el="15" ec="5" bec="0" bev="0" fileid="17" />
                <SequencePoint vc="1188" uspid="2045" ordinal="0" offset="1" sl="17" sc="9" el="17" ec="9" bec="0" bev="0" fileid="17" />
                <SequencePoint vc="1188" uspid="2046" ordinal="0" offset="2" sl="18" sc="13" el="18" ec="13" bec="0" bev="0" fileid="17" />
                <SequencePoint vc="1186" uspid="2047" ordinal="0" offset="24" sl="19" sc="9" el="19" ec="9" bec="0" bev="0" fileid="17" />
                <SequencePoint vc="2" uspid="2048" ordinal="0" offset="27" sl="20" sc="9" el="20" ec="9" bec="0" bev="0" fileid="17" />
                <SequencePoint vc="2" uspid="2049" ordinal="0" offset="28" sl="21" sc="9" el="21" ec="9" bec="0" bev="0" fileid="17" />
                <SequencePoint vc="2" uspid="2050" ordinal="0" offset="29" sl="22" sc="13" el="22" ec="13" bec="0" bev="0" fileid="17" />
                <SequencePoint vc="2" uspid="2051" ordinal="0" offset="40" sl="23" sc="9" el="23" ec="9" bec="0" bev="0" fileid="17" />
                <SequencePoint vc="1188" uspid="2052" ordinal="0" offset="43" sl="25" sc="5" el="25" ec="5" bec="0" bev="0" fileid="17" />
              </SequencePoints>
              <BranchPoints />
            </Method>
          </Methods>
        </Class>
        <Class>
          <Summary numSequencePoints="17" visitedSequencePoints="10" numBranchPoints="0" visitedBranchPoints="0" sequenceCoverage="58.82" branchCoverage="0.0" maxCyclomaticComplexity="0" minCyclomaticComplexity="0" maxCrapScore="0" minCrapScore="0" visitedClasses="1" numClasses="1" visitedMethods="1" numMethods="1" />
          <FullName>InventoryManager/&lt;WaitForToolbar&gt;d__10</FullName>
          <Methods>
            <Method visited="true" cyclomaticComplexity="0" nPathComplexity="0" sequenceCoverage="58.82" branchCoverage="0" crapScore="0" isConstructor="false" isStatic="false" isGetter="false" isSetter="false">
              <Summary numSequencePoints="17" visitedSequencePoints="10" numBranchPoints="0" visitedBranchPoints="0" sequenceCoverage="58.82" branchCoverage="0" maxCyclomaticComplexity="0" minCyclomaticComplexity="0" maxCrapScore="0" minCrapScore="0" visitedClasses="0" numClasses="0" visitedMethods="1" numMethods="1" />
              <MetadataToken>100663337</MetadataToken>
              <Name>System.Boolean InventoryManager/&lt;WaitForToolbar&gt;d__10::MoveNext()</Name>
              <FileRef uid="14" />
              <SequencePoints>
                <SequencePoint vc="4" uspid="2054" ordinal="0" offset="42" sl="26" sc="5" el="26" ec="5" bec="0" bev="0" fileid="14" />
                <SequencePoint vc="4" uspid="2055" ordinal="0" offset="43" sl="28" sc="9" el="28" ec="9" bec="0" bev="0" fileid="14" />
                <SequencePoint vc="0" uspid="2056" ordinal="0" offset="77" sl="32" sc="9" el="32" ec="9" bec="0" bev="0" fileid="14" />
                <SequencePoint vc="0" uspid="2057" ordinal="0" offset="78" sl="33" sc="13" el="33" ec="13" bec="0" bev="0" fileid="14" />
                <SequencePoint vc="0" uspid="2058" ordinal="0" offset="111" sl="34" sc="13" el="34" ec="13" bec="0" bev="0" fileid="14" />
                <SequencePoint vc="0" uspid="2059" ordinal="0" offset="134" sl="35" sc="9" el="35" ec="9" bec="0" bev="0" fileid="14" />
                <SequencePoint vc="4" uspid="2060" ordinal="0" offset="135" sl="31" sc="9" el="31" ec="9" bec="0" bev="0" fileid="14" />
                <SequencePoint vc="4" uspid="2061" ordinal="0" offset="185" sl="38" sc="9" el="38" ec="9" bec="0" bev="0" fileid="14" />
                <SequencePoint vc="4" uspid="2062" ordinal="0" offset="206" sl="39" sc="9" el="39" ec="9" bec="0" bev="0" fileid="14" />
                <SequencePoint vc="4" uspid="2063" ordinal="0" offset="207" sl="40" sc="13" el="40" ec="13" bec="0" bev="0" fileid="14" />
                <SequencePoint vc="4" uspid="2064" ordinal="0" offset="233" sl="41" sc="13" el="41" ec="13" bec="0" bev="0" fileid="14" />
                <SequencePoint vc="4" uspid="2065" ordinal="0" offset="260" sl="42" sc="13" el="42" ec="13" bec="0" bev="0" fileid="14" />
                <SequencePoint vc="4" uspid="2066" ordinal="0" offset="272" sl="43" sc="9" el="43" ec="9" bec="0" bev="0" fileid="14" />
                <SequencePoint vc="0" uspid="2067" ordinal="0" offset="275" sl="45" sc="9" el="45" ec="9" bec="0" bev="0" fileid="14" />
                <SequencePoint vc="0" uspid="2068" ordinal="0" offset="276" sl="46" sc="13" el="46" ec="13" bec="0" bev="0" fileid="14" />
                <SequencePoint vc="0" uspid="2069" ordinal="0" offset="287" sl="47" sc="9" el="47" ec="9" bec="0" bev="0" fileid="14" />
                <SequencePoint vc="4" uspid="2070" ordinal="0" offset="288" sl="51" sc="5" el="51" ec="5" bec="0" bev="0" fileid="14" />
              </SequencePoints>
              <BranchPoints />
            </Method>
          </Methods>
        </Class>
      </Classes>
    </Module>
  </Modules>
</CoverageSession>