<?xml version="1.0" encoding="utf-8"?>
<CoverageSession xmlns:xsd="http://www.w3.org/2001/XMLSchema" xmlns:xsi="http://www.w3.org/2001/XMLSchema-instance" Version="0.0.0.0">
  <Summary numSequencePoints="93" visitedSequencePoints="81" numBranchPoints="0" visitedBranchPoints="0" sequenceCoverage="87.10" branchCoverage="0.0" maxCyclomaticComplexity="0" minCyclomaticComplexity="0" maxCrapScore="0" minCrapScore="0" visitedClasses="2" numClasses="2" visitedMethods="13" numMethods="13" />
  <Modules>
    <Module>
      <Summary numSequencePoints="93" visitedSequencePoints="81" numBranchPoints="0" visitedBranchPoints="0" sequenceCoverage="87.10" branchCoverage="0.0" maxCyclomaticComplexity="0" minCyclomaticComplexity="0" maxCrapScore="0" minCrapScore="0" visitedClasses="2" numClasses="2" visitedMethods="13" numMethods="13" />
      <ModuleTime>0001-01-01T00:00:00</ModuleTime>
      <ModuleName>AssemblyTest</ModuleName>
      <Files>
        <File uid="1" fullPath="C:/Users/yahya/OneDrive/Documents/GitHub/Video-Game/Assets/Scripts/AI/AI.cs" />
        <File uid="2" fullPath="C:/Users/yahya/OneDrive/Documents/GitHub/Video-Game/Assets/Scripts/AI/GameEnvironment.cs" />
        <File uid="3" fullPath="C:/Users/yahya/OneDrive/Documents/GitHub/Video-Game/Assets/Scripts/AI/State.cs" />
        <File uid="4" fullPath="C:/Users/yahya/OneDrive/Documents/GitHub/Video-Game/Assets/Scripts/Characters/DeathSequence.cs" />
        <File uid="5" fullPath="C:/Users/yahya/OneDrive/Documents/GitHub/Video-Game/Assets/Scripts/Characters/JulieMovement.cs" />
        <File uid="6" fullPath="C:/Users/yahya/OneDrive/Documents/GitHub/Video-Game/Assets/Scripts/Characters/JulieVisionFollow.cs" />
        <File uid="7" fullPath="C:/Users/yahya/OneDrive/Documents/GitHub/Video-Game/Assets/Scripts/Characters/PlayerController.cs" />
        <File uid="8" fullPath="C:/Users/yahya/OneDrive/Documents/GitHub/Video-Game/Assets/Scripts/FadeOutEffect.cs" />
        <File uid="9" fullPath="C:/Users/yahya/OneDrive/Documents/GitHub/Video-Game/Assets/Scripts/Inventory/Inventory.cs" />
        <File uid="10" fullPath="C:/Users/yahya/OneDrive/Documents/GitHub/Video-Game/Assets/Scripts/Inventory/InventoryManager.cs" />
        <File uid="11" fullPath="C:/Users/yahya/OneDrive/Documents/GitHub/Video-Game/Assets/Scripts/Inventory/Item.cs" />
        <File uid="12" fullPath="C:/Users/yahya/OneDrive/Documents/GitHub/Video-Game/Assets/Scripts/Inventory/itemSlot.cs" />
        <File uid="13" fullPath="C:/Users/yahya/OneDrive/Documents/GitHub/Video-Game/Assets/Scripts/Inventory/LookAtCam.cs" />
        <File uid="14" fullPath="C:/Users/yahya/OneDrive/Documents/GitHub/Video-Game/Assets/Scripts/level1Convo/ShadowManConvo.cs" />
        <File uid="15" fullPath="C:/Users/yahya/OneDrive/Documents/GitHub/Video-Game/Assets/Scripts/level1Convo/VisibilityChecker.cs" />
        <File uid="16" fullPath="C:/Users/yahya/OneDrive/Documents/GitHub/Video-Game/Assets/Scripts/Menu/FadeIn.cs" />
        <File uid="17" fullPath="C:/Users/yahya/OneDrive/Documents/GitHub/Video-Game/Assets/Scripts/Menu/LoadMenuScene.cs" />
        <File uid="18" fullPath="C:/Users/yahya/OneDrive/Documents/GitHub/Video-Game/Assets/Scripts/Menu/QuitGame.cs" />
        <File uid="19" fullPath="C:/Users/yahya/OneDrive/Documents/GitHub/Video-Game/Assets/Scripts/Menu/RestartGame.cs" />
        <File uid="20" fullPath="C:/Users/yahya/OneDrive/Documents/GitHub/Video-Game/Assets/Scripts/Menu/StartGame.cs" />
        <File uid="21" fullPath="C:/Users/yahya/OneDrive/Documents/GitHub/Video-Game/Assets/Scripts/Objects/bucket.cs" />
        <File uid="22" fullPath="C:/Users/yahya/OneDrive/Documents/GitHub/Video-Game/Assets/Scripts/Objects/Clock.cs" />
        <File uid="23" fullPath="C:/Users/yahya/OneDrive/Documents/GitHub/Video-Game/Assets/Scripts/Objects/Door.cs" />
        <File uid="24" fullPath="C:/Users/yahya/OneDrive/Documents/GitHub/Video-Game/Assets/Scripts/Objects/Frame.cs" />
        <File uid="25" fullPath="C:/Users/yahya/OneDrive/Documents/GitHub/Video-Game/Assets/Scripts/Objects/GiveItems.cs" />
        <File uid="26" fullPath="C:/Users/yahya/OneDrive/Documents/GitHub/Video-Game/Assets/Scripts/Objects/Lock.cs" />
        <File uid="27" fullPath="C:/Users/yahya/OneDrive/Documents/GitHub/Video-Game/Assets/Scripts/Objects/MathisEnigme.cs" />
        <File uid="28" fullPath="C:/Users/yahya/OneDrive/Documents/GitHub/Video-Game/Assets/Scripts/Objects/PaintingScript.cs" />
        <File uid="29" fullPath="C:/Users/yahya/OneDrive/Documents/GitHub/Video-Game/Assets/Scripts/Objects/Plank.cs" />
        <File uid="30" fullPath="C:/Users/yahya/OneDrive/Documents/GitHub/Video-Game/Assets/Scripts/Objects/Stove.cs" />
        <File uid="31" fullPath="C:/Users/yahya/OneDrive/Documents/GitHub/Video-Game/Assets/Scripts/Obstacle.cs" />
        <File uid="32" fullPath="C:/Users/yahya/OneDrive/Documents/GitHub/Video-Game/Assets/Scripts/ThrowTrash.cs" />
      </Files>
      <Classes>
        <Class>
          <Summary numSequencePoints="67" visitedSequencePoints="55" numBranchPoints="0" visitedBranchPoints="0" sequenceCoverage="82.09" branchCoverage="0.0" maxCyclomaticComplexity="0" minCyclomaticComplexity="0" maxCrapScore="0" minCrapScore="0" visitedClasses="1" numClasses="1" visitedMethods="10" numMethods="10" />
          <FullName>ShadowManConvo</FullName>
          <Methods>
            <Method visited="true" cyclomaticComplexity="0" nPathComplexity="0" sequenceCoverage="100.0" branchCoverage="0" crapScore="0" isConstructor="false" isStatic="false" isGetter="false" isSetter="false">
              <Summary numSequencePoints="3" visitedSequencePoints="3" numBranchPoints="0" visitedBranchPoints="0" sequenceCoverage="100.0" branchCoverage="0" maxCyclomaticComplexity="0" minCyclomaticComplexity="0" maxCrapScore="0" minCrapScore="0" visitedClasses="0" numClasses="0" visitedMethods="1" numMethods="1" />
              <MetadataToken>100663386</MetadataToken>
              <Name>System.Void ShadowManConvo::Start()</Name>
              <FileRef uid="14" />
              <SequencePoints>
                <SequencePoint vc="3" uspid="2355" ordinal="0" offset="0" sl="27" sc="5" el="27" ec="5" bec="0" bev="0" fileid="14" />
                <SequencePoint vc="3" uspid="2356" ordinal="0" offset="1" sl="28" sc="9" el="28" ec="9" bec="0" bev="0" fileid="14" />
                <SequencePoint vc="3" uspid="2357" ordinal="0" offset="8" sl="29" sc="5" el="29" ec="5" bec="0" bev="0" fileid="14" />
              </SequencePoints>
              <BranchPoints />
            </Method>
            <Method visited="true" cyclomaticComplexity="0" nPathComplexity="0" sequenceCoverage="100.0" branchCoverage="0" crapScore="0" isConstructor="false" isStatic="false" isGetter="false" isSetter="false">
              <Summary numSequencePoints="3" visitedSequencePoints="3" numBranchPoints="0" visitedBranchPoints="0" sequenceCoverage="100.0" branchCoverage="0" maxCyclomaticComplexity="0" minCyclomaticComplexity="0" maxCrapScore="0" minCrapScore="0" visitedClasses="0" numClasses="0" visitedMethods="1" numMethods="1" />
              <MetadataToken>100663387</MetadataToken>
              <Name>System.Void ShadowManConvo::FixedUpdate()</Name>
              <FileRef uid="14" />
              <SequencePoints>
                <SequencePoint vc="91" uspid="2358" ordinal="0" offset="0" sl="32" sc="5" el="32" ec="5" bec="0" bev="0" fileid="14" />
                <SequencePoint vc="91" uspid="2359" ordinal="0" offset="1" sl="33" sc="9" el="33" ec="9" bec="0" bev="0" fileid="14" />
                <SequencePoint vc="91" uspid="2360" ordinal="0" offset="8" sl="34" sc="5" el="34" ec="5" bec="0" bev="0" fileid="14" />
              </SequencePoints>
              <BranchPoints />
            </Method>
            <Method visited="true" cyclomaticComplexity="0" nPathComplexity="0" sequenceCoverage="100.0" branchCoverage="0" crapScore="0" isConstructor="false" isStatic="false" isGetter="false" isSetter="false">
              <Summary numSequencePoints="3" visitedSequencePoints="3" numBranchPoints="0" visitedBranchPoints="0" sequenceCoverage="100.0" branchCoverage="0" maxCyclomaticComplexity="0" minCyclomaticComplexity="0" maxCrapScore="0" minCrapScore="0" visitedClasses="0" numClasses="0" visitedMethods="1" numMethods="1" />
              <MetadataToken>100663388</MetadataToken>
              <Name>System.Void ShadowManConvo::Update()</Name>
              <FileRef uid="14" />
              <SequencePoints>
                <SequencePoint vc="27" uspid="2361" ordinal="0" offset="0" sl="36" sc="18" el="36" ec="18" bec="0" bev="0" fileid="14" />
                <SequencePoint vc="27" uspid="2362" ordinal="0" offset="1" sl="37" sc="9" el="37" ec="9" bec="0" bev="0" fileid="14" />
                <SequencePoint vc="27" uspid="2363" ordinal="0" offset="8" sl="38" sc="5" el="38" ec="5" bec="0" bev="0" fileid="14" />
              </SequencePoints>
              <BranchPoints />
            </Method>
            <Method visited="true" cyclomaticComplexity="0" nPathComplexity="0" sequenceCoverage="25.00" branchCoverage="0" crapScore="0" isConstructor="false" isStatic="false" isGetter="false" isSetter="false">
              <Summary numSequencePoints="16" visitedSequencePoints="4" numBranchPoints="0" visitedBranchPoints="0" sequenceCoverage="25.00" branchCoverage="0" maxCyclomaticComplexity="0" minCyclomaticComplexity="0" maxCrapScore="0" minCrapScore="0" visitedClasses="0" numClasses="0" visitedMethods="1" numMethods="1" />
              <MetadataToken>100663389</MetadataToken>
              <Name>System.Void ShadowManConvo::controlConversation()</Name>
              <FileRef uid="14" />
              <SequencePoints>
                <SequencePoint vc="27" uspid="2364" ordinal="0" offset="0" sl="40" sc="38" el="40" ec="38" bec="0" bev="0" fileid="14" />
                <SequencePoint vc="27" uspid="2365" ordinal="0" offset="1" sl="41" sc="9" el="41" ec="9" bec="0" bev="0" fileid="14" />
                <SequencePoint vc="0" uspid="2366" ordinal="0" offset="23" sl="41" sc="56" el="41" ec="56" bec="0" bev="0" fileid="14" />
                <SequencePoint vc="0" uspid="2367" ordinal="0" offset="24" sl="42" sc="13" el="42" ec="13" bec="0" bev="0" fileid="14" />
                <SequencePoint vc="0" uspid="2368" ordinal="0" offset="30" sl="43" sc="13" el="43" ec="13" bec="0" bev="0" fileid="14" />
                <SequencePoint vc="0" uspid="2369" ordinal="0" offset="43" sl="44" sc="13" el="44" ec="13" bec="0" bev="0" fileid="14" />
                <SequencePoint vc="0" uspid="2370" ordinal="0" offset="50" sl="45" sc="9" el="45" ec="9" bec="0" bev="0" fileid="14" />
                <SequencePoint vc="27" uspid="2371" ordinal="0" offset="51" sl="47" sc="9" el="47" ec="9" bec="0" bev="0" fileid="14" />
                <SequencePoint vc="0" uspid="2372" ordinal="0" offset="72" sl="47" sc="58" el="47" ec="58" bec="0" bev="0" fileid="14" />
                <SequencePoint vc="0" uspid="2373" ordinal="0" offset="73" sl="48" sc="13" el="48" ec="13" bec="0" bev="0" fileid="14" />
                <SequencePoint vc="0" uspid="2374" ordinal="0" offset="80" sl="49" sc="13" el="49" ec="13" bec="0" bev="0" fileid="14" />
                <SequencePoint vc="0" uspid="2375" ordinal="0" offset="89" sl="49" sc="32" el="49" ec="32" bec="0" bev="0" fileid="14" />
                <SequencePoint vc="0" uspid="2376" ordinal="0" offset="90" sl="50" sc="17" el="50" ec="17" bec="0" bev="0" fileid="14" />
                <SequencePoint vc="0" uspid="2377" ordinal="0" offset="103" sl="51" sc="13" el="51" ec="13" bec="0" bev="0" fileid="14" />
                <SequencePoint vc="0" uspid="2378" ordinal="0" offset="104" sl="52" sc="9" el="52" ec="9" bec="0" bev="0" fileid="14" />
                <SequencePoint vc="27" uspid="2379" ordinal="0" offset="105" sl="53" sc="5" el="53" ec="5" bec="0" bev="0" fileid="14" />
              </SequencePoints>
              <BranchPoints />
            </Method>
            <Method visited="true" cyclomaticComplexity="0" nPathComplexity="0" sequenceCoverage="100.0" branchCoverage="0" crapScore="0" isConstructor="false" isStatic="false" isGetter="false" isSetter="false">
              <Summary numSequencePoints="21" visitedSequencePoints="21" numBranchPoints="0" visitedBranchPoints="0" sequenceCoverage="100.0" branchCoverage="0" maxCyclomaticComplexity="0" minCyclomaticComplexity="0" maxCrapScore="0" minCrapScore="0" visitedClasses="0" numClasses="0" visitedMethods="1" numMethods="1" />
              <MetadataToken>100663390</MetadataToken>
              <Name>System.Void ShadowManConvo::showNextMessage()</Name>
              <FileRef uid="14" />
              <SequencePoints>
                <SequencePoint vc="3" uspid="2380" ordinal="0" offset="0" sl="56" sc="5" el="56" ec="5" bec="0" bev="0" fileid="14" />
                <SequencePoint vc="3" uspid="2381" ordinal="0" offset="1" sl="57" sc="9" el="57" ec="9" bec="0" bev="0" fileid="14" />
                <SequencePoint vc="3" uspid="2382" ordinal="0" offset="18" sl="58" sc="9" el="58" ec="9" bec="0" bev="0" fileid="14" />
                <SequencePoint vc="3" uspid="2383" ordinal="0" offset="35" sl="60" sc="9" el="60" ec="9" bec="0" bev="0" fileid="14" />
                <SequencePoint vc="1" uspid="2384" ordinal="0" offset="69" sl="60" sc="74" el="60" ec="74" bec="0" bev="0" fileid="14" />
                <SequencePoint vc="1" uspid="2385" ordinal="0" offset="70" sl="61" sc="13" el="61" ec="13" bec="0" bev="0" fileid="14" />
                <SequencePoint vc="1" uspid="2386" ordinal="0" offset="99" sl="62" sc="13" el="62" ec="13" bec="0" bev="0" fileid="14" />
                <SequencePoint vc="1" uspid="2387" ordinal="0" offset="113" sl="63" sc="13" el="63" ec="13" bec="0" bev="0" fileid="14" />
                <SequencePoint vc="1" uspid="2388" ordinal="0" offset="120" sl="64" sc="9" el="64" ec="9" bec="0" bev="0" fileid="14" />
                <SequencePoint vc="2" uspid="2389" ordinal="0" offset="123" sl="65" sc="14" el="65" ec="14" bec="0" bev="0" fileid="14" />
                <SequencePoint vc="1" uspid="2390" ordinal="0" offset="157" sl="65" sc="82" el="65" ec="82" bec="0" bev="0" fileid="14" />
                <SequencePoint vc="1" uspid="2391" ordinal="0" offset="158" sl="66" sc="13" el="66" ec="13" bec="0" bev="0" fileid="14" />
                <SequencePoint vc="1" uspid="2392" ordinal="0" offset="187" sl="67" sc="13" el="67" ec="13" bec="0" bev="0" fileid="14" />
                <SequencePoint vc="1" uspid="2393" ordinal="0" offset="201" sl="68" sc="13" el="68" ec="13" bec="0" bev="0" fileid="14" />
                <SequencePoint vc="1" uspid="2394" ordinal="0" offset="208" sl="69" sc="9" el="69" ec="9" bec="0" bev="0" fileid="14" />
                <SequencePoint vc="3" uspid="2395" ordinal="0" offset="209" sl="71" sc="9" el="71" ec="9" bec="0" bev="0" fileid="14" />
                <SequencePoint vc="1" uspid="2396" ordinal="0" offset="254" sl="71" sc="109" el="71" ec="109" bec="0" bev="0" fileid="14" />
                <SequencePoint vc="1" uspid="2397" ordinal="0" offset="255" sl="72" sc="13" el="72" ec="13" bec="0" bev="0" fileid="14" />
                <SequencePoint vc="1" uspid="2398" ordinal="0" offset="261" sl="73" sc="13" el="73" ec="13" bec="0" bev="0" fileid="14" />
                <SequencePoint vc="1" uspid="2399" ordinal="0" offset="268" sl="74" sc="9" el="74" ec="9" bec="0" bev="0" fileid="14" />
                <SequencePoint vc="3" uspid="2400" ordinal="0" offset="269" sl="75" sc="5" el="75" ec="5" bec="0" bev="0" fileid="14" />
              </SequencePoints>
              <BranchPoints />
            </Method>
            <Method visited="true" cyclomaticComplexity="0" nPathComplexity="0" sequenceCoverage="100.0" branchCoverage="0" crapScore="0" isConstructor="false" isStatic="false" isGetter="false" isSetter="false">
              <Summary numSequencePoints="5" visitedSequencePoints="5" numBranchPoints="0" visitedBranchPoints="0" sequenceCoverage="100.0" branchCoverage="0" maxCyclomaticComplexity="0" minCyclomaticComplexity="0" maxCrapScore="0" minCrapScore="0" visitedClasses="0" numClasses="0" visitedMethods="1" numMethods="1" />
              <MetadataToken>100663391</MetadataToken>
              <Name>System.Void ShadowManConvo::disablePlayerMovement()</Name>
              <FileRef uid="14" />
              <SequencePoints>
                <SequencePoint vc="1" uspid="2401" ordinal="0" offset="0" sl="76" sc="40" el="76" ec="40" bec="0" bev="0" fileid="14" />
                <SequencePoint vc="1" uspid="2402" ordinal="0" offset="1" sl="78" sc="9" el="78" ec="9" bec="0" bev="0" fileid="14" />
                <SequencePoint vc="1" uspid="2403" ordinal="0" offset="19" sl="79" sc="9" el="79" ec="9" bec="0" bev="0" fileid="14" />
                <SequencePoint vc="1" uspid="2404" ordinal="0" offset="52" sl="80" sc="9" el="80" ec="9" bec="0" bev="0" fileid="14" />
                <SequencePoint vc="1" uspid="2405" ordinal="0" offset="75" sl="81" sc="5" el="81" ec="5" bec="0" bev="0" fileid="14" />
              </SequencePoints>
              <BranchPoints />
            </Method>
            <Method visited="true" cyclomaticComplexity="0" nPathComplexity="0" sequenceCoverage="100.0" branchCoverage="0" crapScore="0" isConstructor="false" isStatic="false" isGetter="false" isSetter="false">
              <Summary numSequencePoints="3" visitedSequencePoints="3" numBranchPoints="0" visitedBranchPoints="0" sequenceCoverage="100.0" branchCoverage="0" maxCyclomaticComplexity="0" minCyclomaticComplexity="0" maxCrapScore="0" minCrapScore="0" visitedClasses="0" numClasses="0" visitedMethods="1" numMethods="1" />
              <MetadataToken>100663392</MetadataToken>
              <Name>System.Void ShadowManConvo::enablePlayerMovement()</Name>
              <FileRef uid="14" />
              <SequencePoints>
                <SequencePoint vc="1" uspid="2406" ordinal="0" offset="0" sl="83" sc="39" el="83" ec="39" bec="0" bev="0" fileid="14" />
                <SequencePoint vc="1" uspid="2407" ordinal="0" offset="1" sl="85" sc="9" el="85" ec="9" bec="0" bev="0" fileid="14" />
                <SequencePoint vc="1" uspid="2408" ordinal="0" offset="19" sl="86" sc="5" el="86" ec="5" bec="0" bev="0" fileid="14" />
              </SequencePoints>
              <BranchPoints />
            </Method>
            <Method visited="true" cyclomaticComplexity="0" nPathComplexity="0" sequenceCoverage="100.0" branchCoverage="0" crapScore="0" isConstructor="false" isStatic="false" isGetter="false" isSetter="false">
              <Summary numSequencePoints="6" visitedSequencePoints="6" numBranchPoints="0" visitedBranchPoints="0" sequenceCoverage="100.0" branchCoverage="0" maxCyclomaticComplexity="0" minCyclomaticComplexity="0" maxCrapScore="0" minCrapScore="0" visitedClasses="0" numClasses="0" visitedMethods="1" numMethods="1" />
              <MetadataToken>100663393</MetadataToken>
              <Name>System.Void ShadowManConvo::showFToTalkText()</Name>
              <FileRef uid="14" />
              <SequencePoints>
                <SequencePoint vc="91" uspid="2409" ordinal="0" offset="0" sl="88" sc="34" el="88" ec="34" bec="0" bev="0" fileid="14" />
                <SequencePoint vc="91" uspid="2410" ordinal="0" offset="1" sl="89" sc="9" el="89" ec="9" bec="0" bev="0" fileid="14" />
                <SequencePoint vc="91" uspid="2411" ordinal="0" offset="34" sl="90" sc="9" el="90" ec="9" bec="0" bev="0" fileid="14" />
                <SequencePoint vc="91" uspid="2412" ordinal="0" offset="83" sl="91" sc="9" el="91" ec="9" bec="0" bev="0" fileid="14" />
                <SequencePoint vc="91" uspid="2413" ordinal="0" offset="115" sl="93" sc="9" el="93" ec="9" bec="0" bev="0" fileid="14" />
                <SequencePoint vc="91" uspid="2414" ordinal="0" offset="138" sl="94" sc="5" el="94" ec="5" bec="0" bev="0" fileid="14" />
              </SequencePoints>
              <BranchPoints />
            </Method>
            <Method visited="true" cyclomaticComplexity="0" nPathComplexity="0" sequenceCoverage="100.0" branchCoverage="0" crapScore="0" isConstructor="false" isStatic="false" isGetter="false" isSetter="false">
              <Summary numSequencePoints="4" visitedSequencePoints="4" numBranchPoints="0" visitedBranchPoints="0" sequenceCoverage="100.0" branchCoverage="0" maxCyclomaticComplexity="0" minCyclomaticComplexity="0" maxCrapScore="0" minCrapScore="0" visitedClasses="0" numClasses="0" visitedMethods="1" numMethods="1" />
              <MetadataToken>100663394</MetadataToken>
              <Name>System.Void ShadowManConvo::initializeMessages()</Name>
              <FileRef uid="14" />
              <SequencePoints>
                <SequencePoint vc="5" uspid="2415" ordinal="0" offset="0" sl="96" sc="37" el="96" ec="37" bec="0" bev="0" fileid="14" />
                <SequencePoint vc="5" uspid="2416" ordinal="0" offset="1" sl="97" sc="9" el="97" ec="9" bec="0" bev="0" fileid="14" />
                <SequencePoint vc="5" uspid="2417" ordinal="0" offset="132" sl="111" sc="9" el="111" ec="9" bec="0" bev="0" fileid="14" />
                <SequencePoint vc="5" uspid="2418" ordinal="0" offset="263" sl="124" sc="5" el="124" ec="5" bec="0" bev="0" fileid="14" />
              </SequencePoints>
              <BranchPoints />
            </Method>
            <Method visited="true" cyclomaticComplexity="0" nPathComplexity="0" sequenceCoverage="100.0" branchCoverage="0" crapScore="0" isConstructor="true" isStatic="false" isGetter="false" isSetter="false">
              <Summary numSequencePoints="3" visitedSequencePoints="3" numBranchPoints="0" visitedBranchPoints="0" sequenceCoverage="100.0" branchCoverage="0" maxCyclomaticComplexity="0" minCyclomaticComplexity="0" maxCrapScore="0" minCrapScore="0" visitedClasses="0" numClasses="0" visitedMethods="1" numMethods="1" />
              <MetadataToken>100663395</MetadataToken>
              <Name>ShadowManConvo::ShadowManConvo()</Name>
              <FileRef uid="14" />
              <SequencePoints>
                <SequencePoint vc="3" uspid="2419" ordinal="0" offset="0" sl="17" sc="5" el="17" ec="5" bec="0" bev="0" fileid="14" />
                <SequencePoint vc="3" uspid="2420" ordinal="0" offset="7" sl="18" sc="5" el="18" ec="5" bec="0" bev="0" fileid="14" />
                <SequencePoint vc="3" uspid="2421" ordinal="0" offset="14" sl="19" sc="5" el="19" ec="5" bec="0" bev="0" fileid="14" />
              </SequencePoints>
              <BranchPoints />
            </Method>
          </Methods>
        </Class>
        <Class>
          <Summary numSequencePoints="26" visitedSequencePoints="26" numBranchPoints="0" visitedBranchPoints="0" sequenceCoverage="100.0" branchCoverage="0.0" maxCyclomaticComplexity="0" minCyclomaticComplexity="0" maxCrapScore="0" minCrapScore="0" visitedClasses="1" numClasses="1" visitedMethods="3" numMethods="3" />
          <FullName>VisibilityChecker</FullName>
          <Methods>
            <Method visited="true" cyclomaticComplexity="0" nPathComplexity="0" sequenceCoverage="100.0" branchCoverage="0" crapScore="0" isConstructor="false" isStatic="false" isGetter="false" isSetter="false">
              <Summary numSequencePoints="2" visitedSequencePoints="2" numBranchPoints="0" visitedBranchPoints="0" sequenceCoverage="100.0" branchCoverage="0" maxCyclomaticComplexity="0" minCyclomaticComplexity="0" maxCrapScore="0" minCrapScore="0" visitedClasses="0" numClasses="0" visitedMethods="1" numMethods="1" />
              <MetadataToken>100663396</MetadataToken>
              <Name>System.Void VisibilityChecker::Start()</Name>
              <FileRef uid="15" />
              <SequencePoints>
                <SequencePoint vc="2" uspid="2422" ordinal="0" offset="0" sl="9" sc="5" el="9" ec="5" bec="0" bev="0" fileid="15" />
                <SequencePoint vc="2" uspid="2423" ordinal="0" offset="1" sl="10" sc="5" el="10" ec="5" bec="0" bev="0" fileid="15" />
              </SequencePoints>
              <BranchPoints />
            </Method>
            <Method visited="true" cyclomaticComplexity="0" nPathComplexity="0" sequenceCoverage="100.0" branchCoverage="0" crapScore="0" isConstructor="false" isStatic="false" isGetter="false" isSetter="false">
              <Summary numSequencePoints="3" visitedSequencePoints="3" numBranchPoints="0" visitedBranchPoints="0" sequenceCoverage="100.0" branchCoverage="0" maxCyclomaticComplexity="0" minCyclomaticComplexity="0" maxCrapScore="0" minCrapScore="0" visitedClasses="0" numClasses="0" visitedMethods="1" numMethods="1" />
              <MetadataToken>100663397</MetadataToken>
              <Name>System.Void VisibilityChecker::Update()</Name>
              <FileRef uid="15" />
              <SequencePoints>
                <SequencePoint vc="6" uspid="2424" ordinal="0" offset="0" sl="13" sc="5" el="13" ec="5" bec="0" bev="0" fileid="15" />
                <SequencePoint vc="6" uspid="2425" ordinal="0" offset="1" sl="14" sc="9" el="14" ec="9" bec="0" bev="0" fileid="15" />
                <SequencePoint vc="6" uspid="2426" ordinal="0" offset="8" sl="15" sc="5" el="15" ec="5" bec="0" bev="0" fileid="15" />
              </SequencePoints>
              <BranchPoints />
            </Method>
            <Method visited="true" cyclomaticComplexity="0" nPathComplexity="0" sequenceCoverage="100.0" branchCoverage="0" crapScore="0" isConstructor="false" isStatic="false" isGetter="false" isSetter="false">
              <Summary numSequencePoints="21" visitedSequencePoints="21" numBranchPoints="0" visitedBranchPoints="0" sequenceCoverage="100.0" branchCoverage="0" maxCyclomaticComplexity="0" minCyclomaticComplexity="0" maxCrapScore="0" minCrapScore="0" visitedClasses="0" numClasses="0" visitedMethods="1" numMethods="1" />
              <MetadataToken>100663398</MetadataToken>
              <Name>System.Void VisibilityChecker::CheckVisibility()</Name>
              <FileRef uid="15" />
              <SequencePoints>
                <SequencePoint vc="8" uspid="2427" ordinal="0" offset="0" sl="17" sc="34" el="17" ec="34" bec="0" bev="0" fileid="15" />
                <SequencePoint vc="8" uspid="2428" ordinal="0" offset="1" sl="18" sc="9" el="18" ec="9" bec="0" bev="0" fileid="15" />
                <SequencePoint vc="5" uspid="2429" ordinal="0" offset="17" sl="18" sc="49" el="18" ec="49" bec="0" bev="0" fileid="15" />
                <SequencePoint vc="3" uspid="2430" ordinal="0" offset="22" sl="20" sc="9" el="20" ec="9" bec="0" bev="0" fileid="15" />
                <SequencePoint vc="3" uspid="2431" ordinal="0" offset="49" sl="21" sc="9" el="21" ec="9" bec="0" bev="0" fileid="15" />
                <SequencePoint vc="3" uspid="2432" ordinal="0" offset="81" sl="23" sc="9" el="23" ec="9" bec="0" bev="0" fileid="15" />
                <SequencePoint vc="3" uspid="2433" ordinal="0" offset="131" sl="24" sc="9" el="24" ec="9" bec="0" bev="0" fileid="15" />
                <SequencePoint vc="3" uspid="2434" ordinal="0" offset="154" sl="26" sc="9" el="26" ec="9" bec="0" bev="0" fileid="15" />
                <SequencePoint vc="3" uspid="2435" ordinal="0" offset="204" sl="27" sc="9" el="27" ec="9" bec="0" bev="0" fileid="15" />
                <SequencePoint vc="3" uspid="2436" ordinal="0" offset="227" sl="29" sc="9" el="29" ec="9" bec="0" bev="0" fileid="15" />
                <SequencePoint vc="3" uspid="2437" ordinal="0" offset="259" sl="30" sc="9" el="30" ec="9" bec="0" bev="0" fileid="15" />
                <SequencePoint vc="3" uspid="2438" ordinal="0" offset="260" sl="31" sc="13" el="31" ec="13" bec="0" bev="0" fileid="15" />
                <SequencePoint vc="1" uspid="2439" ordinal="0" offset="282" sl="32" sc="13" el="32" ec="13" bec="0" bev="0" fileid="15" />
                <SequencePoint vc="1" uspid="2440" ordinal="0" offset="283" sl="33" sc="17" el="33" ec="17" bec="0" bev="0" fileid="15" />
                <SequencePoint vc="1" uspid="2441" ordinal="0" offset="295" sl="34" sc="13" el="34" ec="13" bec="0" bev="0" fileid="15" />
                <SequencePoint vc="2" uspid="2442" ordinal="0" offset="298" sl="35" sc="18" el="35" ec="18" bec="0" bev="0" fileid="15" />
                <SequencePoint vc="2" uspid="2443" ordinal="0" offset="320" sl="36" sc="13" el="36" ec="13" bec="0" bev="0" fileid="15" />
                <SequencePoint vc="2" uspid="2444" ordinal="0" offset="321" sl="37" sc="17" el="37" ec="17" bec="0" bev="0" fileid="15" />
                <SequencePoint vc="2" uspid="2445" ordinal="0" offset="334" sl="38" sc="13" el="38" ec="13" bec="0" bev="0" fileid="15" />
                <SequencePoint vc="3" uspid="2446" ordinal="0" offset="335" sl="39" sc="9" el="39" ec="9" bec="0" bev="0" fileid="15" />
                <SequencePoint vc="8" uspid="2447" ordinal="0" offset="336" sl="40" sc="5" el="40" ec="5" bec="0" bev="0" fileid="15" />
              </SequencePoints>
              <BranchPoints />
            </Method>
          </Methods>
        </Class>
      </Classes>
    </Module>
  </Modules>
</CoverageSession>